# JRE version: OpenJDK Runtime Environment (8.0_212-b04) (build 1.8.0_212-b04)
# Java VM: OpenJDK 64-Bit Server VM (25.212-b04 mixed mode linux-amd64 compressed oops)
Heap:
 PSYoungGen      total 2523136K, used 0K [0x0000000718c00000, 0x00000007bfc80000, 0x00000007c0000000)
  eden space 2317824K, 0% used [0x0000000718c00000,0x0000000718c00000,0x00000007a6380000)
  from space 205312K, 0% used [0x00000007a6380000,0x00000007a6380000,0x00000007b2c00000)
  to   space 202752K, 0% used [0x00000007b3680000,0x00000007b3680000,0x00000007bfc80000)
 ParOldGen       total 3942912K, used 3913581K [0x00000005ca400000, 0x00000006bae80000, 0x0000000718c00000)
  object space 3942912K, 99% used [0x00000005ca400000,0x00000006b91db6a0,0x00000006bae80000)
 Metaspace       used 20167K, capacity 20432K, committed 20736K, reserved 1067008K
  class space    used 2108K, capacity 2180K, committed 2304K, reserved 1048576K
GC Heap History (250 events):
Event: 163.605 GC heap after
Heap after GC invocations=63 (full 10):
 PSYoungGen      total 1830912K, used 97536K [0x0000000718c00000, 0x00000007bcf80000, 0x00000007c0000000)
  eden space 1025024K, 0% used [0x0000000718c00000,0x0000000718c00000,0x0000000757500000)
  from space 805888K, 12% used [0x0000000757500000,0x000000075d440000,0x0000000788800000)
  to   space 790528K, 0% used [0x000000078cb80000,0x000000078cb80000,0x00000007bcf80000)
 ParOldGen       total 2621440K, used 2434849K [0x00000005ca400000, 0x000000066a400000, 0x0000000718c00000)
  object space 2621440K, 92% used [0x00000005ca400000,0x000000065edc87c8,0x000000066a400000)
 Metaspace       used 19588K, capacity 19902K, committed 20096K, reserved 1067008K
  class space    used 2089K, capacity 2157K, committed 2176K, reserved 1048576K
}
Event: 163.605 GC heap before
{Heap before GC invocations=64 (full 11):
 PSYoungGen      total 1830912K, used 97536K [0x0000000718c00000, 0x00000007bcf80000, 0x00000007c0000000)
  eden space 1025024K, 0% used [0x0000000718c00000,0x0000000718c00000,0x0000000757500000)
  from space 805888K, 12% used [0x0000000757500000,0x000000075d440000,0x0000000788800000)
  to   space 790528K, 0% used [0x000000078cb80000,0x000000078cb80000,0x00000007bcf80000)
 ParOldGen       total 2621440K, used 2434849K [0x00000005ca400000, 0x000000066a400000, 0x0000000718c00000)
  object space 2621440K, 92% used [0x00000005ca400000,0x000000065edc87c8,0x000000066a400000)
 Metaspace       used 19588K, capacity 19902K, committed 20096K, reserved 1067008K
  class space    used 2089K, capacity 2157K, committed 2176K, reserved 1048576K
Event: 165.410 GC heap after
Heap after GC invocations=64 (full 11):
 PSYoungGen      total 1830912K, used 0K [0x0000000718c00000, 0x00000007bcf80000, 0x00000007c0000000)
  eden space 1025024K, 0% used [0x0000000718c00000,0x0000000718c00000,0x0000000757500000)
  from space 805888K, 0% used [0x0000000757500000,0x0000000757500000,0x0000000788800000)
  to   space 790528K, 0% used [0x000000078cb80000,0x000000078cb80000,0x00000007bcf80000)
 ParOldGen       total 3122176K, used 2529528K [0x00000005ca400000, 0x0000000688d00000, 0x0000000718c00000)
  object space 3122176K, 81% used [0x00000005ca400000,0x0000000664a3e020,0x0000000688d00000)
 Metaspace       used 19588K, capacity 19902K, committed 20096K, reserved 1067008K
  class space    used 2089K, capacity 2157K, committed 2176K, reserved 1048576K
}
Event: 166.662 GC heap before
{Heap before GC invocations=65 (full 11):
 PSYoungGen      total 1830912K, used 1025024K [0x0000000718c00000, 0x00000007bcf80000, 0x00000007c0000000)
  eden space 1025024K, 100% used [0x0000000718c00000,0x0000000757500000,0x0000000757500000)
  from space 805888K, 0% used [0x0000000757500000,0x0000000757500000,0x0000000788800000)
  to   space 790528K, 0% used [0x000000078cb80000,0x000000078cb80000,0x00000007bcf80000)
 ParOldGen       total 3122176K, used 2529528K [0x00000005ca400000, 0x0000000688d00000, 0x0000000718c00000)
  object space 3122176K, 81% used [0x00000005ca400000,0x0000000664a3e020,0x0000000688d00000)
 Metaspace       used 19588K, capacity 19902K, committed 20096K, reserved 1067008K
  class space    used 2089K, capacity 2157K, committed 2176K, reserved 1048576K
Event: 166.686 GC heap after
Heap after GC invocations=65 (full 11):
 PSYoungGen      total 1901568K, used 51104K [0x0000000718c00000, 0x00000007bc580000, 0x00000007c0000000)
  eden space 1121280K, 0% used [0x0000000718c00000,0x0000000718c00000,0x000000075d300000)
  from space 780288K, 6% used [0x000000078cb80000,0x000000078fd68000,0x00000007bc580000)
  to   space 778752K, 0% used [0x000000075d300000,0x000000075d300000,0x000000078cb80000)
 ParOldGen       total 3122176K, used 2529528K [0x00000005ca400000, 0x0000000688d00000, 0x0000000718c00000)
  object space 3122176K, 81% used [0x00000005ca400000,0x0000000664a3e020,0x0000000688d00000)
 Metaspace       used 19588K, capacity 19902K, committed 20096K, reserved 1067008K
  class space    used 2089K, capacity 2157K, committed 2176K, reserved 1048576K
}
Event: 168.073 GC heap before
{Heap before GC invocations=66 (full 11):
 PSYoungGen      total 1901568K, used 1172384K [0x0000000718c00000, 0x00000007bc580000, 0x00000007c0000000)
  eden space 1121280K, 100% used [0x0000000718c00000,0x000000075d300000,0x000000075d300000)
  from space 780288K, 6% used [0x000000078cb80000,0x000000078fd68000,0x00000007bc580000)
  to   space 778752K, 0% used [0x000000075d300000,0x000000075d300000,0x000000078cb80000)
 ParOldGen       total 3122176K, used 2529528K [0x00000005ca400000, 0x0000000688d00000, 0x0000000718c00000)
  object space 3122176K, 81% used [0x00000005ca400000,0x0000000664a3e020,0x0000000688d00000)
 Metaspace       used 19588K, capacity 19902K, committed 20096K, reserved 1067008K
  class space    used 2089K, capacity 2157K, committed 2176K, reserved 1048576K
Event: 168.114 GC heap after
Heap after GC invocations=66 (full 11):
 PSYoungGen      total 1900032K, used 106592K [0x0000000718c00000, 0x00000007bcb80000, 0x00000007c0000000)
  eden space 1121280K, 0% used [0x0000000718c00000,0x0000000718c00000,0x000000075d300000)
  from space 778752K, 13% used [0x000000075d300000,0x0000000763b18000,0x000000078cb80000)
  to   space 752640K, 0% used [0x000000078ec80000,0x000000078ec80000,0x00000007bcb80000)
 ParOldGen       total 3122176K, used 2529528K [0x00000005ca400000, 0x0000000688d00000, 0x0000000718c00000)
  object space 3122176K, 81% used [0x00000005ca400000,0x0000000664a3e020,0x0000000688d00000)
 Metaspace       used 19588K, capacity 19902K, committed 20096K, reserved 1067008K
  class space    used 2089K, capacity 2157K, committed 2176K, reserved 1048576K
}
Event: 169.506 GC heap before
{Heap before GC invocations=67 (full 11):
 PSYoungGen      total 1900032K, used 1227872K [0x0000000718c00000, 0x00000007bcb80000, 0x00000007c0000000)
  eden space 1121280K, 100% used [0x0000000718c00000,0x000000075d300000,0x000000075d300000)
  from space 778752K, 13% used [0x000000075d300000,0x0000000763b18000,0x000000078cb80000)
  to   space 752640K, 0% used [0x000000078ec80000,0x000000078ec80000,0x00000007bcb80000)
 ParOldGen       total 3122176K, used 2529528K [0x00000005ca400000, 0x0000000688d00000, 0x0000000718c00000)
  object space 3122176K, 81% used [0x00000005ca400000,0x0000000664a3e020,0x0000000688d00000)
 Metaspace       used 19588K, capacity 19902K, committed 20096K, reserved 1067008K
  class space    used 2089K, capacity 2157K, committed 2176K, reserved 1048576K
Event: 169.556 GC heap after
Heap after GC invocations=67 (full 11):
 PSYoungGen      total 1912320K, used 162144K [0x0000000718c00000, 0x00000007b9d00000, 0x00000007c0000000)
  eden space 1207296K, 0% used [0x0000000718c00000,0x0000000718c00000,0x0000000762700000)
  from space 705024K, 22% used [0x000000078ec80000,0x0000000798ad8000,0x00000007b9d00000)
  to   space 715776K, 0% used [0x0000000762700000,0x0000000762700000,0x000000078e200000)
 ParOldGen       total 3122176K, used 2529528K [0x00000005ca400000, 0x0000000688d00000, 0x0000000718c00000)
  object space 3122176K, 81% used [0x00000005ca400000,0x0000000664a3e020,0x0000000688d00000)
 Metaspace       used 19588K, capacity 19902K, committed 20096K, reserved 1067008K
  class space    used 2089K, capacity 2157K, committed 2176K, reserved 1048576K
}
Event: 171.095 GC heap before
{Heap before GC invocations=68 (full 11):
 PSYoungGen      total 1912320K, used 1369440K [0x0000000718c00000, 0x00000007b9d00000, 0x00000007c0000000)
  eden space 1207296K, 100% used [0x0000000718c00000,0x0000000762700000,0x0000000762700000)
  from space 705024K, 22% used [0x000000078ec80000,0x0000000798ad8000,0x00000007b9d00000)
  to   space 715776K, 0% used [0x0000000762700000,0x0000000762700000,0x000000078e200000)
 ParOldGen       total 3122176K, used 2529528K [0x00000005ca400000, 0x0000000688d00000, 0x0000000718c00000)
  object space 3122176K, 81% used [0x00000005ca400000,0x0000000664a3e020,0x0000000688d00000)
 Metaspace       used 19588K, capacity 19902K, committed 20096K, reserved 1067008K
  class space    used 2089K, capacity 2157K, committed 2176K, reserved 1048576K
Event: 171.160 GC heap after
Heap after GC invocations=68 (full 11):
 PSYoungGen      total 1923072K, used 221888K [0x0000000718c00000, 0x00000007b9380000, 0x00000007c0000000)
  eden space 1207296K, 0% used [0x0000000718c00000,0x0000000718c00000,0x0000000762700000)
  from space 715776K, 30% used [0x0000000762700000,0x000000076ffb0000,0x000000078e200000)
  to   space 670208K, 0% used [0x0000000790500000,0x0000000790500000,0x00000007b9380000)
 ParOldGen       total 3122176K, used 2529528K [0x00000005ca400000, 0x0000000688d00000, 0x0000000718c00000)
  object space 3122176K, 81% used [0x00000005ca400000,0x0000000664a3e020,0x0000000688d00000)
 Metaspace       used 19588K, capacity 19902K, committed 20096K, reserved 1067008K
  class space    used 2089K, capacity 2157K, committed 2176K, reserved 1048576K
}
Event: 172.657 GC heap before
{Heap before GC invocations=69 (full 11):
 PSYoungGen      total 1923072K, used 1429184K [0x0000000718c00000, 0x00000007b9380000, 0x00000007c0000000)
  eden space 1207296K, 100% used [0x0000000718c00000,0x0000000762700000,0x0000000762700000)
  from space 715776K, 30% used [0x0000000762700000,0x000000076ffb0000,0x000000078e200000)
  to   space 670208K, 0% used [0x0000000790500000,0x0000000790500000,0x00000007b9380000)
 ParOldGen       total 3122176K, used 2529528K [0x00000005ca400000, 0x0000000688d00000, 0x0000000718c00000)
  object space 3122176K, 81% used [0x00000005ca400000,0x0000000664a3e020,0x0000000688d00000)
 Metaspace       used 19588K, capacity 19902K, committed 20096K, reserved 1067008K
  class space    used 2089K, capacity 2157K, committed 2176K, reserved 1048576K
Event: 172.742 GC heap after
Heap after GC invocations=69 (full 11):
 PSYoungGen      total 1901568K, used 281920K [0x0000000718c00000, 0x00000007b5e00000, 0x00000007c0000000)
  eden space 1286144K, 0% used [0x0000000718c00000,0x0000000718c00000,0x0000000767400000)
  from space 615424K, 45% used [0x0000000790500000,0x00000007a1850000,0x00000007b5e00000)
  to   space 644096K, 0% used [0x0000000767400000,0x0000000767400000,0x000000078e900000)
 ParOldGen       total 3122176K, used 2529528K [0x00000005ca400000, 0x0000000688d00000, 0x0000000718c00000)
  object space 3122176K, 81% used [0x00000005ca400000,0x0000000664a3e020,0x0000000688d00000)
 Metaspace       used 19588K, capacity 19902K, committed 20096K, reserved 1067008K
  class space    used 2089K, capacity 2157K, committed 2176K, reserved 1048576K
}
Event: 174.334 GC heap before
{Heap before GC invocations=70 (full 11):
 PSYoungGen      total 1901568K, used 1568064K [0x0000000718c00000, 0x00000007b5e00000, 0x00000007c0000000)
  eden space 1286144K, 100% used [0x0000000718c00000,0x0000000767400000,0x0000000767400000)
  from space 615424K, 45% used [0x0000000790500000,0x00000007a1850000,0x00000007b5e00000)
  to   space 644096K, 0% used [0x0000000767400000,0x0000000767400000,0x000000078e900000)
 ParOldGen       total 3122176K, used 2529528K [0x00000005ca400000, 0x0000000688d00000, 0x0000000718c00000)
  object space 3122176K, 81% used [0x00000005ca400000,0x0000000664a3e020,0x0000000688d00000)
 Metaspace       used 19588K, capacity 19902K, committed 20096K, reserved 1067008K
  class space    used 2089K, capacity 2157K, committed 2176K, reserved 1048576K
Event: 174.422 GC heap after
Heap after GC invocations=70 (full 11):
 PSYoungGen      total 1930240K, used 345792K [0x0000000718c00000, 0x00000007bab80000, 0x00000007c0000000)
  eden space 1286144K, 0% used [0x0000000718c00000,0x0000000718c00000,0x0000000767400000)
  from space 644096K, 53% used [0x0000000767400000,0x000000077c5b0000,0x000000078e900000)
  to   space 643072K, 0% used [0x0000000793780000,0x0000000793780000,0x00000007bab80000)
 ParOldGen       total 3122176K, used 2529528K [0x00000005ca400000, 0x0000000688d00000, 0x0000000718c00000)
  object space 3122176K, 81% used [0x00000005ca400000,0x0000000664a3e020,0x0000000688d00000)
 Metaspace       used 19588K, capacity 19902K, committed 20096K, reserved 1067008K
  class space    used 2089K, capacity 2157K, committed 2176K, reserved 1048576K
}
Event: 176.106 GC heap before
{Heap before GC invocations=71 (full 11):
 PSYoungGen      total 1930240K, used 1631936K [0x0000000718c00000, 0x00000007bab80000, 0x00000007c0000000)
  eden space 1286144K, 100% used [0x0000000718c00000,0x0000000767400000,0x0000000767400000)
  from space 644096K, 53% used [0x0000000767400000,0x000000077c5b0000,0x000000078e900000)
  to   space 643072K, 0% used [0x0000000793780000,0x0000000793780000,0x00000007bab80000)
 ParOldGen       total 3122176K, used 2529528K [0x00000005ca400000, 0x0000000688d00000, 0x0000000718c00000)
  object space 3122176K, 81% used [0x00000005ca400000,0x0000000664a3e020,0x0000000688d00000)
 Metaspace       used 19588K, capacity 19902K, committed 20096K, reserved 1067008K
  class space    used 2089K, capacity 2157K, committed 2176K, reserved 1048576K
Event: 176.219 GC heap after
Heap after GC invocations=71 (full 11):
 PSYoungGen      total 1988608K, used 415523K [0x0000000718c00000, 0x00000007bd700000, 0x00000007c0000000)
  eden space 1345536K, 0% used [0x0000000718c00000,0x0000000718c00000,0x000000076ae00000)
  from space 643072K, 64% used [0x0000000793780000,0x00000007acd48d90,0x00000007bab80000)
  to   space 665088K, 0% used [0x000000076ae00000,0x000000076ae00000,0x0000000793780000)
 ParOldGen       total 3122176K, used 2529528K [0x00000005ca400000, 0x0000000688d00000, 0x0000000718c00000)
  object space 3122176K, 81% used [0x00000005ca400000,0x0000000664a3e020,0x0000000688d00000)
 Metaspace       used 19588K, capacity 19902K, committed 20096K, reserved 1067008K
  class space    used 2089K, capacity 2157K, committed 2176K, reserved 1048576K
}
Event: 177.989 GC heap before
{Heap before GC invocations=72 (full 11):
 PSYoungGen      total 1988608K, used 1761059K [0x0000000718c00000, 0x00000007bd700000, 0x00000007c0000000)
  eden space 1345536K, 100% used [0x0000000718c00000,0x000000076ae00000,0x000000076ae00000)
  from space 643072K, 64% used [0x0000000793780000,0x00000007acd48d90,0x00000007bab80000)
  to   space 665088K, 0% used [0x000000076ae00000,0x000000076ae00000,0x0000000793780000)
 ParOldGen       total 3122176K, used 2529528K [0x00000005ca400000, 0x0000000688d00000, 0x0000000718c00000)
  object space 3122176K, 81% used [0x00000005ca400000,0x0000000664a3e020,0x0000000688d00000)
 Metaspace       used 19588K, capacity 19902K, committed 20096K, reserved 1067008K
  class space    used 2089K, capacity 2157K, committed 2176K, reserved 1048576K
Event: 178.130 GC heap after
Heap after GC invocations=72 (full 11):
 PSYoungGen      total 2010624K, used 488404K [0x0000000718c00000, 0x00000007c0000000, 0x00000007c0000000)
  eden space 1345536K, 0% used [0x0000000718c00000,0x0000000718c00000,0x000000076ae00000)
  from space 665088K, 73% used [0x000000076ae00000,0x0000000788af53e8,0x0000000793780000)
  to   space 707584K, 0% used [0x0000000794d00000,0x0000000794d00000,0x00000007c0000000)
 ParOldGen       total 3122176K, used 2529528K [0x00000005ca400000, 0x0000000688d00000, 0x0000000718c00000)
  object space 3122176K, 81% used [0x00000005ca400000,0x0000000664a3e020,0x0000000688d00000)
 Metaspace       used 19588K, capacity 19902K, committed 20096K, reserved 1067008K
  class space    used 2089K, capacity 2157K, committed 2176K, reserved 1048576K
}
Event: 179.940 GC heap before
{Heap before GC invocations=73 (full 11):
 PSYoungGen      total 2010624K, used 1833940K [0x0000000718c00000, 0x00000007c0000000, 0x00000007c0000000)
  eden space 1345536K, 100% used [0x0000000718c00000,0x000000076ae00000,0x000000076ae00000)
  from space 665088K, 73% used [0x000000076ae00000,0x0000000788af53e8,0x0000000793780000)
  to   space 707584K, 0% used [0x0000000794d00000,0x0000000794d00000,0x00000007c0000000)
 ParOldGen       total 3122176K, used 2529528K [0x00000005ca400000, 0x0000000688d00000, 0x0000000718c00000)
  object space 3122176K, 81% used [0x00000005ca400000,0x0000000664a3e020,0x0000000688d00000)
 Metaspace       used 19588K, capacity 19902K, committed 20096K, reserved 1067008K
  class space    used 2089K, capacity 2157K, committed 2176K, reserved 1048576K
Event: 180.099 GC heap after
Heap after GC invocations=73 (full 11):
 PSYoungGen      total 1913856K, used 561860K [0x0000000718c00000, 0x00000007c0000000, 0x00000007c0000000)
  eden space 1206272K, 0% used [0x0000000718c00000,0x0000000718c00000,0x0000000762600000)
  from space 707584K, 79% used [0x0000000794d00000,0x00000007b71b13c0,0x00000007c0000000)
  to   space 766976K, 0% used [0x0000000762600000,0x0000000762600000,0x0000000791300000)
 ParOldGen       total 3122176K, used 2529528K [0x00000005ca400000, 0x0000000688d00000, 0x0000000718c00000)
  object space 3122176K, 81% used [0x00000005ca400000,0x0000000664a3e020,0x0000000688d00000)
 Metaspace       used 19588K, capacity 19902K, committed 20096K, reserved 1067008K
  class space    used 2089K, capacity 2157K, committed 2176K, reserved 1048576K
}
Event: 181.694 GC heap before
{Heap before GC invocations=74 (full 11):
 PSYoungGen      total 1913856K, used 1768132K [0x0000000718c00000, 0x00000007c0000000, 0x00000007c0000000)
  eden space 1206272K, 100% used [0x0000000718c00000,0x0000000762600000,0x0000000762600000)
  from space 707584K, 79% used [0x0000000794d00000,0x00000007b71b13c0,0x00000007c0000000)
  to   space 766976K, 0% used [0x0000000762600000,0x0000000762600000,0x0000000791300000)
 ParOldGen       total 3122176K, used 2529528K [0x00000005ca400000, 0x0000000688d00000, 0x0000000718c00000)
  object space 3122176K, 81% used [0x00000005ca400000,0x0000000664a3e020,0x0000000688d00000)
 Metaspace       used 19588K, capacity 19902K, committed 20096K, reserved 1067008K
  class space    used 2089K, capacity 2157K, committed 2176K, reserved 1048576K
Event: 181.876 GC heap after
Heap after GC invocations=74 (full 11):
 PSYoungGen      total 1835520K, used 628947K [0x0000000718c00000, 0x00000007c0000000, 0x00000007c0000000)
  eden space 1206272K, 0% used [0x0000000718c00000,0x0000000718c00000,0x0000000762600000)
  from space 629248K, 99% used [0x0000000762600000,0x0000000788c34fe8,0x0000000788c80000)
  to   space 837632K, 0% used [0x000000078ce00000,0x000000078ce00000,0x00000007c0000000)
 ParOldGen       total 3122176K, used 2529528K [0x00000005ca400000, 0x0000000688d00000, 0x0000000718c00000)
  object space 3122176K, 81% used [0x00000005ca400000,0x0000000664a3e020,0x0000000688d00000)
 Metaspace       used 19588K, capacity 19902K, committed 20096K, reserved 1067008K
  class space    used 2089K, capacity 2157K, committed 2176K, reserved 1048576K
}
Event: 186.853 GC heap before
{Heap before GC invocations=75 (full 11):
 PSYoungGen      total 1835520K, used 1835219K [0x0000000718c00000, 0x00000007c0000000, 0x00000007c0000000)
  eden space 1206272K, 100% used [0x0000000718c00000,0x0000000762600000,0x0000000762600000)
  from space 629248K, 99% used [0x0000000762600000,0x0000000788c34fe8,0x0000000788c80000)
  to   space 837632K, 0% used [0x000000078ce00000,0x000000078ce00000,0x00000007c0000000)
 ParOldGen       total 3122176K, used 2529528K [0x00000005ca400000, 0x0000000688d00000, 0x0000000718c00000)
  object space 3122176K, 81% used [0x00000005ca400000,0x0000000664a3e020,0x0000000688d00000)
 Metaspace       used 19707K, capacity 19966K, committed 20352K, reserved 1067008K
  class space    used 2094K, capacity 2157K, committed 2176K, reserved 1048576K
Event: 187.214 GC heap after
Heap after GC invocations=75 (full 11):
 PSYoungGen      total 1751040K, used 837610K [0x0000000718c00000, 0x00000007c0000000, 0x00000007c0000000)
  eden space 913408K, 0% used [0x0000000718c00000,0x0000000718c00000,0x0000000750800000)
  from space 837632K, 99% used [0x000000078ce00000,0x00000007bfffa808,0x00000007c0000000)
  to   space 913408K, 0% used [0x0000000750800000,0x0000000750800000,0x0000000788400000)
 ParOldGen       total 3122176K, used 2632288K [0x00000005ca400000, 0x0000000688d00000, 0x0000000718c00000)
  object space 3122176K, 84% used [0x00000005ca400000,0x000000066ae982f8,0x0000000688d00000)
 Metaspace       used 19707K, capacity 19966K, committed 20352K, reserved 1067008K
  class space    used 2094K, capacity 2157K, committed 2176K, reserved 1048576K
}
Event: 189.285 GC heap before
{Heap before GC invocations=76 (full 11):
 PSYoungGen      total 1751040K, used 1751018K [0x0000000718c00000, 0x00000007c0000000, 0x00000007c0000000)
  eden space 913408K, 100% used [0x0000000718c00000,0x0000000750800000,0x0000000750800000)
  from space 837632K, 99% used [0x000000078ce00000,0x00000007bfffa808,0x00000007c0000000)
  to   space 913408K, 0% used [0x0000000750800000,0x0000000750800000,0x0000000788400000)
 ParOldGen       total 3122176K, used 2632288K [0x00000005ca400000, 0x0000000688d00000, 0x0000000718c00000)
  object space 3122176K, 84% used [0x00000005ca400000,0x000000066ae982f8,0x0000000688d00000)
 Metaspace       used 19707K, capacity 19966K, committed 20352K, reserved 1067008K
  class space    used 2094K, capacity 2157K, committed 2176K, reserved 1048576K
Event: 189.657 GC heap after
Heap after GC invocations=76 (full 11):
 PSYoungGen      total 1826816K, used 910522K [0x0000000718c00000, 0x00000007c0000000, 0x00000007c0000000)
  eden space 913408K, 0% used [0x0000000718c00000,0x0000000718c00000,0x0000000750800000)
  from space 913408K, 99% used [0x0000000750800000,0x000000078812ea20,0x0000000788400000)
  to   space 913408K, 0% used [0x0000000788400000,0x0000000788400000,0x00000007c0000000)
 ParOldGen       total 3122176K, used 2739216K [0x00000005ca400000, 0x0000000688d00000, 0x0000000718c00000)
  object space 3122176K, 87% used [0x00000005ca400000,0x0000000671704308,0x0000000688d00000)
 Metaspace       used 19707K, capacity 19966K, committed 20352K, reserved 1067008K
  class space    used 2094K, capacity 2157K, committed 2176K, reserved 1048576K
}
Event: 192.325 GC heap before
{Heap before GC invocations=77 (full 11):
 PSYoungGen      total 1826816K, used 1823930K [0x0000000718c00000, 0x00000007c0000000, 0x00000007c0000000)
  eden space 913408K, 100% used [0x0000000718c00000,0x0000000750800000,0x0000000750800000)
  from space 913408K, 99% used [0x0000000750800000,0x000000078812ea20,0x0000000788400000)
  to   space 913408K, 0% used [0x0000000788400000,0x0000000788400000,0x00000007c0000000)
 ParOldGen       total 3122176K, used 2739216K [0x00000005ca400000, 0x0000000688d00000, 0x0000000718c00000)
  object space 3122176K, 87% used [0x00000005ca400000,0x0000000671704308,0x0000000688d00000)
 Metaspace       used 19733K, capacity 19966K, committed 20352K, reserved 1067008K
  class space    used 2094K, capacity 2157K, committed 2176K, reserved 1048576K
Event: 192.735 GC heap after
Heap after GC invocations=77 (full 11):
 PSYoungGen      total 1826816K, used 913384K [0x0000000718c00000, 0x00000007c0000000, 0x00000007c0000000)
  eden space 913408K, 0% used [0x0000000718c00000,0x0000000718c00000,0x0000000750800000)
  from space 913408K, 99% used [0x0000000788400000,0x00000007bfffa3c0,0x00000007c0000000)
  to   space 913408K, 0% used [0x0000000750800000,0x0000000750800000,0x0000000788400000)
 ParOldGen       total 3122176K, used 2986980K [0x00000005ca400000, 0x0000000688d00000, 0x0000000718c00000)
  object space 3122176K, 95% used [0x00000005ca400000,0x00000006808f9190,0x0000000688d00000)
 Metaspace       used 19733K, capacity 19966K, committed 20352K, reserved 1067008K
  class space    used 2094K, capacity 2157K, committed 2176K, reserved 1048576K
}
Event: 192.735 GC heap before
{Heap before GC invocations=78 (full 12):
 PSYoungGen      total 1826816K, used 913384K [0x0000000718c00000, 0x00000007c0000000, 0x00000007c0000000)
  eden space 913408K, 0% used [0x0000000718c00000,0x0000000718c00000,0x0000000750800000)
  from space 913408K, 99% used [0x0000000788400000,0x00000007bfffa3c0,0x00000007c0000000)
  to   space 913408K, 0% used [0x0000000750800000,0x0000000750800000,0x0000000788400000)
 ParOldGen       total 3122176K, used 2986980K [0x00000005ca400000, 0x0000000688d00000, 0x0000000718c00000)
  object space 3122176K, 95% used [0x00000005ca400000,0x00000006808f9190,0x0000000688d00000)
 Metaspace       used 19733K, capacity 19966K, committed 20352K, reserved 1067008K
  class space    used 2094K, capacity 2157K, committed 2176K, reserved 1048576K
Event: 193.106 GC heap after
Heap after GC invocations=78 (full 12):
 PSYoungGen      total 1826816K, used 0K [0x0000000718c00000, 0x00000007c0000000, 0x00000007c0000000)
  eden space 913408K, 0% used [0x0000000718c00000,0x0000000718c00000,0x0000000750800000)
  from space 913408K, 0% used [0x0000000788400000,0x0000000788400000,0x00000007c0000000)
  to   space 913408K, 0% used [0x0000000750800000,0x0000000750800000,0x0000000788400000)
 ParOldGen       total 720384K, used 46843K [0x00000005ca400000, 0x00000005f6380000, 0x0000000718c00000)
  object space 720384K, 6% used [0x00000005ca400000,0x00000005cd1bec60,0x00000005f6380000)
 Metaspace       used 19733K, capacity 19966K, committed 20352K, reserved 1067008K
  class space    used 2094K, capacity 2157K, committed 2176K, reserved 1048576K
}
Event: 196.314 GC heap before
{Heap before GC invocations=79 (full 12):
 PSYoungGen      total 1826816K, used 913408K [0x0000000718c00000, 0x00000007c0000000, 0x00000007c0000000)
  eden space 913408K, 100% used [0x0000000718c00000,0x0000000750800000,0x0000000750800000)
  from space 913408K, 0% used [0x0000000788400000,0x0000000788400000,0x00000007c0000000)
  to   space 913408K, 0% used [0x0000000750800000,0x0000000750800000,0x0000000788400000)
 ParOldGen       total 720384K, used 46843K [0x00000005ca400000, 0x00000005f6380000, 0x0000000718c00000)
  object space 720384K, 6% used [0x00000005ca400000,0x00000005cd1bec60,0x00000005f6380000)
 Metaspace       used 19742K, capacity 20030K, committed 20352K, reserved 1067008K
  class space    used 2094K, capacity 2157K, committed 2176K, reserved 1048576K
Event: 196.394 GC heap after
Heap after GC invocations=79 (full 12):
 PSYoungGen      total 1826816K, used 302363K [0x0000000718c00000, 0x00000007c0000000, 0x00000007c0000000)
  eden space 913408K, 0% used [0x0000000718c00000,0x0000000718c00000,0x0000000750800000)
  from space 913408K, 33% used [0x0000000750800000,0x0000000762f46dc0,0x0000000788400000)
  to   space 913408K, 0% used [0x0000000788400000,0x0000000788400000,0x00000007c0000000)
 ParOldGen       total 720384K, used 46843K [0x00000005ca400000, 0x00000005f6380000, 0x0000000718c00000)
  object space 720384K, 6% used [0x00000005ca400000,0x00000005cd1bec60,0x00000005f6380000)
 Metaspace       used 19742K, capacity 20030K, committed 20352K, reserved 1067008K
  class space    used 2094K, capacity 2157K, committed 2176K, reserved 1048576K
}
Event: 198.192 GC heap before
{Heap before GC invocations=80 (full 12):
 PSYoungGen      total 1826816K, used 1215771K [0x0000000718c00000, 0x00000007c0000000, 0x00000007c0000000)
  eden space 913408K, 100% used [0x0000000718c00000,0x0000000750800000,0x0000000750800000)
  from space 913408K, 33% used [0x0000000750800000,0x0000000762f46dc0,0x0000000788400000)
  to   space 913408K, 0% used [0x0000000788400000,0x0000000788400000,0x00000007c0000000)
 ParOldGen       total 720384K, used 46843K [0x00000005ca400000, 0x00000005f6380000, 0x0000000718c00000)
  object space 720384K, 6% used [0x00000005ca400000,0x00000005cd1bec60,0x00000005f6380000)
 Metaspace       used 19744K, capacity 20030K, committed 20352K, reserved 1067008K
  class space    used 2094K, capacity 2157K, committed 2176K, reserved 1048576K
Event: 198.304 GC heap after
Heap after GC invocations=80 (full 12):
 PSYoungGen      total 1826816K, used 442297K [0x0000000718c00000, 0x00000007c0000000, 0x00000007c0000000)
  eden space 913408K, 0% used [0x0000000718c00000,0x0000000718c00000,0x0000000750800000)
  from space 913408K, 48% used [0x0000000788400000,0x00000007a33ee420,0x00000007c0000000)
  to   space 913408K, 0% used [0x0000000750800000,0x0000000750800000,0x0000000788400000)
 ParOldGen       total 720384K, used 46843K [0x00000005ca400000, 0x00000005f6380000, 0x0000000718c00000)
  object space 720384K, 6% used [0x00000005ca400000,0x00000005cd1bec60,0x00000005f6380000)
 Metaspace       used 19744K, capacity 20030K, committed 20352K, reserved 1067008K
  class space    used 2094K, capacity 2157K, committed 2176K, reserved 1048576K
}
Event: 201.445 GC heap before
{Heap before GC invocations=81 (full 12):
 PSYoungGen      total 1826816K, used 1355705K [0x0000000718c00000, 0x00000007c0000000, 0x00000007c0000000)
  eden space 913408K, 100% used [0x0000000718c00000,0x0000000750800000,0x0000000750800000)
  from space 913408K, 48% used [0x0000000788400000,0x00000007a33ee420,0x00000007c0000000)
  to   space 913408K, 0% used [0x0000000750800000,0x0000000750800000,0x0000000788400000)
 ParOldGen       total 720384K, used 46843K [0x00000005ca400000, 0x00000005f6380000, 0x0000000718c00000)
  object space 720384K, 6% used [0x00000005ca400000,0x00000005cd1bec60,0x00000005f6380000)
 Metaspace       used 19753K, capacity 20030K, committed 20352K, reserved 1067008K
  class space    used 2094K, capacity 2157K, committed 2176K, reserved 1048576K
Event: 201.603 GC heap after
Heap after GC invocations=81 (full 12):
 PSYoungGen      total 1826816K, used 713738K [0x0000000718c00000, 0x00000007c0000000, 0x00000007c0000000)
  eden space 913408K, 0% used [0x0000000718c00000,0x0000000718c00000,0x0000000750800000)
  from space 913408K, 78% used [0x0000000750800000,0x000000077c102b70,0x0000000788400000)
  to   space 913408K, 0% used [0x0000000788400000,0x0000000788400000,0x00000007c0000000)
 ParOldGen       total 720384K, used 46851K [0x00000005ca400000, 0x00000005f6380000, 0x0000000718c00000)
  object space 720384K, 6% used [0x00000005ca400000,0x00000005cd1c0c60,0x00000005f6380000)
 Metaspace       used 19753K, capacity 20030K, committed 20352K, reserved 1067008K
  class space    used 2094K, capacity 2157K, committed 2176K, reserved 1048576K
}
Event: 202.990 GC heap before
{Heap before GC invocations=82 (full 12):
 PSYoungGen      total 1826816K, used 1627146K [0x0000000718c00000, 0x00000007c0000000, 0x00000007c0000000)
  eden space 913408K, 100% used [0x0000000718c00000,0x0000000750800000,0x0000000750800000)
  from space 913408K, 78% used [0x0000000750800000,0x000000077c102b70,0x0000000788400000)
  to   space 913408K, 0% used [0x0000000788400000,0x0000000788400000,0x00000007c0000000)
 ParOldGen       total 720384K, used 46851K [0x00000005ca400000, 0x00000005f6380000, 0x0000000718c00000)
  object space 720384K, 6% used [0x00000005ca400000,0x00000005cd1c0c60,0x00000005f6380000)
 Metaspace       used 19761K, capacity 20030K, committed 20352K, reserved 1067008K
  class space    used 2094K, capacity 2157K, committed 2176K, reserved 1048576K
Event: 203.251 GC heap after
Heap after GC invocations=82 (full 12):
 PSYoungGen      total 1826816K, used 913393K [0x0000000718c00000, 0x00000007c0000000, 0x00000007c0000000)
  eden space 913408K, 0% used [0x0000000718c00000,0x0000000718c00000,0x0000000750800000)
  from space 913408K, 99% used [0x0000000788400000,0x00000007bfffc500,0x00000007c0000000)
  to   space 913408K, 0% used [0x0000000750800000,0x0000000750800000,0x0000000788400000)
 ParOldGen       total 720384K, used 156747K [0x00000005ca400000, 0x00000005f6380000, 0x0000000718c00000)
  object space 720384K, 21% used [0x00000005ca400000,0x00000005d3d12e00,0x00000005f6380000)
 Metaspace       used 19761K, capacity 20030K, committed 20352K, reserved 1067008K
  class space    used 2094K, capacity 2157K, committed 2176K, reserved 1048576K
}
Event: 207.127 GC heap before
{Heap before GC invocations=83 (full 12):
 PSYoungGen      total 1826816K, used 1826801K [0x0000000718c00000, 0x00000007c0000000, 0x00000007c0000000)
  eden space 913408K, 100% used [0x0000000718c00000,0x0000000750800000,0x0000000750800000)
  from space 913408K, 99% used [0x0000000788400000,0x00000007bfffc500,0x00000007c0000000)
  to   space 913408K, 0% used [0x0000000750800000,0x0000000750800000,0x0000000788400000)
 ParOldGen       total 720384K, used 156747K [0x00000005ca400000, 0x00000005f6380000, 0x0000000718c00000)
  object space 720384K, 21% used [0x00000005ca400000,0x00000005d3d12e00,0x00000005f6380000)
 Metaspace       used 19782K, capacity 20030K, committed 20352K, reserved 1067008K
  class space    used 2094K, capacity 2157K, committed 2176K, reserved 1048576K
Event: 207.386 GC heap after
Heap after GC invocations=83 (full 12):
 PSYoungGen      total 1826816K, used 866810K [0x0000000718c00000, 0x00000007c0000000, 0x00000007c0000000)
  eden space 913408K, 0% used [0x0000000718c00000,0x0000000718c00000,0x0000000750800000)
  from space 913408K, 94% used [0x0000000750800000,0x000000078567e978,0x0000000788400000)
  to   space 913408K, 0% used [0x0000000788400000,0x0000000788400000,0x00000007c0000000)
 ParOldGen       total 720384K, used 292423K [0x00000005ca400000, 0x00000005f6380000, 0x0000000718c00000)
  object space 720384K, 40% used [0x00000005ca400000,0x00000005dc191c30,0x00000005f6380000)
 Metaspace       used 19782K, capacity 20030K, committed 20352K, reserved 1067008K
  class space    used 2094K, capacity 2157K, committed 2176K, reserved 1048576K
}
Event: 210.214 GC heap before
{Heap before GC invocations=84 (full 12):
 PSYoungGen      total 1826816K, used 1780218K [0x0000000718c00000, 0x00000007c0000000, 0x00000007c0000000)
  eden space 913408K, 100% used [0x0000000718c00000,0x0000000750800000,0x0000000750800000)
  from space 913408K, 94% used [0x0000000750800000,0x000000078567e978,0x0000000788400000)
  to   space 913408K, 0% used [0x0000000788400000,0x0000000788400000,0x00000007c0000000)
 ParOldGen       total 720384K, used 292423K [0x00000005ca400000, 0x00000005f6380000, 0x0000000718c00000)
  object space 720384K, 40% used [0x00000005ca400000,0x00000005dc191c30,0x00000005f6380000)
 Metaspace       used 19785K, capacity 20030K, committed 20352K, reserved 1067008K
  class space    used 2094K, capacity 2157K, committed 2176K, reserved 1048576K
Event: 210.655 GC heap after
Heap after GC invocations=84 (full 12):
 PSYoungGen      total 1826816K, used 678913K [0x0000000718c00000, 0x00000007c0000000, 0x00000007c0000000)
  eden space 913408K, 0% used [0x0000000718c00000,0x0000000718c00000,0x0000000750800000)
  from space 913408K, 74% used [0x0000000788400000,0x00000007b1b007b8,0x00000007c0000000)
  to   space 913408K, 0% used [0x0000000750800000,0x0000000750800000,0x0000000788400000)
 ParOldGen       total 854528K, used 852909K [0x00000005ca400000, 0x00000005fe680000, 0x0000000718c00000)
  object space 854528K, 99% used [0x00000005ca400000,0x00000005fe4eb778,0x00000005fe680000)
 Metaspace       used 19785K, capacity 20030K, committed 20352K, reserved 1067008K
  class space    used 2094K, capacity 2157K, committed 2176K, reserved 1048576K
}
Event: 210.655 GC heap before
{Heap before GC invocations=85 (full 13):
 PSYoungGen      total 1826816K, used 678913K [0x0000000718c00000, 0x00000007c0000000, 0x00000007c0000000)
  eden space 913408K, 0% used [0x0000000718c00000,0x0000000718c00000,0x0000000750800000)
  from space 913408K, 74% used [0x0000000788400000,0x00000007b1b007b8,0x00000007c0000000)
  to   space 913408K, 0% used [0x0000000750800000,0x0000000750800000,0x0000000788400000)
 ParOldGen       total 854528K, used 852909K [0x00000005ca400000, 0x00000005fe680000, 0x0000000718c00000)
  object space 854528K, 99% used [0x00000005ca400000,0x00000005fe4eb778,0x00000005fe680000)
 Metaspace       used 19785K, capacity 20030K, committed 20352K, reserved 1067008K
  class space    used 2094K, capacity 2157K, committed 2176K, reserved 1048576K
Event: 211.166 GC heap after
Heap after GC invocations=85 (full 13):
 PSYoungGen      total 1826816K, used 0K [0x0000000718c00000, 0x00000007c0000000, 0x00000007c0000000)
  eden space 913408K, 0% used [0x0000000718c00000,0x0000000718c00000,0x0000000750800000)
  from space 913408K, 0% used [0x0000000788400000,0x0000000788400000,0x00000007c0000000)
  to   space 913408K, 0% used [0x0000000750800000,0x0000000750800000,0x0000000788400000)
 ParOldGen       total 1646080K, used 770310K [0x00000005ca400000, 0x000000062eb80000, 0x0000000718c00000)
  object space 1646080K, 46% used [0x00000005ca400000,0x00000005f9441a08,0x000000062eb80000)
 Metaspace       used 19785K, capacity 20030K, committed 20352K, reserved 1067008K
  class space    used 2094K, capacity 2157K, committed 2176K, reserved 1048576K
}
Event: 213.228 GC heap before
{Heap before GC invocations=86 (full 13):
 PSYoungGen      total 1826816K, used 913408K [0x0000000718c00000, 0x00000007c0000000, 0x00000007c0000000)
  eden space 913408K, 100% used [0x0000000718c00000,0x0000000750800000,0x0000000750800000)
  from space 913408K, 0% used [0x0000000788400000,0x0000000788400000,0x00000007c0000000)
  to   space 913408K, 0% used [0x0000000750800000,0x0000000750800000,0x0000000788400000)
 ParOldGen       total 1646080K, used 770310K [0x00000005ca400000, 0x000000062eb80000, 0x0000000718c00000)
  object space 1646080K, 46% used [0x00000005ca400000,0x00000005f9441a08,0x000000062eb80000)
 Metaspace       used 19872K, capacity 20126K, committed 20352K, reserved 1067008K
  class space    used 2103K, capacity 2173K, committed 2176K, reserved 1048576K
Event: 213.277 GC heap after
Heap after GC invocations=86 (full 13):
 PSYoungGen      total 1826816K, used 189685K [0x0000000718c00000, 0x00000007c0000000, 0x00000007c0000000)
  eden space 913408K, 0% used [0x0000000718c00000,0x0000000718c00000,0x0000000750800000)
  from space 913408K, 20% used [0x0000000750800000,0x000000075c13d6d8,0x0000000788400000)
  to   space 913408K, 0% used [0x0000000788400000,0x0000000788400000,0x00000007c0000000)
 ParOldGen       total 1646080K, used 770318K [0x00000005ca400000, 0x000000062eb80000, 0x0000000718c00000)
  object space 1646080K, 46% used [0x00000005ca400000,0x00000005f9443a08,0x000000062eb80000)
 Metaspace       used 19872K, capacity 20126K, committed 20352K, reserved 1067008K
  class space    used 2103K, capacity 2173K, committed 2176K, reserved 1048576K
}
Event: 216.472 GC heap before
{Heap before GC invocations=87 (full 13):
 PSYoungGen      total 1826816K, used 1103093K [0x0000000718c00000, 0x00000007c0000000, 0x00000007c0000000)
  eden space 913408K, 100% used [0x0000000718c00000,0x0000000750800000,0x0000000750800000)
  from space 913408K, 20% used [0x0000000750800000,0x000000075c13d6d8,0x0000000788400000)
  to   space 913408K, 0% used [0x0000000788400000,0x0000000788400000,0x00000007c0000000)
 ParOldGen       total 1646080K, used 770318K [0x00000005ca400000, 0x000000062eb80000, 0x0000000718c00000)
  object space 1646080K, 46% used [0x00000005ca400000,0x00000005f9443a08,0x000000062eb80000)
 Metaspace       used 19892K, capacity 20156K, committed 20480K, reserved 1067008K
  class space    used 2106K, capacity 2178K, committed 2304K, reserved 1048576K
Event: 216.631 GC heap after
Heap after GC invocations=87 (full 13):
 PSYoungGen      total 1826816K, used 270881K [0x0000000718c00000, 0x00000007c0000000, 0x00000007c0000000)
  eden space 913408K, 0% used [0x0000000718c00000,0x0000000718c00000,0x0000000750800000)
  from space 913408K, 29% used [0x0000000788400000,0x0000000798c88740,0x00000007c0000000)
  to   space 913408K, 0% used [0x0000000750800000,0x0000000750800000,0x0000000788400000)
 ParOldGen       total 1646080K, used 960099K [0x00000005ca400000, 0x000000062eb80000, 0x0000000718c00000)
  object space 1646080K, 58% used [0x00000005ca400000,0x0000000604d98f60,0x000000062eb80000)
 Metaspace       used 19892K, capacity 20156K, committed 20480K, reserved 1067008K
  class space    used 2106K, capacity 2178K, committed 2304K, reserved 1048576K
}
Event: 218.334 GC heap before
{Heap before GC invocations=88 (full 13):
 PSYoungGen      total 1826816K, used 1184289K [0x0000000718c00000, 0x00000007c0000000, 0x00000007c0000000)
  eden space 913408K, 100% used [0x0000000718c00000,0x0000000750800000,0x0000000750800000)
  from space 913408K, 29% used [0x0000000788400000,0x0000000798c88740,0x00000007c0000000)
  to   space 913408K, 0% used [0x0000000750800000,0x0000000750800000,0x0000000788400000)
 ParOldGen       total 1646080K, used 960099K [0x00000005ca400000, 0x000000062eb80000, 0x0000000718c00000)
  object space 1646080K, 58% used [0x00000005ca400000,0x0000000604d98f60,0x000000062eb80000)
 Metaspace       used 19901K, capacity 20156K, committed 20480K, reserved 1067008K
  class space    used 2106K, capacity 2178K, committed 2304K, reserved 1048576K
Event: 220.016 GC heap after
Heap after GC invocations=88 (full 13):
 PSYoungGen      total 1826816K, used 168954K [0x0000000718c00000, 0x00000007c0000000, 0x00000007c0000000)
  eden space 913408K, 0% used [0x0000000718c00000,0x0000000718c00000,0x0000000750800000)
  from space 913408K, 18% used [0x0000000750800000,0x000000075acfe8e8,0x0000000788400000)
  to   space 913408K, 0% used [0x0000000788400000,0x0000000788400000,0x00000007c0000000)
 ParOldGen       total 1646080K, used 1185365K [0x00000005ca400000, 0x000000062eb80000, 0x0000000718c00000)
  object space 1646080K, 72% used [0x00000005ca400000,0x0000000612995778,0x000000062eb80000)
 Metaspace       used 19901K, capacity 20156K, committed 20480K, reserved 1067008K
  class space    used 2106K, capacity 2178K, committed 2304K, reserved 1048576K
}
Event: 223.135 GC heap before
{Heap before GC invocations=89 (full 13):
 PSYoungGen      total 1826816K, used 1080282K [0x0000000718c00000, 0x00000007c0000000, 0x00000007c0000000)
  eden space 913408K, 99% used [0x0000000718c00000,0x00000007505f8030,0x0000000750800000)
  from space 913408K, 18% used [0x0000000750800000,0x000000075acfe8e8,0x0000000788400000)
  to   space 913408K, 0% used [0x0000000788400000,0x0000000788400000,0x00000007c0000000)
 ParOldGen       total 1646080K, used 1185365K [0x00000005ca400000, 0x000000062eb80000, 0x0000000718c00000)
  object space 1646080K, 72% used [0x00000005ca400000,0x0000000612995778,0x000000062eb80000)
 Metaspace       used 19907K, capacity 20156K, committed 20480K, reserved 1067008K
  class space    used 2106K, capacity 2178K, committed 2304K, reserved 1048576K
Event: 223.473 GC heap after
Heap after GC invocations=89 (full 13):
 PSYoungGen      total 1826816K, used 504519K [0x0000000718c00000, 0x00000007c0000000, 0x00000007c0000000)
  eden space 913408K, 0% used [0x0000000718c00000,0x0000000718c00000,0x0000000750800000)
  from space 913408K, 55% used [0x0000000788400000,0x00000007a70b1cf0,0x00000007c0000000)
  to   space 913408K, 0% used [0x0000000750800000,0x0000000750800000,0x0000000788400000)
 ParOldGen       total 1646080K, used 1342504K [0x00000005ca400000, 0x000000062eb80000, 0x0000000718c00000)
  object space 1646080K, 81% used [0x00000005ca400000,0x000000061c30a060,0x000000062eb80000)
 Metaspace       used 19907K, capacity 20156K, committed 20480K, reserved 1067008K
  class space    used 2106K, capacity 2178K, committed 2304K, reserved 1048576K
}
Event: 223.473 GC heap before
{Heap before GC invocations=90 (full 14):
 PSYoungGen      total 1826816K, used 504519K [0x0000000718c00000, 0x00000007c0000000, 0x00000007c0000000)
  eden space 913408K, 0% used [0x0000000718c00000,0x0000000718c00000,0x0000000750800000)
  from space 913408K, 55% used [0x0000000788400000,0x00000007a70b1cf0,0x00000007c0000000)
  to   space 913408K, 0% used [0x0000000750800000,0x0000000750800000,0x0000000788400000)
 ParOldGen       total 1646080K, used 1342504K [0x00000005ca400000, 0x000000062eb80000, 0x0000000718c00000)
  object space 1646080K, 81% used [0x00000005ca400000,0x000000061c30a060,0x000000062eb80000)
 Metaspace       used 19907K, capacity 20156K, committed 20480K, reserved 1067008K
  class space    used 2106K, capacity 2178K, committed 2304K, reserved 1048576K
Event: 224.116 GC heap after
Heap after GC invocations=90 (full 14):
 PSYoungGen      total 1826816K, used 0K [0x0000000718c00000, 0x00000007c0000000, 0x00000007c0000000)
  eden space 913408K, 0% used [0x0000000718c00000,0x0000000718c00000,0x0000000750800000)
  from space 913408K, 0% used [0x0000000788400000,0x0000000788400000,0x00000007c0000000)
  to   space 913408K, 0% used [0x0000000750800000,0x0000000750800000,0x0000000788400000)
 ParOldGen       total 1784832K, used 889347K [0x00000005ca400000, 0x0000000637300000, 0x0000000718c00000)
  object space 1784832K, 49% used [0x00000005ca400000,0x0000000600880c48,0x0000000637300000)
 Metaspace       used 19907K, capacity 20156K, committed 20480K, reserved 1067008K
  class space    used 2106K, capacity 2178K, committed 2304K, reserved 1048576K
}
Event: 225.847 GC heap before
{Heap before GC invocations=91 (full 14):
 PSYoungGen      total 1826816K, used 913408K [0x0000000718c00000, 0x00000007c0000000, 0x00000007c0000000)
  eden space 913408K, 100% used [0x0000000718c00000,0x0000000750800000,0x0000000750800000)
  from space 913408K, 0% used [0x0000000788400000,0x0000000788400000,0x00000007c0000000)
  to   space 913408K, 0% used [0x0000000750800000,0x0000000750800000,0x0000000788400000)
 ParOldGen       total 1784832K, used 889347K [0x00000005ca400000, 0x0000000637300000, 0x0000000718c00000)
  object space 1784832K, 49% used [0x00000005ca400000,0x0000000600880c48,0x0000000637300000)
 Metaspace       used 19941K, capacity 20296K, committed 20480K, reserved 1067008K
  class space    used 2107K, capacity 2180K, committed 2304K, reserved 1048576K
Event: 225.885 GC heap after
Heap after GC invocations=91 (full 14):
 PSYoungGen      total 1826816K, used 159435K [0x0000000718c00000, 0x00000007c0000000, 0x00000007c0000000)
  eden space 913408K, 0% used [0x0000000718c00000,0x0000000718c00000,0x0000000750800000)
  from space 913408K, 17% used [0x0000000750800000,0x000000075a3b2d18,0x0000000788400000)
  to   space 913408K, 0% used [0x0000000788400000,0x0000000788400000,0x00000007c0000000)
 ParOldGen       total 1784832K, used 889355K [0x00000005ca400000, 0x0000000637300000, 0x0000000718c00000)
  object space 1784832K, 49% used [0x00000005ca400000,0x0000000600882c48,0x0000000637300000)
 Metaspace       used 19941K, capacity 20296K, committed 20480K, reserved 1067008K
  class space    used 2107K, capacity 2180K, committed 2304K, reserved 1048576K
}
Event: 230.274 GC heap before
{Heap before GC invocations=92 (full 14):
 PSYoungGen      total 1826816K, used 1072843K [0x0000000718c00000, 0x00000007c0000000, 0x00000007c0000000)
  eden space 913408K, 100% used [0x0000000718c00000,0x0000000750800000,0x0000000750800000)
  from space 913408K, 17% used [0x0000000750800000,0x000000075a3b2d18,0x0000000788400000)
  to   space 913408K, 0% used [0x0000000788400000,0x0000000788400000,0x00000007c0000000)
 ParOldGen       total 1784832K, used 889355K [0x00000005ca400000, 0x0000000637300000, 0x0000000718c00000)
  object space 1784832K, 49% used [0x00000005ca400000,0x0000000600882c48,0x0000000637300000)
 Metaspace       used 19942K, capacity 20296K, committed 20480K, reserved 1067008K
  class space    used 2107K, capacity 2180K, committed 2304K, reserved 1048576K
Event: 230.420 GC heap after
Heap after GC invocations=92 (full 14):
 PSYoungGen      total 1826816K, used 319906K [0x0000000718c00000, 0x00000007c0000000, 0x00000007c0000000)
  eden space 913408K, 0% used [0x0000000718c00000,0x0000000718c00000,0x0000000750800000)
  from space 913408K, 35% used [0x0000000788400000,0x000000079bc688f0,0x00000007c0000000)
  to   space 913408K, 0% used [0x0000000750800000,0x0000000750800000,0x0000000788400000)
 ParOldGen       total 1784832K, used 1049084K [0x00000005ca400000, 0x0000000637300000, 0x0000000718c00000)
  object space 1784832K, 58% used [0x00000005ca400000,0x000000060a47f2d0,0x0000000637300000)
 Metaspace       used 19942K, capacity 20296K, committed 20480K, reserved 1067008K
  class space    used 2107K, capacity 2180K, committed 2304K, reserved 1048576K
}
Event: 232.310 GC heap before
{Heap before GC invocations=93 (full 14):
 PSYoungGen      total 1826816K, used 1231475K [0x0000000718c00000, 0x00000007c0000000, 0x00000007c0000000)
  eden space 913408K, 99% used [0x0000000718c00000,0x00000007506346f8,0x0000000750800000)
  from space 913408K, 35% used [0x0000000788400000,0x000000079bc688f0,0x00000007c0000000)
  to   space 913408K, 0% used [0x0000000750800000,0x0000000750800000,0x0000000788400000)
 ParOldGen       total 1784832K, used 1049084K [0x00000005ca400000, 0x0000000637300000, 0x0000000718c00000)
  object space 1784832K, 58% used [0x00000005ca400000,0x000000060a47f2d0,0x0000000637300000)
 Metaspace       used 19944K, capacity 20296K, committed 20480K, reserved 1067008K
  class space    used 2107K, capacity 2180K, committed 2304K, reserved 1048576K
Event: 232.502 GC heap after
Heap after GC invocations=93 (full 14):
 PSYoungGen      total 1826816K, used 193512K [0x0000000718c00000, 0x00000007c0000000, 0x00000007c0000000)
  eden space 913408K, 0% used [0x0000000718c00000,0x0000000718c00000,0x0000000750800000)
  from space 913408K, 21% used [0x0000000750800000,0x000000075c4fa270,0x0000000788400000)
  to   space 913408K, 0% used [0x0000000788400000,0x0000000788400000,0x00000007c0000000)
 ParOldGen       total 1784832K, used 1316827K [0x00000005ca400000, 0x0000000637300000, 0x0000000718c00000)
  object space 1784832K, 73% used [0x00000005ca400000,0x000000061a9f6d70,0x0000000637300000)
 Metaspace       used 19944K, capacity 20296K, committed 20480K, reserved 1067008K
  class space    used 2107K, capacity 2180K, committed 2304K, reserved 1048576K
}
Event: 235.313 GC heap before
{Heap before GC invocations=94 (full 14):
 PSYoungGen      total 1826816K, used 1106920K [0x0000000718c00000, 0x00000007c0000000, 0x00000007c0000000)
  eden space 913408K, 100% used [0x0000000718c00000,0x0000000750800000,0x0000000750800000)
  from space 913408K, 21% used [0x0000000750800000,0x000000075c4fa270,0x0000000788400000)
  to   space 913408K, 0% used [0x0000000788400000,0x0000000788400000,0x00000007c0000000)
 ParOldGen       total 1784832K, used 1316827K [0x00000005ca400000, 0x0000000637300000, 0x0000000718c00000)
  object space 1784832K, 73% used [0x00000005ca400000,0x000000061a9f6d70,0x0000000637300000)
 Metaspace       used 19945K, capacity 20296K, committed 20480K, reserved 1067008K
  class space    used 2107K, capacity 2180K, committed 2304K, reserved 1048576K
Event: 235.626 GC heap after
Heap after GC invocations=94 (full 14):
 PSYoungGen      total 1826816K, used 505773K [0x0000000718c00000, 0x00000007c0000000, 0x00000007c0000000)
  eden space 913408K, 0% used [0x0000000718c00000,0x0000000718c00000,0x0000000750800000)
  from space 913408K, 55% used [0x0000000788400000,0x00000007a71eb768,0x00000007c0000000)
  to   space 913408K, 0% used [0x0000000750800000,0x0000000750800000,0x0000000788400000)
 ParOldGen       total 1784832K, used 1505515K [0x00000005ca400000, 0x0000000637300000, 0x0000000718c00000)
  object space 1784832K, 84% used [0x00000005ca400000,0x000000062623afd0,0x0000000637300000)
 Metaspace       used 19945K, capacity 20296K, committed 20480K, reserved 1067008K
  class space    used 2107K, capacity 2180K, committed 2304K, reserved 1048576K
}
Event: 235.627 GC heap before
{Heap before GC invocations=95 (full 15):
 PSYoungGen      total 1826816K, used 505773K [0x0000000718c00000, 0x00000007c0000000, 0x00000007c0000000)
  eden space 913408K, 0% used [0x0000000718c00000,0x0000000718c00000,0x0000000750800000)
  from space 913408K, 55% used [0x0000000788400000,0x00000007a71eb768,0x00000007c0000000)
  to   space 913408K, 0% used [0x0000000750800000,0x0000000750800000,0x0000000788400000)
 ParOldGen       total 1784832K, used 1505515K [0x00000005ca400000, 0x0000000637300000, 0x0000000718c00000)
  object space 1784832K, 84% used [0x00000005ca400000,0x000000062623afd0,0x0000000637300000)
 Metaspace       used 19945K, capacity 20296K, committed 20480K, reserved 1067008K
  class space    used 2107K, capacity 2180K, committed 2304K, reserved 1048576K
Event: 236.243 GC heap after
Heap after GC invocations=95 (full 15):
 PSYoungGen      total 1826816K, used 0K [0x0000000718c00000, 0x00000007c0000000, 0x00000007c0000000)
  eden space 913408K, 0% used [0x0000000718c00000,0x0000000718c00000,0x0000000750800000)
  from space 913408K, 0% used [0x0000000788400000,0x0000000788400000,0x00000007c0000000)
  to   space 913408K, 0% used [0x0000000750800000,0x0000000750800000,0x0000000788400000)
 ParOldGen       total 1887744K, used 947519K [0x00000005ca400000, 0x000000063d780000, 0x0000000718c00000)
  object space 1887744K, 50% used [0x00000005ca400000,0x000000060414fd90,0x000000063d780000)
 Metaspace       used 19945K, capacity 20296K, committed 20480K, reserved 1067008K
  class space    used 2107K, capacity 2180K, committed 2304K, reserved 1048576K
}
Event: 238.459 GC heap before
{Heap before GC invocations=96 (full 15):
 PSYoungGen      total 1826816K, used 913408K [0x0000000718c00000, 0x00000007c0000000, 0x00000007c0000000)
  eden space 913408K, 100% used [0x0000000718c00000,0x0000000750800000,0x0000000750800000)
  from space 913408K, 0% used [0x0000000788400000,0x0000000788400000,0x00000007c0000000)
  to   space 913408K, 0% used [0x0000000750800000,0x0000000750800000,0x0000000788400000)
 ParOldGen       total 1887744K, used 947519K [0x00000005ca400000, 0x000000063d780000, 0x0000000718c00000)
  object space 1887744K, 50% used [0x00000005ca400000,0x000000060414fd90,0x000000063d780000)
 Metaspace       used 19955K, capacity 20296K, committed 20480K, reserved 1067008K
  class space    used 2107K, capacity 2180K, committed 2304K, reserved 1048576K
Event: 238.495 GC heap after
Heap after GC invocations=96 (full 15):
 PSYoungGen      total 1826816K, used 171142K [0x0000000718c00000, 0x00000007c0000000, 0x00000007c0000000)
  eden space 913408K, 0% used [0x0000000718c00000,0x0000000718c00000,0x0000000750800000)
  from space 913408K, 18% used [0x0000000750800000,0x000000075af21b50,0x0000000788400000)
  to   space 913408K, 0% used [0x0000000788400000,0x0000000788400000,0x00000007c0000000)
 ParOldGen       total 1887744K, used 947527K [0x00000005ca400000, 0x000000063d780000, 0x0000000718c00000)
  object space 1887744K, 50% used [0x00000005ca400000,0x0000000604151d90,0x000000063d780000)
 Metaspace       used 19955K, capacity 20296K, committed 20480K, reserved 1067008K
  class space    used 2107K, capacity 2180K, committed 2304K, reserved 1048576K
}
Event: 241.765 GC heap before
{Heap before GC invocations=97 (full 15):
 PSYoungGen      total 1826816K, used 1084550K [0x0000000718c00000, 0x00000007c0000000, 0x00000007c0000000)
  eden space 913408K, 100% used [0x0000000718c00000,0x0000000750800000,0x0000000750800000)
  from space 913408K, 18% used [0x0000000750800000,0x000000075af21b50,0x0000000788400000)
  to   space 913408K, 0% used [0x0000000788400000,0x0000000788400000,0x00000007c0000000)
 ParOldGen       total 1887744K, used 947527K [0x00000005ca400000, 0x000000063d780000, 0x0000000718c00000)
  object space 1887744K, 50% used [0x00000005ca400000,0x0000000604151d90,0x000000063d780000)
 Metaspace       used 19956K, capacity 20296K, committed 20480K, reserved 1067008K
  class space    used 2107K, capacity 2180K, committed 2304K, reserved 1048576K
Event: 241.905 GC heap after
Heap after GC invocations=97 (full 15):
 PSYoungGen      total 1826816K, used 383810K [0x0000000718c00000, 0x00000007c0000000, 0x00000007c0000000)
  eden space 913408K, 0% used [0x0000000718c00000,0x0000000718c00000,0x0000000750800000)
  from space 913408K, 42% used [0x0000000788400000,0x000000079fad0a80,0x00000007c0000000)
  to   space 913408K, 0% used [0x0000000750800000,0x0000000750800000,0x0000000788400000)
 ParOldGen       total 1887744K, used 1110435K [0x00000005ca400000, 0x000000063d780000, 0x0000000718c00000)
  object space 1887744K, 58% used [0x00000005ca400000,0x000000060e068ca8,0x000000063d780000)
 Metaspace       used 19956K, capacity 20296K, committed 20480K, reserved 1067008K
  class space    used 2107K, capacity 2180K, committed 2304K, reserved 1048576K
}
Event: 243.709 GC heap before
{Heap before GC invocations=98 (full 15):
 PSYoungGen      total 1826816K, used 1297218K [0x0000000718c00000, 0x00000007c0000000, 0x00000007c0000000)
  eden space 913408K, 100% used [0x0000000718c00000,0x0000000750800000,0x0000000750800000)
  from space 913408K, 42% used [0x0000000788400000,0x000000079fad0a80,0x00000007c0000000)
  to   space 913408K, 0% used [0x0000000750800000,0x0000000750800000,0x0000000788400000)
 ParOldGen       total 1887744K, used 1110435K [0x00000005ca400000, 0x000000063d780000, 0x0000000718c00000)
  object space 1887744K, 58% used [0x00000005ca400000,0x000000060e068ca8,0x000000063d780000)
 Metaspace       used 19956K, capacity 20296K, committed 20480K, reserved 1067008K
  class space    used 2107K, capacity 2180K, committed 2304K, reserved 1048576K
Event: 243.962 GC heap after
Heap after GC invocations=98 (full 15):
 PSYoungGen      total 1826816K, used 194807K [0x0000000718c00000, 0x00000007c0000000, 0x00000007c0000000)
  eden space 913408K, 0% used [0x0000000718c00000,0x0000000718c00000,0x0000000750800000)
  from space 913408K, 21% used [0x0000000750800000,0x000000075c63ddb8,0x0000000788400000)
  to   space 913408K, 0% used [0x0000000788400000,0x0000000788400000,0x00000007c0000000)
 ParOldGen       total 1887744K, used 1440114K [0x00000005ca400000, 0x000000063d780000, 0x0000000718c00000)
  object space 1887744K, 76% used [0x00000005ca400000,0x000000062225ca00,0x000000063d780000)
 Metaspace       used 19956K, capacity 20296K, committed 20480K, reserved 1067008K
  class space    used 2107K, capacity 2180K, committed 2304K, reserved 1048576K
}
Event: 246.893 GC heap before
{Heap before GC invocations=99 (full 15):
 PSYoungGen      total 1826816K, used 1108215K [0x0000000718c00000, 0x00000007c0000000, 0x00000007c0000000)
  eden space 913408K, 100% used [0x0000000718c00000,0x0000000750800000,0x0000000750800000)
  from space 913408K, 21% used [0x0000000750800000,0x000000075c63ddb8,0x0000000788400000)
  to   space 913408K, 0% used [0x0000000788400000,0x0000000788400000,0x00000007c0000000)
 ParOldGen       total 1887744K, used 1440114K [0x00000005ca400000, 0x000000063d780000, 0x0000000718c00000)
  object space 1887744K, 76% used [0x00000005ca400000,0x000000062225ca00,0x000000063d780000)
 Metaspace       used 19956K, capacity 20296K, committed 20480K, reserved 1067008K
  class space    used 2107K, capacity 2180K, committed 2304K, reserved 1048576K
Event: 247.194 GC heap after
Heap after GC invocations=99 (full 15):
 PSYoungGen      total 1826816K, used 502484K [0x0000000718c00000, 0x00000007c0000000, 0x00000007c0000000)
  eden space 913408K, 0% used [0x0000000718c00000,0x0000000718c00000,0x0000000750800000)
  from space 913408K, 55% used [0x0000000788400000,0x00000007a6eb5108,0x00000007c0000000)
  to   space 913408K, 0% used [0x0000000750800000,0x0000000750800000,0x0000000788400000)
 ParOldGen       total 1887744K, used 1627630K [0x00000005ca400000, 0x000000063d780000, 0x0000000718c00000)
  object space 1887744K, 86% used [0x00000005ca400000,0x000000062d97b9e8,0x000000063d780000)
 Metaspace       used 19956K, capacity 20296K, committed 20480K, reserved 1067008K
  class space    used 2107K, capacity 2180K, committed 2304K, reserved 1048576K
}
Event: 247.194 GC heap before
{Heap before GC invocations=100 (full 16):
 PSYoungGen      total 1826816K, used 502484K [0x0000000718c00000, 0x00000007c0000000, 0x00000007c0000000)
  eden space 913408K, 0% used [0x0000000718c00000,0x0000000718c00000,0x0000000750800000)
  from space 913408K, 55% used [0x0000000788400000,0x00000007a6eb5108,0x00000007c0000000)
  to   space 913408K, 0% used [0x0000000750800000,0x0000000750800000,0x0000000788400000)
 ParOldGen       total 1887744K, used 1627630K [0x00000005ca400000, 0x000000063d780000, 0x0000000718c00000)
  object space 1887744K, 86% used [0x00000005ca400000,0x000000062d97b9e8,0x000000063d780000)
 Metaspace       used 19956K, capacity 20296K, committed 20480K, reserved 1067008K
  class space    used 2107K, capacity 2180K, committed 2304K, reserved 1048576K
Event: 247.849 GC heap after
Heap after GC invocations=100 (full 16):
 PSYoungGen      total 1826816K, used 0K [0x0000000718c00000, 0x00000007c0000000, 0x00000007c0000000)
  eden space 913408K, 0% used [0x0000000718c00000,0x0000000718c00000,0x0000000750800000)
  from space 913408K, 0% used [0x0000000788400000,0x0000000788400000,0x00000007c0000000)
  to   space 913408K, 0% used [0x0000000750800000,0x0000000750800000,0x0000000788400000)
 ParOldGen       total 1985024K, used 981291K [0x00000005ca400000, 0x0000000643680000, 0x0000000718c00000)
  object space 1985024K, 49% used [0x00000005ca400000,0x000000060624ac98,0x0000000643680000)
 Metaspace       used 19956K, capacity 20296K, committed 20480K, reserved 1067008K
  class space    used 2107K, capacity 2180K, committed 2304K, reserved 1048576K
}
Event: 250.120 GC heap before
{Heap before GC invocations=101 (full 16):
 PSYoungGen      total 1826816K, used 913408K [0x0000000718c00000, 0x00000007c0000000, 0x00000007c0000000)
  eden space 913408K, 100% used [0x0000000718c00000,0x0000000750800000,0x0000000750800000)
  from space 913408K, 0% used [0x0000000788400000,0x0000000788400000,0x00000007c0000000)
  to   space 913408K, 0% used [0x0000000750800000,0x0000000750800000,0x0000000788400000)
 ParOldGen       total 1985024K, used 981291K [0x00000005ca400000, 0x0000000643680000, 0x0000000718c00000)
  object space 1985024K, 49% used [0x00000005ca400000,0x000000060624ac98,0x0000000643680000)
 Metaspace       used 19991K, capacity 20304K, committed 20480K, reserved 1067008K
  class space    used 2107K, capacity 2180K, committed 2304K, reserved 1048576K
Event: 250.156 GC heap after
Heap after GC invocations=101 (full 16):
 PSYoungGen      total 1826816K, used 158369K [0x0000000718c00000, 0x00000007c0000000, 0x00000007c0000000)
  eden space 913408K, 0% used [0x0000000718c00000,0x0000000718c00000,0x0000000750800000)
  from space 913408K, 17% used [0x0000000750800000,0x000000075a2a8578,0x0000000788400000)
  to   space 913408K, 0% used [0x0000000788400000,0x0000000788400000,0x00000007c0000000)
 ParOldGen       total 1985024K, used 981299K [0x00000005ca400000, 0x0000000643680000, 0x0000000718c00000)
  object space 1985024K, 49% used [0x00000005ca400000,0x000000060624cc98,0x0000000643680000)
 Metaspace       used 19991K, capacity 20304K, committed 20480K, reserved 1067008K
  class space    used 2107K, capacity 2180K, committed 2304K, reserved 1048576K
}
Event: 251.869 GC heap before
{Heap before GC invocations=102 (full 16):
 PSYoungGen      total 1826816K, used 1071777K [0x0000000718c00000, 0x00000007c0000000, 0x00000007c0000000)
  eden space 913408K, 100% used [0x0000000718c00000,0x0000000750800000,0x0000000750800000)
  from space 913408K, 17% used [0x0000000750800000,0x000000075a2a8578,0x0000000788400000)
  to   space 913408K, 0% used [0x0000000788400000,0x0000000788400000,0x00000007c0000000)
 ParOldGen       total 1985024K, used 981299K [0x00000005ca400000, 0x0000000643680000, 0x0000000718c00000)
  object space 1985024K, 49% used [0x00000005ca400000,0x000000060624cc98,0x0000000643680000)
 Metaspace       used 20002K, capacity 20304K, committed 20480K, reserved 1067008K
  class space    used 2107K, capacity 2180K, committed 2304K, reserved 1048576K
Event: 252.014 GC heap after
Heap after GC invocations=102 (full 16):
 PSYoungGen      total 1826816K, used 443235K [0x0000000718c00000, 0x00000007c0000000, 0x00000007c0000000)
  eden space 913408K, 0% used [0x0000000718c00000,0x0000000718c00000,0x0000000750800000)
  from space 913408K, 48% used [0x0000000788400000,0x00000007a34d8d90,0x00000007c0000000)
  to   space 913408K, 0% used [0x0000000750800000,0x0000000750800000,0x0000000788400000)
 ParOldGen       total 1985024K, used 1138585K [0x00000005ca400000, 0x0000000643680000, 0x0000000718c00000)
  object space 1985024K, 57% used [0x00000005ca400000,0x000000060fbe6470,0x0000000643680000)
 Metaspace       used 20002K, capacity 20304K, committed 20480K, reserved 1067008K
  class space    used 2107K, capacity 2180K, committed 2304K, reserved 1048576K
}
Event: 255.070 GC heap before
{Heap before GC invocations=103 (full 16):
 PSYoungGen      total 1826816K, used 1356643K [0x0000000718c00000, 0x00000007c0000000, 0x00000007c0000000)
  eden space 913408K, 100% used [0x0000000718c00000,0x0000000750800000,0x0000000750800000)
  from space 913408K, 48% used [0x0000000788400000,0x00000007a34d8d90,0x00000007c0000000)
  to   space 913408K, 0% used [0x0000000750800000,0x0000000750800000,0x0000000788400000)
 ParOldGen       total 1985024K, used 1138585K [0x00000005ca400000, 0x0000000643680000, 0x0000000718c00000)
  object space 1985024K, 57% used [0x00000005ca400000,0x000000060fbe6470,0x0000000643680000)
 Metaspace       used 20004K, capacity 20304K, committed 20480K, reserved 1067008K
  class space    used 2107K, capacity 2180K, committed 2304K, reserved 1048576K
Event: 255.353 GC heap after
Heap after GC invocations=103 (full 16):
 PSYoungGen      total 1091072K, used 177327K [0x0000000718c00000, 0x00000007bdc00000, 0x00000007c0000000)
  eden space 913408K, 0% used [0x0000000718c00000,0x0000000718c00000,0x0000000750800000)
  from space 177664K, 99% used [0x0000000750800000,0x000000075b52bfb0,0x000000075b580000)
  to   space 894976K, 0% used [0x0000000787200000,0x0000000787200000,0x00000007bdc00000)
 ParOldGen       total 1985024K, used 1542640K [0x00000005ca400000, 0x0000000643680000, 0x0000000718c00000)
  object space 1985024K, 77% used [0x00000005ca400000,0x000000062867c2e8,0x0000000643680000)
 Metaspace       used 20004K, capacity 20304K, committed 20480K, reserved 1067008K
  class space    used 2107K, capacity 2180K, committed 2304K, reserved 1048576K
}
Event: 255.353 GC heap before
{Heap before GC invocations=104 (full 17):
 PSYoungGen      total 1091072K, used 177327K [0x0000000718c00000, 0x00000007bdc00000, 0x00000007c0000000)
  eden space 913408K, 0% used [0x0000000718c00000,0x0000000718c00000,0x0000000750800000)
  from space 177664K, 99% used [0x0000000750800000,0x000000075b52bfb0,0x000000075b580000)
  to   space 894976K, 0% used [0x0000000787200000,0x0000000787200000,0x00000007bdc00000)
 ParOldGen       total 1985024K, used 1542640K [0x00000005ca400000, 0x0000000643680000, 0x0000000718c00000)
  object space 1985024K, 77% used [0x00000005ca400000,0x000000062867c2e8,0x0000000643680000)
 Metaspace       used 20004K, capacity 20304K, committed 20480K, reserved 1067008K
  class space    used 2107K, capacity 2180K, committed 2304K, reserved 1048576K
Event: 255.830 GC heap after
Heap after GC invocations=104 (full 17):
 PSYoungGen      total 1091072K, used 0K [0x0000000718c00000, 0x00000007bdc00000, 0x00000007c0000000)
  eden space 913408K, 0% used [0x0000000718c00000,0x0000000718c00000,0x0000000750800000)
  from space 177664K, 0% used [0x0000000750800000,0x0000000750800000,0x000000075b580000)
  to   space 894976K, 0% used [0x0000000787200000,0x0000000787200000,0x00000007bdc00000)
 ParOldGen       total 1754112K, used 647302K [0x00000005ca400000, 0x0000000635500000, 0x0000000718c00000)
  object space 1754112K, 36% used [0x00000005ca400000,0x00000005f1c21aa0,0x0000000635500000)
 Metaspace       used 20004K, capacity 20304K, committed 20480K, reserved 1067008K
  class space    used 2107K, capacity 2180K, committed 2304K, reserved 1048576K
}
Event: 259.111 GC heap before
{Heap before GC invocations=105 (full 17):
 PSYoungGen      total 1091072K, used 913408K [0x0000000718c00000, 0x00000007bdc00000, 0x00000007c0000000)
  eden space 913408K, 100% used [0x0000000718c00000,0x0000000750800000,0x0000000750800000)
  from space 177664K, 0% used [0x0000000750800000,0x0000000750800000,0x000000075b580000)
  to   space 894976K, 0% used [0x0000000787200000,0x0000000787200000,0x00000007bdc00000)
 ParOldGen       total 1754112K, used 647302K [0x00000005ca400000, 0x0000000635500000, 0x0000000718c00000)
  object space 1754112K, 36% used [0x00000005ca400000,0x00000005f1c21aa0,0x0000000635500000)
 Metaspace       used 20004K, capacity 20304K, committed 20480K, reserved 1067008K
  class space    used 2107K, capacity 2180K, committed 2304K, reserved 1048576K
Event: 259.236 GC heap after
Heap after GC invocations=105 (full 17):
 PSYoungGen      total 1806848K, used 507063K [0x0000000718c00000, 0x00000007c0000000, 0x00000007c0000000)
  eden space 911872K, 0% used [0x0000000718c00000,0x0000000718c00000,0x0000000750680000)
  from space 894976K, 56% used [0x0000000787200000,0x00000007a612df28,0x00000007bdc00000)
  to   space 896512K, 0% used [0x0000000750680000,0x0000000750680000,0x0000000787200000)
 ParOldGen       total 1754112K, used 647302K [0x00000005ca400000, 0x0000000635500000, 0x0000000718c00000)
  object space 1754112K, 36% used [0x00000005ca400000,0x00000005f1c21aa0,0x0000000635500000)
 Metaspace       used 20004K, capacity 20304K, committed 20480K, reserved 1067008K
  class space    used 2107K, capacity 2180K, committed 2304K, reserved 1048576K
}
Event: 261.937 GC heap before
{Heap before GC invocations=106 (full 17):
 PSYoungGen      total 1806848K, used 1418935K [0x0000000718c00000, 0x00000007c0000000, 0x00000007c0000000)
  eden space 911872K, 100% used [0x0000000718c00000,0x0000000750680000,0x0000000750680000)
  from space 894976K, 56% used [0x0000000787200000,0x00000007a612df28,0x00000007bdc00000)
  to   space 896512K, 0% used [0x0000000750680000,0x0000000750680000,0x0000000787200000)
 ParOldGen       total 1754112K, used 647302K [0x00000005ca400000, 0x0000000635500000, 0x0000000718c00000)
  object space 1754112K, 36% used [0x00000005ca400000,0x00000005f1c21aa0,0x0000000635500000)
 Metaspace       used 20020K, capacity 20368K, committed 20736K, reserved 1067008K
  class space    used 2107K, capacity 2180K, committed 2304K, reserved 1048576K
Event: 262.199 GC heap after
Heap after GC invocations=106 (full 17):
 PSYoungGen      total 1808384K, used 238444K [0x0000000718c00000, 0x00000007bc880000, 0x00000007c0000000)
  eden space 911872K, 0% used [0x0000000718c00000,0x0000000718c00000,0x0000000750680000)
  from space 896512K, 26% used [0x0000000750680000,0x000000075ef5b128,0x0000000787200000)
  to   space 867328K, 0% used [0x0000000787980000,0x0000000787980000,0x00000007bc880000)
 ParOldGen       total 1754112K, used 1156603K [0x00000005ca400000, 0x0000000635500000, 0x0000000718c00000)
  object space 1754112K, 65% used [0x00000005ca400000,0x0000000610d7ec68,0x0000000635500000)
 Metaspace       used 20020K, capacity 20368K, committed 20736K, reserved 1067008K
  class space    used 2107K, capacity 2180K, committed 2304K, reserved 1048576K
}
Event: 263.649 GC heap before
{Heap before GC invocations=107 (full 17):
 PSYoungGen      total 1808384K, used 1150316K [0x0000000718c00000, 0x00000007bc880000, 0x00000007c0000000)
  eden space 911872K, 100% used [0x0000000718c00000,0x0000000750680000,0x0000000750680000)
  from space 896512K, 26% used [0x0000000750680000,0x000000075ef5b128,0x0000000787200000)
  to   space 867328K, 0% used [0x0000000787980000,0x0000000787980000,0x00000007bc880000)
 ParOldGen       total 1754112K, used 1156603K [0x00000005ca400000, 0x0000000635500000, 0x0000000718c00000)
  object space 1754112K, 65% used [0x00000005ca400000,0x0000000610d7ec68,0x0000000635500000)
 Metaspace       used 20029K, capacity 20368K, committed 20736K, reserved 1067008K
  class space    used 2107K, capacity 2180K, committed 2304K, reserved 1048576K
Event: 263.824 GC heap after
Heap after GC invocations=107 (full 17):
 PSYoungGen      total 1778176K, used 334328K [0x0000000718c00000, 0x00000007b8880000, 0x00000007c0000000)
  eden space 976384K, 0% used [0x0000000718c00000,0x0000000718c00000,0x0000000754580000)
  from space 801792K, 41% used [0x0000000787980000,0x000000079bffe1c0,0x00000007b8880000)
  to   space 820736K, 0% used [0x0000000754580000,0x0000000754580000,0x0000000786700000)
 ParOldGen       total 1754112K, used 1395049K [0x00000005ca400000, 0x0000000635500000, 0x0000000718c00000)
  object space 1754112K, 79% used [0x00000005ca400000,0x000000061f65a548,0x0000000635500000)
 Metaspace       used 20029K, capacity 20368K, committed 20736K, reserved 1067008K
  class space    used 2107K, capacity 2180K, committed 2304K, reserved 1048576K
}
Event: 263.824 GC heap before
{Heap before GC invocations=108 (full 18):
 PSYoungGen      total 1778176K, used 334328K [0x0000000718c00000, 0x00000007b8880000, 0x00000007c0000000)
  eden space 976384K, 0% used [0x0000000718c00000,0x0000000718c00000,0x0000000754580000)
  from space 801792K, 41% used [0x0000000787980000,0x000000079bffe1c0,0x00000007b8880000)
  to   space 820736K, 0% used [0x0000000754580000,0x0000000754580000,0x0000000786700000)
 ParOldGen       total 1754112K, used 1395049K [0x00000005ca400000, 0x0000000635500000, 0x0000000718c00000)
  object space 1754112K, 79% used [0x00000005ca400000,0x000000061f65a548,0x0000000635500000)
 Metaspace       used 20029K, capacity 20368K, committed 20736K, reserved 1067008K
  class space    used 2107K, capacity 2180K, committed 2304K, reserved 1048576K
Event: 264.117 GC heap after
Heap after GC invocations=108 (full 18):
 PSYoungGen      total 1778176K, used 0K [0x0000000718c00000, 0x00000007b8880000, 0x00000007c0000000)
  eden space 976384K, 0% used [0x0000000718c00000,0x0000000718c00000,0x0000000754580000)
  from space 801792K, 0% used [0x0000000787980000,0x0000000787980000,0x00000007b8880000)
  to   space 820736K, 0% used [0x0000000754580000,0x0000000754580000,0x0000000786700000)
 ParOldGen       total 1630720K, used 401526K [0x00000005ca400000, 0x000000062dc80000, 0x0000000718c00000)
  object space 1630720K, 24% used [0x00000005ca400000,0x00000005e2c1da00,0x000000062dc80000)
 Metaspace       used 20029K, capacity 20368K, committed 20736K, reserved 1067008K
  class space    used 2107K, capacity 2180K, committed 2304K, reserved 1048576K
}
Event: 267.182 GC heap before
{Heap before GC invocations=109 (full 18):
 PSYoungGen      total 1778176K, used 976384K [0x0000000718c00000, 0x00000007b8880000, 0x00000007c0000000)
  eden space 976384K, 100% used [0x0000000718c00000,0x0000000754580000,0x0000000754580000)
  from space 801792K, 0% used [0x0000000787980000,0x0000000787980000,0x00000007b8880000)
  to   space 820736K, 0% used [0x0000000754580000,0x0000000754580000,0x0000000786700000)
 ParOldGen       total 1630720K, used 401526K [0x00000005ca400000, 0x000000062dc80000, 0x0000000718c00000)
  object space 1630720K, 24% used [0x00000005ca400000,0x00000005e2c1da00,0x000000062dc80000)
 Metaspace       used 20031K, capacity 20368K, committed 20736K, reserved 1067008K
  class space    used 2107K, capacity 2180K, committed 2304K, reserved 1048576K
Event: 267.248 GC heap after
Heap after GC invocations=109 (full 18):
 PSYoungGen      total 1797120K, used 200642K [0x0000000718c00000, 0x00000007bc780000, 0x00000007c0000000)
  eden space 976384K, 0% used [0x0000000718c00000,0x0000000718c00000,0x0000000754580000)
  from space 820736K, 24% used [0x0000000754580000,0x0000000760970868,0x0000000786700000)
  to   space 801280K, 0% used [0x000000078b900000,0x000000078b900000,0x00000007bc780000)
 ParOldGen       total 1630720K, used 401526K [0x00000005ca400000, 0x000000062dc80000, 0x0000000718c00000)
  object space 1630720K, 24% used [0x00000005ca400000,0x00000005e2c1da00,0x000000062dc80000)
 Metaspace       used 20031K, capacity 20368K, committed 20736K, reserved 1067008K
  class space    used 2107K, capacity 2180K, committed 2304K, reserved 1048576K
}
Event: 269.871 GC heap before
{Heap before GC invocations=110 (full 18):
 PSYoungGen      total 1797120K, used 1177026K [0x0000000718c00000, 0x00000007bc780000, 0x00000007c0000000)
  eden space 976384K, 100% used [0x0000000718c00000,0x0000000754580000,0x0000000754580000)
  from space 820736K, 24% used [0x0000000754580000,0x0000000760970868,0x0000000786700000)
  to   space 801280K, 0% used [0x000000078b900000,0x000000078b900000,0x00000007bc780000)
 ParOldGen       total 1630720K, used 401526K [0x00000005ca400000, 0x000000062dc80000, 0x0000000718c00000)
  object space 1630720K, 24% used [0x00000005ca400000,0x00000005e2c1da00,0x000000062dc80000)
 Metaspace       used 20034K, capacity 20368K, committed 20736K, reserved 1067008K
  class space    used 2107K, capacity 2180K, committed 2304K, reserved 1048576K
Event: 270.038 GC heap after
Heap after GC invocations=110 (full 18):
 PSYoungGen      total 1869824K, used 452509K [0x0000000718c00000, 0x00000007bbd00000, 0x00000007c0000000)
  eden space 1079296K, 0% used [0x0000000718c00000,0x0000000718c00000,0x000000075aa00000)
  from space 790528K, 57% used [0x000000078b900000,0x00000007a72e74d8,0x00000007bbd00000)
  to   space 796160K, 0% used [0x000000075aa00000,0x000000075aa00000,0x000000078b380000)
 ParOldGen       total 1630720K, used 506792K [0x00000005ca400000, 0x000000062dc80000, 0x0000000718c00000)
  object space 1630720K, 31% used [0x00000005ca400000,0x00000005e92ea2f8,0x000000062dc80000)
 Metaspace       used 20034K, capacity 20368K, committed 20736K, reserved 1067008K
  class space    used 2107K, capacity 2180K, committed 2304K, reserved 1048576K
}
Event: 274.169 GC heap before
{Heap before GC invocations=111 (full 18):
 PSYoungGen      total 1869824K, used 1531805K [0x0000000718c00000, 0x00000007bbd00000, 0x00000007c0000000)
  eden space 1079296K, 100% used [0x0000000718c00000,0x000000075aa00000,0x000000075aa00000)
  from space 790528K, 57% used [0x000000078b900000,0x00000007a72e74d8,0x00000007bbd00000)
  to   space 796160K, 0% used [0x000000075aa00000,0x000000075aa00000,0x000000078b380000)
 ParOldGen       total 1630720K, used 506792K [0x00000005ca400000, 0x000000062dc80000, 0x0000000718c00000)
  object space 1630720K, 31% used [0x00000005ca400000,0x00000005e92ea2f8,0x000000062dc80000)
 Metaspace       used 20034K, capacity 20368K, committed 20736K, reserved 1067008K
  class space    used 2107K, capacity 2180K, committed 2304K, reserved 1048576K
Event: 274.450 GC heap after
Heap after GC invocations=111 (full 18):
 PSYoungGen      total 1875456K, used 472953K [0x0000000718c00000, 0x00000007c0000000, 0x00000007c0000000)
  eden space 1079296K, 0% used [0x0000000718c00000,0x0000000718c00000,0x000000075aa00000)
  from space 796160K, 59% used [0x000000075aa00000,0x00000007777de678,0x000000078b380000)
  to   space 796160K, 0% used [0x000000078f680000,0x000000078f680000,0x00000007c0000000)
 ParOldGen       total 1630720K, used 957066K [0x00000005ca400000, 0x000000062dc80000, 0x0000000718c00000)
  object space 1630720K, 58% used [0x00000005ca400000,0x0000000604aa2b00,0x000000062dc80000)
 Metaspace       used 20034K, capacity 20368K, committed 20736K, reserved 1067008K
  class space    used 2107K, capacity 2180K, committed 2304K, reserved 1048576K
}
Event: 275.820 GC heap before
{Heap before GC invocations=112 (full 18):
 PSYoungGen      total 1875456K, used 1552249K [0x0000000718c00000, 0x00000007c0000000, 0x00000007c0000000)
  eden space 1079296K, 100% used [0x0000000718c00000,0x000000075aa00000,0x000000075aa00000)
  from space 796160K, 59% used [0x000000075aa00000,0x00000007777de678,0x000000078b380000)
  to   space 796160K, 0% used [0x000000078f680000,0x000000078f680000,0x00000007c0000000)
 ParOldGen       total 1630720K, used 957066K [0x00000005ca400000, 0x000000062dc80000, 0x0000000718c00000)
  object space 1630720K, 58% used [0x00000005ca400000,0x0000000604aa2b00,0x000000062dc80000)
 Metaspace       used 20037K, capacity 20368K, committed 20736K, reserved 1067008K
  class space    used 2107K, capacity 2180K, committed 2304K, reserved 1048576K
Event: 276.078 GC heap after
Heap after GC invocations=112 (full 18):
 PSYoungGen      total 1882624K, used 294435K [0x0000000718c00000, 0x00000007bc400000, 0x00000007c0000000)
  eden space 1147904K, 0% used [0x0000000718c00000,0x0000000718c00000,0x000000075ed00000)
  from space 734720K, 40% used [0x000000078f680000,0x00000007a1608e08,0x00000007bc400000)
  to   space 765440K, 0% used [0x000000075ed00000,0x000000075ed00000,0x000000078d880000)
 ParOldGen       total 1630720K, used 1427293K [0x00000005ca400000, 0x000000062dc80000, 0x0000000718c00000)
  object space 1630720K, 87% used [0x00000005ca400000,0x00000006215d76b0,0x000000062dc80000)
 Metaspace       used 20037K, capacity 20368K, committed 20736K, reserved 1067008K
  class space    used 2107K, capacity 2180K, committed 2304K, reserved 1048576K
}
Event: 276.078 GC heap before
{Heap before GC invocations=113 (full 19):
 PSYoungGen      total 1882624K, used 294435K [0x0000000718c00000, 0x00000007bc400000, 0x00000007c0000000)
  eden space 1147904K, 0% used [0x0000000718c00000,0x0000000718c00000,0x000000075ed00000)
  from space 734720K, 40% used [0x000000078f680000,0x00000007a1608e08,0x00000007bc400000)
  to   space 765440K, 0% used [0x000000075ed00000,0x000000075ed00000,0x000000078d880000)
 ParOldGen       total 1630720K, used 1427293K [0x00000005ca400000, 0x000000062dc80000, 0x0000000718c00000)
  object space 1630720K, 87% used [0x00000005ca400000,0x00000006215d76b0,0x000000062dc80000)
 Metaspace       used 20037K, capacity 20368K, committed 20736K, reserved 1067008K
  class space    used 2107K, capacity 2180K, committed 2304K, reserved 1048576K
Event: 276.356 GC heap after
Heap after GC invocations=113 (full 19):
 PSYoungGen      total 1882624K, used 0K [0x0000000718c00000, 0x00000007bc400000, 0x00000007c0000000)
  eden space 1147904K, 0% used [0x0000000718c00000,0x0000000718c00000,0x000000075ed00000)
  from space 734720K, 0% used [0x000000078f680000,0x000000078f680000,0x00000007bc400000)
  to   space 765440K, 0% used [0x000000075ed00000,0x000000075ed00000,0x000000078d880000)
 ParOldGen       total 1732096K, used 359856K [0x00000005ca400000, 0x0000000633f80000, 0x0000000718c00000)
  object space 1732096K, 20% used [0x00000005ca400000,0x00000005e036c020,0x0000000633f80000)
 Metaspace       used 20037K, capacity 20368K, committed 20736K, reserved 1067008K
  class space    used 2107K, capacity 2180K, committed 2304K, reserved 1048576K
}
Event: 279.910 GC heap before
{Heap before GC invocations=114 (full 19):
 PSYoungGen      total 1882624K, used 1147904K [0x0000000718c00000, 0x00000007bc400000, 0x00000007c0000000)
  eden space 1147904K, 100% used [0x0000000718c00000,0x000000075ed00000,0x000000075ed00000)
  from space 734720K, 0% used [0x000000078f680000,0x000000078f680000,0x00000007bc400000)
  to   space 765440K, 0% used [0x000000075ed00000,0x000000075ed00000,0x000000078d880000)
 ParOldGen       total 1732096K, used 359856K [0x00000005ca400000, 0x0000000633f80000, 0x0000000718c00000)
  object space 1732096K, 20% used [0x00000005ca400000,0x00000005e036c020,0x0000000633f80000)
 Metaspace       used 20037K, capacity 20368K, committed 20736K, reserved 1067008K
  class space    used 2107K, capacity 2180K, committed 2304K, reserved 1048576K
Event: 280.014 GC heap after
Heap after GC invocations=114 (full 19):
 PSYoungGen      total 1913344K, used 353495K [0x0000000718c00000, 0x00000007bd000000, 0x00000007c0000000)
  eden space 1147904K, 0% used [0x0000000718c00000,0x0000000718c00000,0x000000075ed00000)
  from space 765440K, 46% used [0x000000075ed00000,0x0000000774635de0,0x000000078d880000)
  to   space 725504K, 0% used [0x0000000790b80000,0x0000000790b80000,0x00000007bd000000)
 ParOldGen       total 1732096K, used 359856K [0x00000005ca400000, 0x0000000633f80000, 0x0000000718c00000)
  object space 1732096K, 20% used [0x00000005ca400000,0x00000005e036c020,0x0000000633f80000)
 Metaspace       used 20037K, capacity 20368K, committed 20736K, reserved 1067008K
  class space    used 2107K, capacity 2180K, committed 2304K, reserved 1048576K
}
Event: 283.750 GC heap before
{Heap before GC invocations=115 (full 19):
 PSYoungGen      total 1913344K, used 1501399K [0x0000000718c00000, 0x00000007bd000000, 0x00000007c0000000)
  eden space 1147904K, 100% used [0x0000000718c00000,0x000000075ed00000,0x000000075ed00000)
  from space 765440K, 46% used [0x000000075ed00000,0x0000000774635de0,0x000000078d880000)
  to   space 725504K, 0% used [0x0000000790b80000,0x0000000790b80000,0x00000007bd000000)
 ParOldGen       total 1732096K, used 359856K [0x00000005ca400000, 0x0000000633f80000, 0x0000000718c00000)
  object space 1732096K, 20% used [0x00000005ca400000,0x00000005e036c020,0x0000000633f80000)
 Metaspace       used 20039K, capacity 20368K, committed 20736K, reserved 1067008K
  class space    used 2107K, capacity 2180K, committed 2304K, reserved 1048576K
Event: 284.029 GC heap after
Heap after GC invocations=115 (full 19):
 PSYoungGen      total 1885696K, used 631870K [0x0000000718c00000, 0x00000007c0000000, 0x00000007c0000000)
  eden space 1160192K, 0% used [0x0000000718c00000,0x0000000718c00000,0x000000075f900000)
  from space 725504K, 87% used [0x0000000790b80000,0x00000007b748fbb8,0x00000007bd000000)
  to   space 790016K, 0% used [0x000000075f900000,0x000000075f900000,0x000000078fc80000)
 ParOldGen       total 1732096K, used 650385K [0x00000005ca400000, 0x0000000633f80000, 0x0000000718c00000)
  object space 1732096K, 37% used [0x00000005ca400000,0x00000005f1f24568,0x0000000633f80000)
 Metaspace       used 20039K, capacity 20368K, committed 20736K, reserved 1067008K
  class space    used 2107K, capacity 2180K, committed 2304K, reserved 1048576K
}
Event: 286.766 GC heap before
{Heap before GC invocations=116 (full 19):
 PSYoungGen      total 1885696K, used 1792062K [0x0000000718c00000, 0x00000007c0000000, 0x00000007c0000000)
  eden space 1160192K, 100% used [0x0000000718c00000,0x000000075f900000,0x000000075f900000)
  from space 725504K, 87% used [0x0000000790b80000,0x00000007b748fbb8,0x00000007bd000000)
  to   space 790016K, 0% used [0x000000075f900000,0x000000075f900000,0x000000078fc80000)
 ParOldGen       total 1732096K, used 650385K [0x00000005ca400000, 0x0000000633f80000, 0x0000000718c00000)
  object space 1732096K, 37% used [0x00000005ca400000,0x00000005f1f24568,0x0000000633f80000)
 Metaspace       used 20040K, capacity 20368K, committed 20736K, reserved 1067008K
  class space    used 2107K, capacity 2180K, committed 2304K, reserved 1048576K
Event: 287.119 GC heap after
Heap after GC invocations=116 (full 19):
 PSYoungGen      total 1950208K, used 177567K [0x0000000718c00000, 0x00000007c0000000, 0x00000007c0000000)
  eden space 1160192K, 0% used [0x0000000718c00000,0x0000000718c00000,0x000000075f900000)
  from space 790016K, 22% used [0x000000075f900000,0x000000076a667ee0,0x000000078fc80000)
  to   space 784896K, 0% used [0x0000000790180000,0x0000000790180000,0x00000007c0000000)
 ParOldGen       total 1732096K, used 1285084K [0x00000005ca400000, 0x0000000633f80000, 0x0000000718c00000)
  object space 1732096K, 74% used [0x00000005ca400000,0x0000000618af73c0,0x0000000633f80000)
 Metaspace       used 20040K, capacity 20368K, committed 20736K, reserved 1067008K
  class space    used 2107K, capacity 2180K, committed 2304K, reserved 1048576K
}
Event: 287.119 GC heap before
{Heap before GC invocations=117 (full 20):
 PSYoungGen      total 1950208K, used 177567K [0x0000000718c00000, 0x00000007c0000000, 0x00000007c0000000)
  eden space 1160192K, 0% used [0x0000000718c00000,0x0000000718c00000,0x000000075f900000)
  from space 790016K, 22% used [0x000000075f900000,0x000000076a667ee0,0x000000078fc80000)
  to   space 784896K, 0% used [0x0000000790180000,0x0000000790180000,0x00000007c0000000)
 ParOldGen       total 1732096K, used 1285084K [0x00000005ca400000, 0x0000000633f80000, 0x0000000718c00000)
  object space 1732096K, 74% used [0x00000005ca400000,0x0000000618af73c0,0x0000000633f80000)
 Metaspace       used 20040K, capacity 20368K, committed 20736K, reserved 1067008K
  class space    used 2107K, capacity 2180K, committed 2304K, reserved 1048576K
Event: 287.258 GC heap after
Heap after GC invocations=117 (full 20):
 PSYoungGen      total 1950208K, used 0K [0x0000000718c00000, 0x00000007c0000000, 0x00000007c0000000)
  eden space 1160192K, 0% used [0x0000000718c00000,0x0000000718c00000,0x000000075f900000)
  from space 790016K, 0% used [0x000000075f900000,0x000000075f900000,0x000000078fc80000)
  to   space 784896K, 0% used [0x0000000790180000,0x0000000790180000,0x00000007c0000000)
 ParOldGen       total 1588736K, used 80315K [0x00000005ca400000, 0x000000062b380000, 0x0000000718c00000)
  object space 1588736K, 5% used [0x00000005ca400000,0x00000005cf26ec88,0x000000062b380000)
 Metaspace       used 20040K, capacity 20368K, committed 20736K, reserved 1067008K
  class space    used 2107K, capacity 2180K, committed 2304K, reserved 1048576K
}
Event: 290.923 GC heap before
{Heap before GC invocations=118 (full 20):
 PSYoungGen      total 1950208K, used 1160192K [0x0000000718c00000, 0x00000007c0000000, 0x00000007c0000000)
  eden space 1160192K, 100% used [0x0000000718c00000,0x000000075f900000,0x000000075f900000)
  from space 790016K, 0% used [0x000000075f900000,0x000000075f900000,0x000000078fc80000)
  to   space 784896K, 0% used [0x0000000790180000,0x0000000790180000,0x00000007c0000000)
 ParOldGen       total 1588736K, used 80315K [0x00000005ca400000, 0x000000062b380000, 0x0000000718c00000)
  object space 1588736K, 5% used [0x00000005ca400000,0x00000005cf26ec88,0x000000062b380000)
 Metaspace       used 20042K, capacity 20368K, committed 20736K, reserved 1067008K
  class space    used 2107K, capacity 2180K, committed 2304K, reserved 1048576K
Event: 291.046 GC heap after
Heap after GC invocations=118 (full 20):
 PSYoungGen      total 1905152K, used 546308K [0x0000000718c00000, 0x00000007c0000000, 0x00000007c0000000)
  eden space 1120256K, 0% used [0x0000000718c00000,0x0000000718c00000,0x000000075d200000)
  from space 784896K, 69% used [0x0000000790180000,0x00000007b1701060,0x00000007c0000000)
  to   space 809984K, 0% used [0x000000075d200000,0x000000075d200000,0x000000078e900000)
 ParOldGen       total 1588736K, used 80315K [0x00000005ca400000, 0x000000062b380000, 0x0000000718c00000)
  object space 1588736K, 5% used [0x00000005ca400000,0x00000005cf26ec88,0x000000062b380000)
 Metaspace       used 20042K, capacity 20368K, committed 20736K, reserved 1067008K
  class space    used 2107K, capacity 2180K, committed 2304K, reserved 1048576K
}
Event: 293.997 GC heap before
{Heap before GC invocations=119 (full 20):
 PSYoungGen      total 1905152K, used 1666564K [0x0000000718c00000, 0x00000007c0000000, 0x00000007c0000000)
  eden space 1120256K, 100% used [0x0000000718c00000,0x000000075d200000,0x000000075d200000)
  from space 784896K, 69% used [0x0000000790180000,0x00000007b1701060,0x00000007c0000000)
  to   space 809984K, 0% used [0x000000075d200000,0x000000075d200000,0x000000078e900000)
 ParOldGen       total 1588736K, used 80315K [0x00000005ca400000, 0x000000062b380000, 0x0000000718c00000)
  object space 1588736K, 5% used [0x00000005ca400000,0x00000005cf26ec88,0x000000062b380000)
 Metaspace       used 20042K, capacity 20368K, committed 20736K, reserved 1067008K
  class space    used 2107K, capacity 2180K, committed 2304K, reserved 1048576K
Event: 294.330 GC heap after
Heap after GC invocations=119 (full 20):
 PSYoungGen      total 1639424K, used 518753K [0x0000000718c00000, 0x00000007c0000000, 0x00000007c0000000)
  eden space 1120256K, 0% used [0x0000000718c00000,0x0000000718c00000,0x000000075d200000)
  from space 519168K, 99% used [0x000000075d200000,0x000000077cc984d0,0x000000077cd00000)
  to   space 817664K, 0% used [0x000000078e180000,0x000000078e180000,0x00000007c0000000)
 ParOldGen       total 1588736K, used 453936K [0x00000005ca400000, 0x000000062b380000, 0x0000000718c00000)
  object space 1588736K, 28% used [0x00000005ca400000,0x00000005e5f4c148,0x000000062b380000)
 Metaspace       used 20042K, capacity 20368K, committed 20736K, reserved 1067008K
  class space    used 2107K, capacity 2180K, committed 2304K, reserved 1048576K
}
Event: 298.519 GC heap before
{Heap before GC invocations=120 (full 20):
 PSYoungGen      total 1639424K, used 1639009K [0x0000000718c00000, 0x00000007c0000000, 0x00000007c0000000)
  eden space 1120256K, 100% used [0x0000000718c00000,0x000000075d200000,0x000000075d200000)
  from space 519168K, 99% used [0x000000075d200000,0x000000077cc984d0,0x000000077cd00000)
  to   space 817664K, 0% used [0x000000078e180000,0x000000078e180000,0x00000007c0000000)
 ParOldGen       total 1588736K, used 453936K [0x00000005ca400000, 0x000000062b380000, 0x0000000718c00000)
  object space 1588736K, 28% used [0x00000005ca400000,0x00000005e5f4c148,0x000000062b380000)
 Metaspace       used 20054K, capacity 20368K, committed 20736K, reserved 1067008K
  class space    used 2107K, capacity 2180K, committed 2304K, reserved 1048576K
Event: 298.826 GC heap after
Heap after GC invocations=120 (full 20):
 PSYoungGen      total 1940992K, used 459942K [0x0000000718c00000, 0x00000007c0000000, 0x00000007c0000000)
  eden space 1123328K, 0% used [0x0000000718c00000,0x0000000718c00000,0x000000075d500000)
  from space 817664K, 56% used [0x000000078e180000,0x00000007aa2a9bf8,0x00000007c0000000)
  to   space 799232K, 0% used [0x000000075d500000,0x000000075d500000,0x000000078e180000)
 ParOldGen       total 1588736K, used 969994K [0x00000005ca400000, 0x000000062b380000, 0x0000000718c00000)
  object space 1588736K, 61% used [0x00000005ca400000,0x00000006057428f8,0x000000062b380000)
 Metaspace       used 20054K, capacity 20368K, committed 20736K, reserved 1067008K
  class space    used 2107K, capacity 2180K, committed 2304K, reserved 1048576K
}
Event: 298.826 GC heap before
{Heap before GC invocations=121 (full 21):
 PSYoungGen      total 1940992K, used 459942K [0x0000000718c00000, 0x00000007c0000000, 0x00000007c0000000)
  eden space 1123328K, 0% used [0x0000000718c00000,0x0000000718c00000,0x000000075d500000)
  from space 817664K, 56% used [0x000000078e180000,0x00000007aa2a9bf8,0x00000007c0000000)
  to   space 799232K, 0% used [0x000000075d500000,0x000000075d500000,0x000000078e180000)
 ParOldGen       total 1588736K, used 969994K [0x00000005ca400000, 0x000000062b380000, 0x0000000718c00000)
  object space 1588736K, 61% used [0x00000005ca400000,0x00000006057428f8,0x000000062b380000)
 Metaspace       used 20054K, capacity 20368K, committed 20736K, reserved 1067008K
  class space    used 2107K, capacity 2180K, committed 2304K, reserved 1048576K
Event: 298.888 GC heap after
Heap after GC invocations=121 (full 21):
 PSYoungGen      total 1940992K, used 0K [0x0000000718c00000, 0x00000007c0000000, 0x00000007c0000000)
  eden space 1123328K, 0% used [0x0000000718c00000,0x0000000718c00000,0x000000075d500000)
  from space 817664K, 0% used [0x000000078e180000,0x000000078e180000,0x00000007c0000000)
  to   space 799232K, 0% used [0x000000075d500000,0x000000075d500000,0x000000078e180000)
 ParOldGen       total 1664000K, used 72246K [0x00000005ca400000, 0x000000062fd00000, 0x0000000718c00000)
  object space 1664000K, 4% used [0x00000005ca400000,0x00000005cea8d960,0x000000062fd00000)
 Metaspace       used 20054K, capacity 20368K, committed 20736K, reserved 1067008K
  class space    used 2107K, capacity 2180K, committed 2304K, reserved 1048576K
}
Event: 300.344 GC heap before
{Heap before GC invocations=122 (full 21):
 PSYoungGen      total 1940992K, used 1123328K [0x0000000718c00000, 0x00000007c0000000, 0x00000007c0000000)
  eden space 1123328K, 100% used [0x0000000718c00000,0x000000075d500000,0x000000075d500000)
  from space 817664K, 0% used [0x000000078e180000,0x000000078e180000,0x00000007c0000000)
  to   space 799232K, 0% used [0x000000075d500000,0x000000075d500000,0x000000078e180000)
 ParOldGen       total 1664000K, used 72246K [0x00000005ca400000, 0x000000062fd00000, 0x0000000718c00000)
  object space 1664000K, 4% used [0x00000005ca400000,0x00000005cea8d960,0x000000062fd00000)
 Metaspace       used 20092K, capacity 20432K, committed 20736K, reserved 1067008K
  class space    used 2107K, capacity 2180K, committed 2304K, reserved 1048576K
Event: 300.420 GC heap after
Heap after GC invocations=122 (full 21):
 PSYoungGen      total 1448448K, used 325029K [0x0000000718c00000, 0x00000007bba00000, 0x00000007c0000000)
  eden space 1123328K, 0% used [0x0000000718c00000,0x0000000718c00000,0x000000075d500000)
  from space 325120K, 99% used [0x000000075d500000,0x0000000771269518,0x0000000771280000)
  to   space 772608K, 0% used [0x000000078c780000,0x000000078c780000,0x00000007bba00000)
 ParOldGen       total 1664000K, used 72254K [0x00000005ca400000, 0x000000062fd00000, 0x0000000718c00000)
  object space 1664000K, 4% used [0x00000005ca400000,0x00000005cea8f960,0x000000062fd00000)
 Metaspace       used 20092K, capacity 20432K, committed 20736K, reserved 1067008K
  class space    used 2107K, capacity 2180K, committed 2304K, reserved 1048576K
}
Event: 304.318 GC heap before
{Heap before GC invocations=123 (full 21):
 PSYoungGen      total 1448448K, used 1448357K [0x0000000718c00000, 0x00000007bba00000, 0x00000007c0000000)
  eden space 1123328K, 100% used [0x0000000718c00000,0x000000075d500000,0x000000075d500000)
  from space 325120K, 99% used [0x000000075d500000,0x0000000771269518,0x0000000771280000)
  to   space 772608K, 0% used [0x000000078c780000,0x000000078c780000,0x00000007bba00000)
 ParOldGen       total 1664000K, used 72254K [0x00000005ca400000, 0x000000062fd00000, 0x0000000718c00000)
  object space 1664000K, 4% used [0x00000005ca400000,0x00000005cea8f960,0x000000062fd00000)
 Metaspace       used 20092K, capacity 20432K, committed 20736K, reserved 1067008K
  class space    used 2107K, capacity 2180K, committed 2304K, reserved 1048576K
Event: 304.589 GC heap after
Heap after GC invocations=123 (full 21):
 PSYoungGen      total 1931264K, used 382662K [0x0000000718c00000, 0x00000007c0000000, 0x00000007c0000000)
  eden space 1158656K, 0% used [0x0000000718c00000,0x0000000718c00000,0x000000075f780000)
  from space 772608K, 49% used [0x000000078c780000,0x00000007a3d31bd8,0x00000007bba00000)
  to   space 737280K, 0% used [0x000000075f780000,0x000000075f780000,0x000000078c780000)
 ParOldGen       total 1664000K, used 391084K [0x00000005ca400000, 0x000000062fd00000, 0x0000000718c00000)
  object space 1664000K, 23% used [0x00000005ca400000,0x00000005e21eb330,0x000000062fd00000)
 Metaspace       used 20092K, capacity 20432K, committed 20736K, reserved 1067008K
  class space    used 2107K, capacity 2180K, committed 2304K, reserved 1048576K
}
Event: 308.101 GC heap before
{Heap before GC invocations=124 (full 21):
 PSYoungGen      total 1931264K, used 1541318K [0x0000000718c00000, 0x00000007c0000000, 0x00000007c0000000)
  eden space 1158656K, 100% used [0x0000000718c00000,0x000000075f780000,0x000000075f780000)
  from space 772608K, 49% used [0x000000078c780000,0x00000007a3d31bd8,0x00000007bba00000)
  to   space 737280K, 0% used [0x000000075f780000,0x000000075f780000,0x000000078c780000)
 ParOldGen       total 1664000K, used 391084K [0x00000005ca400000, 0x000000062fd00000, 0x0000000718c00000)
  object space 1664000K, 23% used [0x00000005ca400000,0x00000005e21eb330,0x000000062fd00000)
 Metaspace       used 20094K, capacity 20432K, committed 20736K, reserved 1067008K
  class space    used 2107K, capacity 2180K, committed 2304K, reserved 1048576K
Event: 308.423 GC heap after
Heap after GC invocations=124 (full 21):
 PSYoungGen      total 1895936K, used 642873K [0x0000000718c00000, 0x00000007c0000000, 0x00000007c0000000)
  eden space 1158656K, 0% used [0x0000000718c00000,0x0000000718c00000,0x000000075f780000)
  from space 737280K, 87% used [0x000000075f780000,0x0000000786b4e7e0,0x000000078c780000)
  to   space 795136K, 0% used [0x000000078f780000,0x000000078f780000,0x00000007c0000000)
 ParOldGen       total 1664000K, used 721520K [0x00000005ca400000, 0x000000062fd00000, 0x0000000718c00000)
  object space 1664000K, 43% used [0x00000005ca400000,0x00000005f649c190,0x000000062fd00000)
 Metaspace       used 20094K, capacity 20432K, committed 20736K, reserved 1067008K
  class space    used 2107K, capacity 2180K, committed 2304K, reserved 1048576K
}
Event: 311.106 GC heap before
{Heap before GC invocations=125 (full 21):
 PSYoungGen      total 1895936K, used 1801529K [0x0000000718c00000, 0x00000007c0000000, 0x00000007c0000000)
  eden space 1158656K, 100% used [0x0000000718c00000,0x000000075f780000,0x000000075f780000)
  from space 737280K, 87% used [0x000000075f780000,0x0000000786b4e7e0,0x000000078c780000)
  to   space 795136K, 0% used [0x000000078f780000,0x000000078f780000,0x00000007c0000000)
 ParOldGen       total 1664000K, used 721520K [0x00000005ca400000, 0x000000062fd00000, 0x0000000718c00000)
  object space 1664000K, 43% used [0x00000005ca400000,0x00000005f649c190,0x000000062fd00000)
 Metaspace       used 20120K, capacity 20432K, committed 20736K, reserved 1067008K
  class space    used 2107K, capacity 2180K, committed 2304K, reserved 1048576K
Event: 311.423 GC heap after
Heap after GC invocations=125 (full 21):
 PSYoungGen      total 1931776K, used 156296K [0x0000000718c00000, 0x00000007c0000000, 0x00000007c0000000)
  eden space 1136640K, 0% used [0x0000000718c00000,0x0000000718c00000,0x000000075e200000)
  from space 795136K, 19% used [0x000000078f780000,0x0000000799022340,0x00000007c0000000)
  to   space 801792K, 0% used [0x000000075e200000,0x000000075e200000,0x000000078f100000)
 ParOldGen       total 1664000K, used 1367335K [0x00000005ca400000, 0x000000062fd00000, 0x0000000718c00000)
  object space 1664000K, 82% used [0x00000005ca400000,0x000000061db49c10,0x000000062fd00000)
 Metaspace       used 20120K, capacity 20432K, committed 20736K, reserved 1067008K
  class space    used 2107K, capacity 2180K, committed 2304K, reserved 1048576K
}
Event: 311.423 GC heap before
{Heap before GC invocations=126 (full 22):
 PSYoungGen      total 1931776K, used 156296K [0x0000000718c00000, 0x00000007c0000000, 0x00000007c0000000)
  eden space 1136640K, 0% used [0x0000000718c00000,0x0000000718c00000,0x000000075e200000)
  from space 795136K, 19% used [0x000000078f780000,0x0000000799022340,0x00000007c0000000)
  to   space 801792K, 0% used [0x000000075e200000,0x000000075e200000,0x000000078f100000)
 ParOldGen       total 1664000K, used 1367335K [0x00000005ca400000, 0x000000062fd00000, 0x0000000718c00000)
  object space 1664000K, 82% used [0x00000005ca400000,0x000000061db49c10,0x000000062fd00000)
 Metaspace       used 20120K, capacity 20432K, committed 20736K, reserved 1067008K
  class space    used 2107K, capacity 2180K, committed 2304K, reserved 1048576K
Event: 311.570 GC heap after
Heap after GC invocations=126 (full 22):
 PSYoungGen      total 1931776K, used 0K [0x0000000718c00000, 0x00000007c0000000, 0x00000007c0000000)
  eden space 1136640K, 0% used [0x0000000718c00000,0x0000000718c00000,0x000000075e200000)
  from space 795136K, 0% used [0x000000078f780000,0x000000078f780000,0x00000007c0000000)
  to   space 801792K, 0% used [0x000000075e200000,0x000000075e200000,0x000000078f100000)
 ParOldGen       total 1768960K, used 83555K [0x00000005ca400000, 0x0000000636380000, 0x0000000718c00000)
  object space 1768960K, 4% used [0x00000005ca400000,0x00000005cf598cb8,0x0000000636380000)
 Metaspace       used 20120K, capacity 20432K, committed 20736K, reserved 1067008K
  class space    used 2107K, capacity 2180K, committed 2304K, reserved 1048576K
}
Event: 336.500 GC heap before
{Heap before GC invocations=127 (full 22):
 PSYoungGen      total 1931776K, used 1136640K [0x0000000718c00000, 0x00000007c0000000, 0x00000007c0000000)
  eden space 1136640K, 100% used [0x0000000718c00000,0x000000075e200000,0x000000075e200000)
  from space 795136K, 0% used [0x000000078f780000,0x000000078f780000,0x00000007c0000000)
  to   space 801792K, 0% used [0x000000075e200000,0x000000075e200000,0x000000078f100000)
 ParOldGen       total 1768960K, used 83555K [0x00000005ca400000, 0x0000000636380000, 0x0000000718c00000)
  object space 1768960K, 4% used [0x00000005ca400000,0x00000005cf598cb8,0x0000000636380000)
 Metaspace       used 20158K, capacity 20432K, committed 20736K, reserved 1067008K
  class space    used 2108K, capacity 2180K, committed 2304K, reserved 1048576K
Event: 336.670 GC heap after
Heap after GC invocations=127 (full 22):
 PSYoungGen      total 1703936K, used 567217K [0x0000000718c00000, 0x00000007c0000000, 0x00000007c0000000)
  eden space 1136640K, 0% used [0x0000000718c00000,0x0000000718c00000,0x000000075e200000)
  from space 567296K, 99% used [0x000000075e200000,0x0000000780bec6f8,0x0000000780c00000)
  to   space 825856K, 0% used [0x000000078d980000,0x000000078d980000,0x00000007c0000000)
 ParOldGen       total 1768960K, used 83563K [0x00000005ca400000, 0x0000000636380000, 0x0000000718c00000)
  object space 1768960K, 4% used [0x00000005ca400000,0x00000005cf59acb8,0x0000000636380000)
 Metaspace       used 20158K, capacity 20432K, committed 20736K, reserved 1067008K
  class space    used 2108K, capacity 2180K, committed 2304K, reserved 1048576K
}
Event: 337.743 GC heap before
{Heap before GC invocations=128 (full 22):
 PSYoungGen      total 1703936K, used 1703857K [0x0000000718c00000, 0x00000007c0000000, 0x00000007c0000000)
  eden space 1136640K, 100% used [0x0000000718c00000,0x000000075e200000,0x000000075e200000)
  from space 567296K, 99% used [0x000000075e200000,0x0000000780bec6f8,0x0000000780c00000)
  to   space 825856K, 0% used [0x000000078d980000,0x000000078d980000,0x00000007c0000000)
 ParOldGen       total 1768960K, used 83563K [0x00000005ca400000, 0x0000000636380000, 0x0000000718c00000)
  object space 1768960K, 4% used [0x00000005ca400000,0x00000005cf59acb8,0x0000000636380000)
 Metaspace       used 20158K, capacity 20432K, committed 20736K, reserved 1067008K
  class space    used 2108K, capacity 2180K, committed 2304K, reserved 1048576K
Event: 338.123 GC heap after
Heap after GC invocations=128 (full 22):
 PSYoungGen      total 1915904K, used 174091K [0x0000000718c00000, 0x00000007c0000000, 0x00000007c0000000)
  eden space 1090048K, 0% used [0x0000000718c00000,0x0000000718c00000,0x000000075b480000)
  from space 825856K, 21% used [0x000000078d980000,0x0000000798382ed8,0x00000007c0000000)
  to   space 824320K, 0% used [0x000000075b480000,0x000000075b480000,0x000000078d980000)
 ParOldGen       total 1768960K, used 652375K [0x00000005ca400000, 0x0000000636380000, 0x0000000718c00000)
  object space 1768960K, 36% used [0x00000005ca400000,0x00000005f2115c00,0x0000000636380000)
 Metaspace       used 20158K, capacity 20432K, committed 20736K, reserved 1067008K
  class space    used 2108K, capacity 2180K, committed 2304K, reserved 1048576K
}
Event: 361.905 GC heap before
{Heap before GC invocations=129 (full 22):
 PSYoungGen      total 1915904K, used 1264139K [0x0000000718c00000, 0x00000007c0000000, 0x00000007c0000000)
  eden space 1090048K, 100% used [0x0000000718c00000,0x000000075b480000,0x000000075b480000)
  from space 825856K, 21% used [0x000000078d980000,0x0000000798382ed8,0x00000007c0000000)
  to   space 824320K, 0% used [0x000000075b480000,0x000000075b480000,0x000000078d980000)
 ParOldGen       total 1768960K, used 652375K [0x00000005ca400000, 0x0000000636380000, 0x0000000718c00000)
  object space 1768960K, 36% used [0x00000005ca400000,0x00000005f2115c00,0x0000000636380000)
 Metaspace       used 20158K, capacity 20432K, committed 20736K, reserved 1067008K
  class space    used 2108K, capacity 2180K, committed 2304K, reserved 1048576K
Event: 362.094 GC heap after
Heap after GC invocations=129 (full 22):
 PSYoungGen      total 1680896K, used 590498K [0x0000000718c00000, 0x00000007c0000000, 0x00000007c0000000)
  eden space 1090048K, 0% used [0x0000000718c00000,0x0000000718c00000,0x000000075b480000)
  from space 590848K, 99% used [0x000000075b480000,0x000000077f528848,0x000000077f580000)
  to   space 856064K, 0% used [0x000000078bc00000,0x000000078bc00000,0x00000007c0000000)
 ParOldGen       total 1768960K, used 827460K [0x00000005ca400000, 0x0000000636380000, 0x0000000718c00000)
  object space 1768960K, 46% used [0x00000005ca400000,0x00000005fcc11208,0x0000000636380000)
 Metaspace       used 20158K, capacity 20432K, committed 20736K, reserved 1067008K
  class space    used 2108K, capacity 2180K, committed 2304K, reserved 1048576K
}
Event: 363.971 GC heap before
{Heap before GC invocations=130 (full 22):
 PSYoungGen      total 1680896K, used 1680546K [0x0000000718c00000, 0x00000007c0000000, 0x00000007c0000000)
  eden space 1090048K, 100% used [0x0000000718c00000,0x000000075b480000,0x000000075b480000)
  from space 590848K, 99% used [0x000000075b480000,0x000000077f528848,0x000000077f580000)
  to   space 856064K, 0% used [0x000000078bc00000,0x000000078bc00000,0x00000007c0000000)
 ParOldGen       total 1768960K, used 827460K [0x00000005ca400000, 0x0000000636380000, 0x0000000718c00000)
  object space 1768960K, 46% used [0x00000005ca400000,0x00000005fcc11208,0x0000000636380000)
 Metaspace       used 20158K, capacity 20432K, committed 20736K, reserved 1067008K
  class space    used 2108K, capacity 2180K, committed 2304K, reserved 1048576K
Event: 364.344 GC heap after
Heap after GC invocations=130 (full 22):
 PSYoungGen      total 1873920K, used 112262K [0x0000000718c00000, 0x00000007c0000000, 0x00000007c0000000)
  eden space 1017856K, 0% used [0x0000000718c00000,0x0000000718c00000,0x0000000756e00000)
  from space 856064K, 13% used [0x000000078bc00000,0x00000007929a1bf8,0x00000007c0000000)
  to   space 861184K, 0% used [0x0000000756e00000,0x0000000756e00000,0x000000078b700000)
 ParOldGen       total 1768960K, used 1343333K [0x00000005ca400000, 0x0000000636380000, 0x0000000718c00000)
  object space 1768960K, 75% used [0x00000005ca400000,0x000000061c3d95e8,0x0000000636380000)
 Metaspace       used 20158K, capacity 20432K, committed 20736K, reserved 1067008K
  class space    used 2108K, capacity 2180K, committed 2304K, reserved 1048576K
}
Event: 364.345 GC heap before
{Heap before GC invocations=131 (full 23):
 PSYoungGen      total 1873920K, used 112262K [0x0000000718c00000, 0x00000007c0000000, 0x00000007c0000000)
  eden space 1017856K, 0% used [0x0000000718c00000,0x0000000718c00000,0x0000000756e00000)
  from space 856064K, 13% used [0x000000078bc00000,0x00000007929a1bf8,0x00000007c0000000)
  to   space 861184K, 0% used [0x0000000756e00000,0x0000000756e00000,0x000000078b700000)
 ParOldGen       total 1768960K, used 1343333K [0x00000005ca400000, 0x0000000636380000, 0x0000000718c00000)
  object space 1768960K, 75% used [0x00000005ca400000,0x000000061c3d95e8,0x0000000636380000)
 Metaspace       used 20158K, capacity 20432K, committed 20736K, reserved 1067008K
  class space    used 2108K, capacity 2180K, committed 2304K, reserved 1048576K
Event: 364.976 GC heap after
Heap after GC invocations=131 (full 23):
 PSYoungGen      total 1873920K, used 0K [0x0000000718c00000, 0x00000007c0000000, 0x00000007c0000000)
  eden space 1017856K, 0% used [0x0000000718c00000,0x0000000718c00000,0x0000000756e00000)
  from space 856064K, 0% used [0x000000078bc00000,0x000000078bc00000,0x00000007c0000000)
  to   space 861184K, 0% used [0x0000000756e00000,0x0000000756e00000,0x000000078b700000)
 ParOldGen       total 2574848K, used 809442K [0x00000005ca400000, 0x0000000667680000, 0x0000000718c00000)
  object space 2574848K, 31% used [0x00000005ca400000,0x00000005fba789e0,0x0000000667680000)
 Metaspace       used 20158K, capacity 20432K, committed 20736K, reserved 1067008K
  class space    used 2108K, capacity 2180K, committed 2304K, reserved 1048576K
}
Event: 366.261 GC heap before
{Heap before GC invocations=132 (full 23):
 PSYoungGen      total 1873920K, used 1017856K [0x0000000718c00000, 0x00000007c0000000, 0x00000007c0000000)
  eden space 1017856K, 100% used [0x0000000718c00000,0x0000000756e00000,0x0000000756e00000)
  from space 856064K, 0% used [0x000000078bc00000,0x000000078bc00000,0x00000007c0000000)
  to   space 861184K, 0% used [0x0000000756e00000,0x0000000756e00000,0x000000078b700000)
 ParOldGen       total 2574848K, used 809442K [0x00000005ca400000, 0x0000000667680000, 0x0000000718c00000)
  object space 2574848K, 31% used [0x00000005ca400000,0x00000005fba789e0,0x0000000667680000)
 Metaspace       used 20158K, capacity 20432K, committed 20736K, reserved 1067008K
  class space    used 2108K, capacity 2180K, committed 2304K, reserved 1048576K
Event: 366.282 GC heap after
Heap after GC invocations=132 (full 23):
 PSYoungGen      total 1070080K, used 52160K [0x0000000718c00000, 0x00000007c0000000, 0x00000007c0000000)
  eden space 1017856K, 0% used [0x0000000718c00000,0x0000000718c00000,0x0000000756e00000)
  from space 52224K, 99% used [0x0000000756e00000,0x000000075a0f0000,0x000000075a100000)
  to   space 867840K, 0% used [0x000000078b080000,0x000000078b080000,0x00000007c0000000)
 ParOldGen       total 2574848K, used 809442K [0x00000005ca400000, 0x0000000667680000, 0x0000000718c00000)
  object space 2574848K, 31% used [0x00000005ca400000,0x00000005fba789e0,0x0000000667680000)
 Metaspace       used 20158K, capacity 20432K, committed 20736K, reserved 1067008K
  class space    used 2108K, capacity 2180K, committed 2304K, reserved 1048576K
}
Event: 367.527 GC heap before
{Heap before GC invocations=133 (full 23):
 PSYoungGen      total 1070080K, used 1070016K [0x0000000718c00000, 0x00000007c0000000, 0x00000007c0000000)
  eden space 1017856K, 100% used [0x0000000718c00000,0x0000000756e00000,0x0000000756e00000)
  from space 52224K, 99% used [0x0000000756e00000,0x000000075a0f0000,0x000000075a100000)
  to   space 867840K, 0% used [0x000000078b080000,0x000000078b080000,0x00000007c0000000)
 ParOldGen       total 2574848K, used 809442K [0x00000005ca400000, 0x0000000667680000, 0x0000000718c00000)
  object space 2574848K, 31% used [0x00000005ca400000,0x00000005fba789e0,0x0000000667680000)
 Metaspace       used 20158K, capacity 20432K, committed 20736K, reserved 1067008K
  class space    used 2108K, capacity 2180K, committed 2304K, reserved 1048576K
Event: 367.578 GC heap after
Heap after GC invocations=133 (full 23):
 PSYoungGen      total 1874432K, used 50912K [0x0000000718c00000, 0x00000007c0000000, 0x00000007c0000000)
  eden space 1006592K, 0% used [0x0000000718c00000,0x0000000718c00000,0x0000000756300000)
  from space 867840K, 5% used [0x000000078b080000,0x000000078e238000,0x00000007c0000000)
  to   space 865792K, 0% used [0x0000000756300000,0x0000000756300000,0x000000078b080000)
 ParOldGen       total 2574848K, used 861722K [0x00000005ca400000, 0x0000000667680000, 0x0000000718c00000)
  object space 2574848K, 33% used [0x00000005ca400000,0x00000005fed869f0,0x0000000667680000)
 Metaspace       used 20158K, capacity 20432K, committed 20736K, reserved 1067008K
  class space    used 2108K, capacity 2180K, committed 2304K, reserved 1048576K
}
Event: 368.818 GC heap before
{Heap before GC invocations=134 (full 23):
 PSYoungGen      total 1874432K, used 1057504K [0x0000000718c00000, 0x00000007c0000000, 0x00000007c0000000)
  eden space 1006592K, 100% used [0x0000000718c00000,0x0000000756300000,0x0000000756300000)
  from space 867840K, 5% used [0x000000078b080000,0x000000078e238000,0x00000007c0000000)
  to   space 865792K, 0% used [0x0000000756300000,0x0000000756300000,0x000000078b080000)
 ParOldGen       total 2574848K, used 861722K [0x00000005ca400000, 0x0000000667680000, 0x0000000718c00000)
  object space 2574848K, 33% used [0x00000005ca400000,0x00000005fed869f0,0x0000000667680000)
 Metaspace       used 20158K, capacity 20432K, committed 20736K, reserved 1067008K
  class space    used 2108K, capacity 2180K, committed 2304K, reserved 1048576K
Event: 368.869 GC heap after
Heap after GC invocations=134 (full 23):
 PSYoungGen      total 1057280K, used 50400K [0x0000000718c00000, 0x00000007bea00000, 0x00000007c0000000)
  eden space 1006592K, 0% used [0x0000000718c00000,0x0000000718c00000,0x0000000756300000)
  from space 50688K, 99% used [0x0000000756300000,0x0000000759438000,0x0000000759480000)
  to   space 855552K, 0% used [0x000000078a680000,0x000000078a680000,0x00000007bea00000)
 ParOldGen       total 2574848K, used 912698K [0x00000005ca400000, 0x0000000667680000, 0x0000000718c00000)
  object space 2574848K, 35% used [0x00000005ca400000,0x0000000601f4e9f0,0x0000000667680000)
 Metaspace       used 20158K, capacity 20432K, committed 20736K, reserved 1067008K
  class space    used 2108K, capacity 2180K, committed 2304K, reserved 1048576K
}
Event: 370.095 GC heap before
{Heap before GC invocations=135 (full 23):
 PSYoungGen      total 1057280K, used 1056992K [0x0000000718c00000, 0x00000007bea00000, 0x00000007c0000000)
  eden space 1006592K, 100% used [0x0000000718c00000,0x0000000756300000,0x0000000756300000)
  from space 50688K, 99% used [0x0000000756300000,0x0000000759438000,0x0000000759480000)
  to   space 855552K, 0% used [0x000000078a680000,0x000000078a680000,0x00000007bea00000)
 ParOldGen       total 2574848K, used 912698K [0x00000005ca400000, 0x0000000667680000, 0x0000000718c00000)
  object space 2574848K, 35% used [0x00000005ca400000,0x0000000601f4e9f0,0x0000000667680000)
 Metaspace       used 20158K, capacity 20432K, committed 20736K, reserved 1067008K
  class space    used 2108K, capacity 2180K, committed 2304K, reserved 1048576K
Event: 370.149 GC heap after
Heap after GC invocations=135 (full 23):
 PSYoungGen      total 1878016K, used 50112K [0x0000000718c00000, 0x00000007c0000000, 0x00000007c0000000)
  eden space 1022464K, 0% used [0x0000000718c00000,0x0000000718c00000,0x0000000757280000)
  from space 855552K, 5% used [0x000000078a680000,0x000000078d770000,0x00000007bea00000)
  to   space 839680K, 0% used [0x0000000757280000,0x0000000757280000,0x000000078a680000)
 ParOldGen       total 2574848K, used 963242K [0x00000005ca400000, 0x0000000667680000, 0x0000000718c00000)
  object space 2574848K, 37% used [0x00000005ca400000,0x00000006050aa9f0,0x0000000667680000)
 Metaspace       used 20158K, capacity 20432K, committed 20736K, reserved 1067008K
  class space    used 2108K, capacity 2180K, committed 2304K, reserved 1048576K
}
Event: 371.395 GC heap before
{Heap before GC invocations=136 (full 23):
 PSYoungGen      total 1878016K, used 1072576K [0x0000000718c00000, 0x00000007c0000000, 0x00000007c0000000)
  eden space 1022464K, 100% used [0x0000000718c00000,0x0000000757280000,0x0000000757280000)
  from space 855552K, 5% used [0x000000078a680000,0x000000078d770000,0x00000007bea00000)
  to   space 839680K, 0% used [0x0000000757280000,0x0000000757280000,0x000000078a680000)
 ParOldGen       total 2574848K, used 963242K [0x00000005ca400000, 0x0000000667680000, 0x0000000718c00000)
  object space 2574848K, 37% used [0x00000005ca400000,0x00000006050aa9f0,0x0000000667680000)
 Metaspace       used 20158K, capacity 20432K, committed 20736K, reserved 1067008K
  class space    used 2108K, capacity 2180K, committed 2304K, reserved 1048576K
Event: 371.457 GC heap after
Heap after GC invocations=136 (full 23):
 PSYoungGen      total 1862144K, used 50688K [0x0000000718c00000, 0x00000007bc780000, 0x00000007c0000000)
  eden space 1022464K, 0% used [0x0000000718c00000,0x0000000718c00000,0x0000000757280000)
  from space 839680K, 6% used [0x0000000757280000,0x000000075a400000,0x000000078a680000)
  to   space 818688K, 0% used [0x000000078a800000,0x000000078a800000,0x00000007bc780000)
 ParOldGen       total 2574848K, used 1013482K [0x00000005ca400000, 0x0000000667680000, 0x0000000718c00000)
  object space 2574848K, 39% used [0x00000005ca400000,0x00000006081ba9f0,0x0000000667680000)
 Metaspace       used 20158K, capacity 20432K, committed 20736K, reserved 1067008K
  class space    used 2108K, capacity 2180K, committed 2304K, reserved 1048576K
}
Event: 372.707 GC heap before
{Heap before GC invocations=137 (full 23):
 PSYoungGen      total 1862144K, used 1073152K [0x0000000718c00000, 0x00000007bc780000, 0x00000007c0000000)
  eden space 1022464K, 100% used [0x0000000718c00000,0x0000000757280000,0x0000000757280000)
  from space 839680K, 6% used [0x0000000757280000,0x000000075a400000,0x000000078a680000)
  to   space 818688K, 0% used [0x000000078a800000,0x000000078a800000,0x00000007bc780000)
 ParOldGen       total 2574848K, used 1013482K [0x00000005ca400000, 0x0000000667680000, 0x0000000718c00000)
  object space 2574848K, 39% used [0x00000005ca400000,0x00000006081ba9f0,0x0000000667680000)
 Metaspace       used 20158K, capacity 20432K, committed 20736K, reserved 1067008K
  class space    used 2108K, capacity 2180K, committed 2304K, reserved 1048576K
Event: 372.758 GC heap after
Heap after GC invocations=137 (full 23):
 PSYoungGen      total 1875456K, used 50912K [0x0000000718c00000, 0x00000007bba80000, 0x00000007c0000000)
  eden space 1070080K, 0% used [0x0000000718c00000,0x0000000718c00000,0x000000075a100000)
  from space 805376K, 6% used [0x000000078a800000,0x000000078d9b8000,0x00000007bba80000)
  to   space 793600K, 0% used [0x000000075a100000,0x000000075a100000,0x000000078a800000)
 ParOldGen       total 2574848K, used 1064250K [0x00000005ca400000, 0x0000000667680000, 0x0000000718c00000)
  object space 2574848K, 41% used [0x00000005ca400000,0x000000060b34e9f0,0x0000000667680000)
 Metaspace       used 20158K, capacity 20432K, committed 20736K, reserved 1067008K
  class space    used 2108K, capacity 2180K, committed 2304K, reserved 1048576K
}
Event: 374.062 GC heap before
{Heap before GC invocations=138 (full 23):
 PSYoungGen      total 1875456K, used 1120992K [0x0000000718c00000, 0x00000007bba80000, 0x00000007c0000000)
  eden space 1070080K, 100% used [0x0000000718c00000,0x000000075a100000,0x000000075a100000)
  from space 805376K, 6% used [0x000000078a800000,0x000000078d9b8000,0x00000007bba80000)
  to   space 793600K, 0% used [0x000000075a100000,0x000000075a100000,0x000000078a800000)
 ParOldGen       total 2574848K, used 1064250K [0x00000005ca400000, 0x0000000667680000, 0x0000000718c00000)
  object space 2574848K, 41% used [0x00000005ca400000,0x000000060b34e9f0,0x0000000667680000)
 Metaspace       used 20158K, capacity 20432K, committed 20736K, reserved 1067008K
  class space    used 2108K, capacity 2180K, committed 2304K, reserved 1048576K
Event: 374.113 GC heap after
Heap after GC invocations=138 (full 23):
 PSYoungGen      total 1863680K, used 53280K [0x0000000718c00000, 0x00000007bbe80000, 0x00000007c0000000)
  eden space 1070080K, 0% used [0x0000000718c00000,0x0000000718c00000,0x000000075a100000)
  from space 793600K, 6% used [0x000000075a100000,0x000000075d508000,0x000000078a800000)
  to   space 765952K, 0% used [0x000000078d280000,0x000000078d280000,0x00000007bbe80000)
 ParOldGen       total 2574848K, used 1115266K [0x00000005ca400000, 0x0000000667680000, 0x0000000718c00000)
  object space 2574848K, 43% used [0x00000005ca400000,0x000000060e5209f0,0x0000000667680000)
 Metaspace       used 20158K, capacity 20432K, committed 20736K, reserved 1067008K
  class space    used 2108K, capacity 2180K, committed 2304K, reserved 1048576K
}
Event: 375.412 GC heap before
{Heap before GC invocations=139 (full 23):
 PSYoungGen      total 1863680K, used 1123360K [0x0000000718c00000, 0x00000007bbe80000, 0x00000007c0000000)
  eden space 1070080K, 100% used [0x0000000718c00000,0x000000075a100000,0x000000075a100000)
  from space 793600K, 6% used [0x000000075a100000,0x000000075d508000,0x000000078a800000)
  to   space 765952K, 0% used [0x000000078d280000,0x000000078d280000,0x00000007bbe80000)
 ParOldGen       total 2574848K, used 1115266K [0x00000005ca400000, 0x0000000667680000, 0x0000000718c00000)
  object space 2574848K, 43% used [0x00000005ca400000,0x000000060e5209f0,0x0000000667680000)
 Metaspace       used 20158K, capacity 20432K, committed 20736K, reserved 1067008K
  class space    used 2108K, capacity 2180K, committed 2304K, reserved 1048576K
Event: 375.466 GC heap after
Heap after GC invocations=139 (full 23):
 PSYoungGen      total 1916928K, used 53056K [0x0000000718c00000, 0x00000007bab00000, 0x00000007c0000000)
  eden space 1170944K, 0% used [0x0000000718c00000,0x0000000718c00000,0x0000000760380000)
  from space 745984K, 7% used [0x000000078d280000,0x0000000790650000,0x00000007bab00000)
  to   space 736256K, 0% used [0x0000000760380000,0x0000000760380000,0x000000078d280000)
 ParOldGen       total 2574848K, used 1168642K [0x00000005ca400000, 0x0000000667680000, 0x0000000718c00000)
  object space 2574848K, 45% used [0x00000005ca400000,0x00000006119409f0,0x0000000667680000)
 Metaspace       used 20158K, capacity 20432K, committed 20736K, reserved 1067008K
  class space    used 2108K, capacity 2180K, committed 2304K, reserved 1048576K
}
Event: 376.887 GC heap before
{Heap before GC invocations=140 (full 23):
 PSYoungGen      total 1916928K, used 1224000K [0x0000000718c00000, 0x00000007bab00000, 0x00000007c0000000)
  eden space 1170944K, 100% used [0x0000000718c00000,0x0000000760380000,0x0000000760380000)
  from space 745984K, 7% used [0x000000078d280000,0x0000000790650000,0x00000007bab00000)
  to   space 736256K, 0% used [0x0000000760380000,0x0000000760380000,0x000000078d280000)
 ParOldGen       total 2574848K, used 1168642K [0x00000005ca400000, 0x0000000667680000, 0x0000000718c00000)
  object space 2574848K, 45% used [0x00000005ca400000,0x00000006119409f0,0x0000000667680000)
 Metaspace       used 20158K, capacity 20432K, committed 20736K, reserved 1067008K
  class space    used 2108K, capacity 2180K, committed 2304K, reserved 1048576K
Event: 376.953 GC heap after
Heap after GC invocations=140 (full 23):
 PSYoungGen      total 1907200K, used 57984K [0x0000000718c00000, 0x00000007bb880000, 0x00000007c0000000)
  eden space 1170944K, 0% used [0x0000000718c00000,0x0000000718c00000,0x0000000760380000)
  from space 736256K, 7% used [0x0000000760380000,0x0000000763c20000,0x000000078d280000)
  to   space 704512K, 0% used [0x0000000790880000,0x0000000790880000,0x00000007bb880000)
 ParOldGen       total 2574848K, used 1221770K [0x00000005ca400000, 0x0000000667680000, 0x0000000718c00000)
  object space 2574848K, 47% used [0x00000005ca400000,0x0000000614d229f0,0x0000000667680000)
 Metaspace       used 20158K, capacity 20432K, committed 20736K, reserved 1067008K
  class space    used 2108K, capacity 2180K, committed 2304K, reserved 1048576K
}
Event: 378.385 GC heap before
{Heap before GC invocations=141 (full 23):
 PSYoungGen      total 1907200K, used 1228928K [0x0000000718c00000, 0x00000007bb880000, 0x00000007c0000000)
  eden space 1170944K, 100% used [0x0000000718c00000,0x0000000760380000,0x0000000760380000)
  from space 736256K, 7% used [0x0000000760380000,0x0000000763c20000,0x000000078d280000)
  to   space 704512K, 0% used [0x0000000790880000,0x0000000790880000,0x00000007bb880000)
 ParOldGen       total 2574848K, used 1221770K [0x00000005ca400000, 0x0000000667680000, 0x0000000718c00000)
  object space 2574848K, 47% used [0x00000005ca400000,0x0000000614d229f0,0x0000000667680000)
 Metaspace       used 20158K, capacity 20432K, committed 20736K, reserved 1067008K
  class space    used 2108K, capacity 2180K, committed 2304K, reserved 1048576K
Event: 378.449 GC heap after
Heap after GC invocations=141 (full 23):
 PSYoungGen      total 1971712K, used 59424K [0x0000000718c00000, 0x00000007ba200000, 0x00000007c0000000)
  eden space 1290240K, 0% used [0x0000000718c00000,0x0000000718c00000,0x0000000767800000)
  from space 681472K, 8% used [0x0000000790880000,0x0000000794288010,0x00000007ba200000)
  to   space 672256K, 0% used [0x0000000767800000,0x0000000767800000,0x0000000790880000)
 ParOldGen       total 2574848K, used 1279898K [0x00000005ca400000, 0x0000000667680000, 0x0000000718c00000)
  object space 2574848K, 49% used [0x00000005ca400000,0x00000006185e69f0,0x0000000667680000)
 Metaspace       used 20158K, capacity 20432K, committed 20736K, reserved 1067008K
  class space    used 2108K, capacity 2180K, committed 2304K, reserved 1048576K
}
Event: 380.072 GC heap before
{Heap before GC invocations=142 (full 23):
 PSYoungGen      total 1971712K, used 1349664K [0x0000000718c00000, 0x00000007ba200000, 0x00000007c0000000)
  eden space 1290240K, 100% used [0x0000000718c00000,0x0000000767800000,0x0000000767800000)
  from space 681472K, 8% used [0x0000000790880000,0x0000000794288010,0x00000007ba200000)
  to   space 672256K, 0% used [0x0000000767800000,0x0000000767800000,0x0000000790880000)
 ParOldGen       total 2574848K, used 1279898K [0x00000005ca400000, 0x0000000667680000, 0x0000000718c00000)
  object space 2574848K, 49% used [0x00000005ca400000,0x00000006185e69f0,0x0000000667680000)
 Metaspace       used 20158K, capacity 20432K, committed 20736K, reserved 1067008K
  class space    used 2108K, capacity 2180K, committed 2304K, reserved 1048576K
Event: 380.136 GC heap after
Heap after GC invocations=142 (full 23):
 PSYoungGen      total 1962496K, used 64352K [0x0000000718c00000, 0x00000007bb600000, 0x00000007c0000000)
  eden space 1290240K, 0% used [0x0000000718c00000,0x0000000718c00000,0x0000000767800000)
  from space 672256K, 9% used [0x0000000767800000,0x000000076b6d8000,0x0000000790880000)
  to   space 638976K, 0% used [0x0000000794600000,0x0000000794600000,0x00000007bb600000)
 ParOldGen       total 2574848K, used 1339458K [0x00000005ca400000, 0x0000000667680000, 0x0000000718c00000)
  object space 2574848K, 52% used [0x00000005ca400000,0x000000061c010a00,0x0000000667680000)
 Metaspace       used 20158K, capacity 20432K, committed 20736K, reserved 1067008K
  class space    used 2108K, capacity 2180K, committed 2304K, reserved 1048576K
}
Event: 381.782 GC heap before
{Heap before GC invocations=143 (full 23):
 PSYoungGen      total 1962496K, used 1354592K [0x0000000718c00000, 0x00000007bb600000, 0x00000007c0000000)
  eden space 1290240K, 100% used [0x0000000718c00000,0x0000000767800000,0x0000000767800000)
  from space 672256K, 9% used [0x0000000767800000,0x000000076b6d8000,0x0000000790880000)
  to   space 638976K, 0% used [0x0000000794600000,0x0000000794600000,0x00000007bb600000)
 ParOldGen       total 2574848K, used 1339458K [0x00000005ca400000, 0x0000000667680000, 0x0000000718c00000)
  object space 2574848K, 52% used [0x00000005ca400000,0x000000061c010a00,0x0000000667680000)
 Metaspace       used 20158K, capacity 20432K, committed 20736K, reserved 1067008K
  class space    used 2108K, capacity 2180K, committed 2304K, reserved 1048576K
Event: 381.850 GC heap after
Heap after GC invocations=143 (full 23):
 PSYoungGen      total 2034688K, used 68439K [0x0000000718c00000, 0x00000007b9e80000, 0x00000007c0000000)
  eden space 1419776K, 0% used [0x0000000718c00000,0x0000000718c00000,0x000000076f680000)
  from space 614912K, 11% used [0x0000000794600000,0x00000007988d5f88,0x00000007b9e80000)
  to   space 605696K, 0% used [0x000000076f680000,0x000000076f680000,0x0000000794600000)
 ParOldGen       total 2574848K, used 1403978K [0x00000005ca400000, 0x0000000667680000, 0x0000000718c00000)
  object space 2574848K, 54% used [0x00000005ca400000,0x000000061ff12a00,0x0000000667680000)
 Metaspace       used 20158K, capacity 20432K, committed 20736K, reserved 1067008K
  class space    used 2108K, capacity 2180K, committed 2304K, reserved 1048576K
}
Event: 383.294 GC heap before
{Heap before GC invocations=144 (full 23):
 PSYoungGen      total 2034688K, used 1488215K [0x0000000718c00000, 0x00000007b9e80000, 0x00000007c0000000)
  eden space 1419776K, 100% used [0x0000000718c00000,0x000000076f680000,0x000000076f680000)
  from space 614912K, 11% used [0x0000000794600000,0x00000007988d5f88,0x00000007b9e80000)
  to   space 605696K, 0% used [0x000000076f680000,0x000000076f680000,0x0000000794600000)
 ParOldGen       total 2574848K, used 1403978K [0x00000005ca400000, 0x0000000667680000, 0x0000000718c00000)
  object space 2574848K, 54% used [0x00000005ca400000,0x000000061ff12a00,0x0000000667680000)
 Metaspace       used 20158K, capacity 20432K, committed 20736K, reserved 1067008K
  class space    used 2108K, capacity 2180K, committed 2304K, reserved 1048576K
Event: 383.375 GC heap after
Heap after GC invocations=144 (full 23):
 PSYoungGen      total 2025472K, used 201712K [0x0000000718c00000, 0x00000007bc500000, 0x00000007c0000000)
  eden space 1419776K, 0% used [0x0000000718c00000,0x0000000718c00000,0x000000076f680000)
  from space 605696K, 33% used [0x000000076f680000,0x000000077bb7c250,0x0000000794600000)
  to   space 580096K, 0% used [0x0000000798e80000,0x0000000798e80000,0x00000007bc500000)
 ParOldGen       total 2574848K, used 1472537K [0x00000005ca400000, 0x0000000667680000, 0x0000000718c00000)
  object space 2574848K, 57% used [0x00000005ca400000,0x00000006242067b8,0x0000000667680000)
 Metaspace       used 20158K, capacity 20432K, committed 20736K, reserved 1067008K
  class space    used 2108K, capacity 2180K, committed 2304K, reserved 1048576K
}
Event: 387.615 GC heap before
{Heap before GC invocations=145 (full 23):
 PSYoungGen      total 2025472K, used 1621488K [0x0000000718c00000, 0x00000007bc500000, 0x00000007c0000000)
  eden space 1419776K, 100% used [0x0000000718c00000,0x000000076f680000,0x000000076f680000)
  from space 605696K, 33% used [0x000000076f680000,0x000000077bb7c250,0x0000000794600000)
  to   space 580096K, 0% used [0x0000000798e80000,0x0000000798e80000,0x00000007bc500000)
 ParOldGen       total 2574848K, used 1472537K [0x00000005ca400000, 0x0000000667680000, 0x0000000718c00000)
  object space 2574848K, 57% used [0x00000005ca400000,0x00000006242067b8,0x0000000667680000)
 Metaspace       used 20167K, capacity 20432K, committed 20736K, reserved 1067008K
  class space    used 2108K, capacity 2180K, committed 2304K, reserved 1048576K
Event: 387.849 GC heap after
Heap after GC invocations=145 (full 23):
 PSYoungGen      total 1998336K, used 487459K [0x0000000718c00000, 0x00000007c0000000, 0x00000007c0000000)
  eden space 1418240K, 0% used [0x0000000718c00000,0x0000000718c00000,0x000000076f500000)
  from space 580096K, 84% used [0x0000000798e80000,0x00000007b6a88d00,0x00000007bc500000)
  to   space 660992K, 0% used [0x000000076f500000,0x000000076f500000,0x0000000797a80000)
 ParOldGen       total 2574848K, used 1664478K [0x00000005ca400000, 0x0000000667680000, 0x0000000718c00000)
  object space 2574848K, 64% used [0x00000005ca400000,0x000000062fd77808,0x0000000667680000)
 Metaspace       used 20167K, capacity 20432K, committed 20736K, reserved 1067008K
  class space    used 2108K, capacity 2180K, committed 2304K, reserved 1048576K
}
Event: 392.010 GC heap before
{Heap before GC invocations=146 (full 23):
 PSYoungGen      total 1998336K, used 1905699K [0x0000000718c00000, 0x00000007c0000000, 0x00000007c0000000)
  eden space 1418240K, 100% used [0x0000000718c00000,0x000000076f500000,0x000000076f500000)
  from space 580096K, 84% used [0x0000000798e80000,0x00000007b6a88d00,0x00000007bc500000)
  to   space 660992K, 0% used [0x000000076f500000,0x000000076f500000,0x0000000797a80000)
 ParOldGen       total 2574848K, used 1664478K [0x00000005ca400000, 0x0000000667680000, 0x0000000718c00000)
  object space 2574848K, 64% used [0x00000005ca400000,0x000000062fd77808,0x0000000667680000)
 Metaspace       used 20167K, capacity 20432K, committed 20736K, reserved 1067008K
  class space    used 2108K, capacity 2180K, committed 2304K, reserved 1048576K
Event: 393.748 GC heap after
Heap after GC invocations=146 (full 23):
 PSYoungGen      total 2049536K, used 631096K [0x0000000718c00000, 0x00000007c0000000, 0x00000007c0000000)
  eden space 1418240K, 0% used [0x0000000718c00000,0x0000000718c00000,0x000000076f500000)
  from space 631296K, 99% used [0x000000076f500000,0x0000000795d4e308,0x0000000795d80000)
  to   space 690688K, 0% used [0x0000000795d80000,0x0000000795d80000,0x00000007c0000000)
 ParOldGen       total 2574848K, used 2013188K [0x00000005ca400000, 0x0000000667680000, 0x0000000718c00000)
  object space 2574848K, 78% used [0x00000005ca400000,0x00000006452012c0,0x0000000667680000)
 Metaspace       used 20167K, capacity 20432K, committed 20736K, reserved 1067008K
  class space    used 2108K, capacity 2180K, committed 2304K, reserved 1048576K
}
Event: 397.715 GC heap before
{Heap before GC invocations=147 (full 23):
 PSYoungGen      total 2049536K, used 2049336K [0x0000000718c00000, 0x00000007c0000000, 0x00000007c0000000)
  eden space 1418240K, 100% used [0x0000000718c00000,0x000000076f500000,0x000000076f500000)
  from space 631296K, 99% used [0x000000076f500000,0x0000000795d4e308,0x0000000795d80000)
  to   space 690688K, 0% used [0x0000000795d80000,0x0000000795d80000,0x00000007c0000000)
 ParOldGen       total 2574848K, used 2013188K [0x00000005ca400000, 0x0000000667680000, 0x0000000718c00000)
  object space 2574848K, 78% used [0x00000005ca400000,0x00000006452012c0,0x0000000667680000)
 Metaspace       used 20167K, capacity 20432K, committed 20736K, reserved 1067008K
  class space    used 2108K, capacity 2180K, committed 2304K, reserved 1048576K
Event: 399.784 GC heap after
Heap after GC invocations=147 (full 23):
 PSYoungGen      total 1843712K, used 420642K [0x0000000718c00000, 0x00000007c0000000, 0x00000007c0000000)
  eden space 1153024K, 0% used [0x0000000718c00000,0x0000000718c00000,0x000000075f200000)
  from space 690688K, 60% used [0x0000000795d80000,0x00000007af848928,0x00000007c0000000)
  to   space 793600K, 0% used [0x000000075f200000,0x000000075f200000,0x000000078f900000)
 ParOldGen       total 2639872K, used 2639098K [0x00000005ca400000, 0x000000066b600000, 0x0000000718c00000)
  object space 2639872K, 99% used [0x00000005ca400000,0x000000066b53e8f8,0x000000066b600000)
 Metaspace       used 20167K, capacity 20432K, committed 20736K, reserved 1067008K
  class space    used 2108K, capacity 2180K, committed 2304K, reserved 1048576K
}
Event: 399.784 GC heap before
{Heap before GC invocations=148 (full 24):
 PSYoungGen      total 1843712K, used 420642K [0x0000000718c00000, 0x00000007c0000000, 0x00000007c0000000)
  eden space 1153024K, 0% used [0x0000000718c00000,0x0000000718c00000,0x000000075f200000)
  from space 690688K, 60% used [0x0000000795d80000,0x00000007af848928,0x00000007c0000000)
  to   space 793600K, 0% used [0x000000075f200000,0x000000075f200000,0x000000078f900000)
 ParOldGen       total 2639872K, used 2639098K [0x00000005ca400000, 0x000000066b600000, 0x0000000718c00000)
  object space 2639872K, 99% used [0x00000005ca400000,0x000000066b53e8f8,0x000000066b600000)
 Metaspace       used 20167K, capacity 20432K, committed 20736K, reserved 1067008K
  class space    used 2108K, capacity 2180K, committed 2304K, reserved 1048576K
Event: 399.951 GC heap after
Heap after GC invocations=148 (full 24):
 PSYoungGen      total 1843712K, used 0K [0x0000000718c00000, 0x00000007c0000000, 0x00000007c0000000)
  eden space 1153024K, 0% used [0x0000000718c00000,0x0000000718c00000,0x000000075f200000)
  from space 690688K, 0% used [0x0000000795d80000,0x0000000795d80000,0x00000007c0000000)
  to   space 793600K, 0% used [0x000000075f200000,0x000000075f200000,0x000000078f900000)
 ParOldGen       total 1671168K, used 83442K [0x00000005ca400000, 0x0000000630400000, 0x0000000718c00000)
  object space 1671168K, 4% used [0x00000005ca400000,0x00000005cf57cb60,0x0000000630400000)
 Metaspace       used 20167K, capacity 20432K, committed 20736K, reserved 1067008K
  class space    used 2108K, capacity 2180K, committed 2304K, reserved 1048576K
}
Event: 401.718 GC heap before
{Heap before GC invocations=149 (full 24):
 PSYoungGen      total 1843712K, used 1153024K [0x0000000718c00000, 0x00000007c0000000, 0x00000007c0000000)
  eden space 1153024K, 100% used [0x0000000718c00000,0x000000075f200000,0x000000075f200000)
  from space 690688K, 0% used [0x0000000795d80000,0x0000000795d80000,0x00000007c0000000)
  to   space 793600K, 0% used [0x000000075f200000,0x000000075f200000,0x000000078f900000)
 ParOldGen       total 1671168K, used 83442K [0x00000005ca400000, 0x0000000630400000, 0x0000000718c00000)
  object space 1671168K, 4% used [0x00000005ca400000,0x00000005cf57cb60,0x0000000630400000)
 Metaspace       used 20167K, capacity 20432K, committed 20736K, reserved 1067008K
  class space    used 2108K, capacity 2180K, committed 2304K, reserved 1048576K
Event: 401.835 GC heap after
Heap after GC invocations=149 (full 24):
 PSYoungGen      total 1624576K, used 471141K [0x0000000718c00000, 0x00000007c0000000, 0x00000007c0000000)
  eden space 1153024K, 0% used [0x0000000718c00000,0x0000000718c00000,0x000000075f200000)
  from space 471552K, 99% used [0x000000075f200000,0x000000077be19668,0x000000077be80000)
  to   space 821248K, 0% used [0x000000078de00000,0x000000078de00000,0x00000007c0000000)
 ParOldGen       total 1671168K, used 83450K [0x00000005ca400000, 0x0000000630400000, 0x0000000718c00000)
  object space 1671168K, 4% used [0x00000005ca400000,0x00000005cf57eb60,0x0000000630400000)
 Metaspace       used 20167K, capacity 20432K, committed 20736K, reserved 1067008K
  class space    used 2108K, capacity 2180K, committed 2304K, reserved 1048576K
}
Event: 565.770 GC heap before
{Heap before GC invocations=150 (full 24):
 PSYoungGen      total 1624576K, used 1624165K [0x0000000718c00000, 0x00000007c0000000, 0x00000007c0000000)
  eden space 1153024K, 100% used [0x0000000718c00000,0x000000075f200000,0x000000075f200000)
  from space 471552K, 99% used [0x000000075f200000,0x000000077be19668,0x000000077be80000)
  to   space 821248K, 0% used [0x000000078de00000,0x000000078de00000,0x00000007c0000000)
 ParOldGen       total 1671168K, used 83450K [0x00000005ca400000, 0x0000000630400000, 0x0000000718c00000)
  object space 1671168K, 4% used [0x00000005ca400000,0x00000005cf57eb60,0x0000000630400000)
 Metaspace       used 20167K, capacity 20432K, committed 20736K, reserved 1067008K
  class space    used 2108K, capacity 2180K, committed 2304K, reserved 1048576K
Event: 566.442 GC heap after
Heap after GC invocations=150 (full 24):
 PSYoungGen      total 1734656K, used 821245K [0x0000000718c00000, 0x00000007c0000000, 0x00000007c0000000)
  eden space 913408K, 0% used [0x0000000718c00000,0x0000000718c00000,0x0000000750800000)
  from space 821248K, 99% used [0x000000078de00000,0x00000007bffff5e8,0x00000007c0000000)
  to   space 913408K, 0% used [0x0000000750800000,0x0000000750800000,0x0000000788400000)
 ParOldGen       total 1671168K, used 679066K [0x00000005ca400000, 0x0000000630400000, 0x0000000718c00000)
  object space 1671168K, 40% used [0x00000005ca400000,0x00000005f3b26aa0,0x0000000630400000)
 Metaspace       used 20167K, capacity 20432K, committed 20736K, reserved 1067008K
  class space    used 2108K, capacity 2180K, committed 2304K, reserved 1048576K
}
Event: 568.841 GC heap before
{Heap before GC invocations=151 (full 24):
 PSYoungGen      total 1734656K, used 1734653K [0x0000000718c00000, 0x00000007c0000000, 0x00000007c0000000)
  eden space 913408K, 100% used [0x0000000718c00000,0x0000000750800000,0x0000000750800000)
  from space 821248K, 99% used [0x000000078de00000,0x00000007bffff5e8,0x00000007c0000000)
  to   space 913408K, 0% used [0x0000000750800000,0x0000000750800000,0x0000000788400000)
 ParOldGen       total 1671168K, used 679066K [0x00000005ca400000, 0x0000000630400000, 0x0000000718c00000)
  object space 1671168K, 40% used [0x00000005ca400000,0x00000005f3b26aa0,0x0000000630400000)
 Metaspace       used 20167K, capacity 20432K, committed 20736K, reserved 1067008K
  class space    used 2108K, capacity 2180K, committed 2304K, reserved 1048576K
Event: 569.595 GC heap after
Heap after GC invocations=151 (full 24):
 PSYoungGen      total 1826816K, used 386087K [0x0000000718c00000, 0x00000007c0000000, 0x00000007c0000000)
  eden space 913408K, 0% used [0x0000000718c00000,0x0000000718c00000,0x0000000750800000)
  from space 913408K, 42% used [0x0000000750800000,0x0000000768109dc0,0x0000000788400000)
  to   space 913408K, 0% used [0x0000000788400000,0x0000000788400000,0x00000007c0000000)
 ParOldGen       total 1671168K, used 1503214K [0x00000005ca400000, 0x0000000630400000, 0x0000000718c00000)
  object space 1671168K, 89% used [0x00000005ca400000,0x0000000625ffbb48,0x0000000630400000)
 Metaspace       used 20167K, capacity 20432K, committed 20736K, reserved 1067008K
  class space    used 2108K, capacity 2180K, committed 2304K, reserved 1048576K
}
Event: 569.596 GC heap before
{Heap before GC invocations=152 (full 25):
 PSYoungGen      total 1826816K, used 386087K [0x0000000718c00000, 0x00000007c0000000, 0x00000007c0000000)
  eden space 913408K, 0% used [0x0000000718c00000,0x0000000718c00000,0x0000000750800000)
  from space 913408K, 42% used [0x0000000750800000,0x0000000768109dc0,0x0000000788400000)
  to   space 913408K, 0% used [0x0000000788400000,0x0000000788400000,0x00000007c0000000)
 ParOldGen       total 1671168K, used 1503214K [0x00000005ca400000, 0x0000000630400000, 0x0000000718c00000)
  object space 1671168K, 89% used [0x00000005ca400000,0x0000000625ffbb48,0x0000000630400000)
 Metaspace       used 20167K, capacity 20432K, committed 20736K, reserved 1067008K
  class space    used 2108K, capacity 2180K, committed 2304K, reserved 1048576K
Event: 572.519 GC heap after
Heap after GC invocations=152 (full 25):
 PSYoungGen      total 1826816K, used 206277K [0x0000000718c00000, 0x00000007c0000000, 0x00000007c0000000)
  eden space 913408K, 0% used [0x0000000718c00000,0x0000000718c00000,0x0000000750800000)
  from space 913408K, 22% used [0x0000000750800000,0x000000075d1717b0,0x0000000788400000)
  to   space 913408K, 0% used [0x0000000788400000,0x0000000788400000,0x00000007c0000000)
 ParOldGen       total 3542016K, used 1670818K [0x00000005ca400000, 0x00000006a2700000, 0x0000000718c00000)
  object space 3542016K, 47% used [0x00000005ca400000,0x00000006303a8a30,0x00000006a2700000)
 Metaspace       used 20167K, capacity 20432K, committed 20736K, reserved 1067008K
  class space    used 2108K, capacity 2180K, committed 2304K, reserved 1048576K
}
Event: 574.264 GC heap before
{Heap before GC invocations=153 (full 25):
 PSYoungGen      total 1826816K, used 1119685K [0x0000000718c00000, 0x00000007c0000000, 0x00000007c0000000)
  eden space 913408K, 100% used [0x0000000718c00000,0x0000000750800000,0x0000000750800000)
  from space 913408K, 22% used [0x0000000750800000,0x000000075d1717b0,0x0000000788400000)
  to   space 913408K, 0% used [0x0000000788400000,0x0000000788400000,0x00000007c0000000)
 ParOldGen       total 3542016K, used 1670818K [0x00000005ca400000, 0x00000006a2700000, 0x0000000718c00000)
  object space 3542016K, 47% used [0x00000005ca400000,0x00000006303a8a30,0x00000006a2700000)
 Metaspace       used 20167K, capacity 20432K, committed 20736K, reserved 1067008K
  class space    used 2108K, capacity 2180K, committed 2304K, reserved 1048576K
Event: 575.437 GC heap after
Heap after GC invocations=153 (full 25):
 PSYoungGen      total 1826816K, used 131304K [0x0000000718c00000, 0x00000007c0000000, 0x00000007c0000000)
  eden space 913408K, 0% used [0x0000000718c00000,0x0000000718c00000,0x0000000750800000)
  from space 913408K, 14% used [0x0000000788400000,0x000000079043a160,0x00000007c0000000)
  to   space 913408K, 0% used [0x0000000750800000,0x0000000750800000,0x0000000788400000)
 ParOldGen       total 3542016K, used 1878673K [0x00000005ca400000, 0x00000006a2700000, 0x0000000718c00000)
  object space 3542016K, 53% used [0x00000005ca400000,0x000000063cea4630,0x00000006a2700000)
 Metaspace       used 20167K, capacity 20432K, committed 20736K, reserved 1067008K
  class space    used 2108K, capacity 2180K, committed 2304K, reserved 1048576K
}
Event: 576.550 GC heap before
{Heap before GC invocations=154 (full 25):
 PSYoungGen      total 1826816K, used 1044712K [0x0000000718c00000, 0x00000007c0000000, 0x00000007c0000000)
  eden space 913408K, 100% used [0x0000000718c00000,0x0000000750800000,0x0000000750800000)
  from space 913408K, 14% used [0x0000000788400000,0x000000079043a160,0x00000007c0000000)
  to   space 913408K, 0% used [0x0000000750800000,0x0000000750800000,0x0000000788400000)
 ParOldGen       total 3542016K, used 1878673K [0x00000005ca400000, 0x00000006a2700000, 0x0000000718c00000)
  object space 3542016K, 53% used [0x00000005ca400000,0x000000063cea4630,0x00000006a2700000)
 Metaspace       used 20167K, capacity 20432K, committed 20736K, reserved 1067008K
  class space    used 2108K, capacity 2180K, committed 2304K, reserved 1048576K
Event: 577.411 GC heap after
Heap after GC invocations=154 (full 25):
 PSYoungGen      total 1826816K, used 47584K [0x0000000718c00000, 0x00000007c0000000, 0x00000007c0000000)
  eden space 913408K, 0% used [0x0000000718c00000,0x0000000718c00000,0x0000000750800000)
  from space 913408K, 5% used [0x0000000750800000,0x0000000753678000,0x0000000788400000)
  to   space 913408K, 0% used [0x0000000788400000,0x0000000788400000,0x00000007c0000000)
 ParOldGen       total 3542016K, used 2010817K [0x00000005ca400000, 0x00000006a2700000, 0x0000000718c00000)
  object space 3542016K, 56% used [0x00000005ca400000,0x0000000644fb0490,0x00000006a2700000)
 Metaspace       used 20167K, capacity 20432K, committed 20736K, reserved 1067008K
  class space    used 2108K, capacity 2180K, committed 2304K, reserved 1048576K
}
Event: 578.549 GC heap before
{Heap before GC invocations=155 (full 25):
 PSYoungGen      total 1826816K, used 960992K [0x0000000718c00000, 0x00000007c0000000, 0x00000007c0000000)
  eden space 913408K, 100% used [0x0000000718c00000,0x0000000750800000,0x0000000750800000)
  from space 913408K, 5% used [0x0000000750800000,0x0000000753678000,0x0000000788400000)
  to   space 913408K, 0% used [0x0000000788400000,0x0000000788400000,0x00000007c0000000)
 ParOldGen       total 3542016K, used 2010817K [0x00000005ca400000, 0x00000006a2700000, 0x0000000718c00000)
  object space 3542016K, 56% used [0x00000005ca400000,0x0000000644fb0490,0x00000006a2700000)
 Metaspace       used 20167K, capacity 20432K, committed 20736K, reserved 1067008K
  class space    used 2108K, capacity 2180K, committed 2304K, reserved 1048576K
Event: 578.608 GC heap after
Heap after GC invocations=155 (full 25):
 PSYoungGen      total 1826816K, used 48864K [0x0000000718c00000, 0x00000007c0000000, 0x00000007c0000000)
  eden space 913408K, 0% used [0x0000000718c00000,0x0000000718c00000,0x0000000750800000)
  from space 913408K, 5% used [0x0000000788400000,0x000000078b3b8010,0x00000007c0000000)
  to   space 913408K, 0% used [0x0000000750800000,0x0000000750800000,0x0000000788400000)
 ParOldGen       total 3542016K, used 2058457K [0x00000005ca400000, 0x00000006a2700000, 0x0000000718c00000)
  object space 3542016K, 58% used [0x00000005ca400000,0x0000000647e36490,0x00000006a2700000)
 Metaspace       used 20167K, capacity 20432K, committed 20736K, reserved 1067008K
  class space    used 2108K, capacity 2180K, committed 2304K, reserved 1048576K
}
Event: 579.789 GC heap before
{Heap before GC invocations=156 (full 25):
 PSYoungGen      total 1826816K, used 962272K [0x0000000718c00000, 0x00000007c0000000, 0x00000007c0000000)
  eden space 913408K, 100% used [0x0000000718c00000,0x0000000750800000,0x0000000750800000)
  from space 913408K, 5% used [0x0000000788400000,0x000000078b3b8010,0x00000007c0000000)
  to   space 913408K, 0% used [0x0000000750800000,0x0000000750800000,0x0000000788400000)
 ParOldGen       total 3542016K, used 2058457K [0x00000005ca400000, 0x00000006a2700000, 0x0000000718c00000)
  object space 3542016K, 58% used [0x00000005ca400000,0x0000000647e36490,0x00000006a2700000)
 Metaspace       used 20167K, capacity 20432K, committed 20736K, reserved 1067008K
  class space    used 2108K, capacity 2180K, committed 2304K, reserved 1048576K
Event: 580.391 GC heap after
Heap after GC invocations=156 (full 25):
 PSYoungGen      total 1826816K, used 47232K [0x0000000718c00000, 0x00000007c0000000, 0x00000007c0000000)
  eden space 913408K, 0% used [0x0000000718c00000,0x0000000718c00000,0x0000000750800000)
  from space 913408K, 5% used [0x0000000750800000,0x0000000753620000,0x0000000788400000)
  to   space 913408K, 0% used [0x0000000788400000,0x0000000788400000,0x00000007c0000000)
 ParOldGen       total 3542016K, used 2107449K [0x00000005ca400000, 0x00000006a2700000, 0x0000000718c00000)
  object space 3542016K, 59% used [0x00000005ca400000,0x000000064ae0e4a0,0x00000006a2700000)
 Metaspace       used 20167K, capacity 20432K, committed 20736K, reserved 1067008K
  class space    used 2108K, capacity 2180K, committed 2304K, reserved 1048576K
}
Event: 581.588 GC heap before
{Heap before GC invocations=157 (full 25):
 PSYoungGen      total 1826816K, used 960640K [0x0000000718c00000, 0x00000007c0000000, 0x00000007c0000000)
  eden space 913408K, 100% used [0x0000000718c00000,0x0000000750800000,0x0000000750800000)
  from space 913408K, 5% used [0x0000000750800000,0x0000000753620000,0x0000000788400000)
  to   space 913408K, 0% used [0x0000000788400000,0x0000000788400000,0x00000007c0000000)
 ParOldGen       total 3542016K, used 2107449K [0x00000005ca400000, 0x00000006a2700000, 0x0000000718c00000)
  object space 3542016K, 59% used [0x00000005ca400000,0x000000064ae0e4a0,0x00000006a2700000)
 Metaspace       used 20167K, capacity 20432K, committed 20736K, reserved 1067008K
  class space    used 2108K, capacity 2180K, committed 2304K, reserved 1048576K
Event: 581.891 GC heap after
Heap after GC invocations=157 (full 25):
 PSYoungGen      total 1826816K, used 47857K [0x0000000718c00000, 0x00000007c0000000, 0x00000007c0000000)
  eden space 913408K, 0% used [0x0000000718c00000,0x0000000718c00000,0x0000000750800000)
  from space 913408K, 5% used [0x0000000788400000,0x000000078b2bc518,0x00000007c0000000)
  to   space 913408K, 0% used [0x0000000750800000,0x0000000750800000,0x0000000788400000)
 ParOldGen       total 3542016K, used 2154713K [0x00000005ca400000, 0x00000006a2700000, 0x0000000718c00000)
  object space 3542016K, 60% used [0x00000005ca400000,0x000000064dc364a0,0x00000006a2700000)
 Metaspace       used 20167K, capacity 20432K, committed 20736K, reserved 1067008K
  class space    used 2108K, capacity 2180K, committed 2304K, reserved 1048576K
}
Event: 583.061 GC heap before
{Heap before GC invocations=158 (full 25):
 PSYoungGen      total 1826816K, used 961265K [0x0000000718c00000, 0x00000007c0000000, 0x00000007c0000000)
  eden space 913408K, 100% used [0x0000000718c00000,0x0000000750800000,0x0000000750800000)
  from space 913408K, 5% used [0x0000000788400000,0x000000078b2bc518,0x00000007c0000000)
  to   space 913408K, 0% used [0x0000000750800000,0x0000000750800000,0x0000000788400000)
 ParOldGen       total 3542016K, used 2154713K [0x00000005ca400000, 0x00000006a2700000, 0x0000000718c00000)
  object space 3542016K, 60% used [0x00000005ca400000,0x000000064dc364a0,0x00000006a2700000)
 Metaspace       used 20167K, capacity 20432K, committed 20736K, reserved 1067008K
  class space    used 2108K, capacity 2180K, committed 2304K, reserved 1048576K
Event: 583.127 GC heap after
Heap after GC invocations=158 (full 25):
 PSYoungGen      total 1826816K, used 46944K [0x0000000718c00000, 0x00000007c0000000, 0x00000007c0000000)
  eden space 913408K, 0% used [0x0000000718c00000,0x0000000718c00000,0x0000000750800000)
  from space 913408K, 5% used [0x0000000750800000,0x00000007535d8000,0x0000000788400000)
  to   space 913408K, 0% used [0x0000000788400000,0x0000000788400000,0x00000007c0000000)
 ParOldGen       total 3542016K, used 2202626K [0x00000005ca400000, 0x00000006a2700000, 0x0000000718c00000)
  object space 3542016K, 62% used [0x00000005ca400000,0x0000000650b009b8,0x00000006a2700000)
 Metaspace       used 20167K, capacity 20432K, committed 20736K, reserved 1067008K
  class space    used 2108K, capacity 2180K, committed 2304K, reserved 1048576K
}
Event: 584.317 GC heap before
{Heap before GC invocations=159 (full 25):
 PSYoungGen      total 1826816K, used 960352K [0x0000000718c00000, 0x00000007c0000000, 0x00000007c0000000)
  eden space 913408K, 100% used [0x0000000718c00000,0x0000000750800000,0x0000000750800000)
  from space 913408K, 5% used [0x0000000750800000,0x00000007535d8000,0x0000000788400000)
  to   space 913408K, 0% used [0x0000000788400000,0x0000000788400000,0x00000007c0000000)
 ParOldGen       total 3542016K, used 2202626K [0x00000005ca400000, 0x00000006a2700000, 0x0000000718c00000)
  object space 3542016K, 62% used [0x00000005ca400000,0x0000000650b009b8,0x00000006a2700000)
 Metaspace       used 20167K, capacity 20432K, committed 20736K, reserved 1067008K
  class space    used 2108K, capacity 2180K, committed 2304K, reserved 1048576K
Event: 584.376 GC heap after
Heap after GC invocations=159 (full 25):
 PSYoungGen      total 1793024K, used 47552K [0x0000000718c00000, 0x00000007bdf00000, 0x00000007c0000000)
  eden space 913408K, 0% used [0x0000000718c00000,0x0000000718c00000,0x0000000750800000)
  from space 879616K, 5% used [0x0000000788400000,0x000000078b270000,0x00000007bdf00000)
  to   space 896512K, 0% used [0x0000000750800000,0x0000000750800000,0x0000000787380000)
 ParOldGen       total 3542016K, used 2249682K [0x00000005ca400000, 0x00000006a2700000, 0x0000000718c00000)
  object space 3542016K, 63% used [0x00000005ca400000,0x00000006538f49b8,0x00000006a2700000)
 Metaspace       used 20167K, capacity 20432K, committed 20736K, reserved 1067008K
  class space    used 2108K, capacity 2180K, committed 2304K, reserved 1048576K
}
Event: 585.559 GC heap before
{Heap before GC invocations=160 (full 25):
 PSYoungGen      total 1793024K, used 960960K [0x0000000718c00000, 0x00000007bdf00000, 0x00000007c0000000)
  eden space 913408K, 100% used [0x0000000718c00000,0x0000000750800000,0x0000000750800000)
  from space 879616K, 5% used [0x0000000788400000,0x000000078b270000,0x00000007bdf00000)
  to   space 896512K, 0% used [0x0000000750800000,0x0000000750800000,0x0000000787380000)
 ParOldGen       total 3542016K, used 2249682K [0x00000005ca400000, 0x00000006a2700000, 0x0000000718c00000)
  object space 3542016K, 63% used [0x00000005ca400000,0x00000006538f49b8,0x00000006a2700000)
 Metaspace       used 20167K, capacity 20432K, committed 20736K, reserved 1067008K
  class space    used 2108K, capacity 2180K, committed 2304K, reserved 1048576K
Event: 585.624 GC heap after
Heap after GC invocations=160 (full 25):
 PSYoungGen      total 1809920K, used 47616K [0x0000000718c00000, 0x00000007bc280000, 0x00000007c0000000)
  eden space 913408K, 0% used [0x0000000718c00000,0x0000000718c00000,0x0000000750800000)
  from space 896512K, 5% used [0x0000000750800000,0x0000000753680000,0x0000000787380000)
  to   space 856576K, 0% used [0x0000000787e00000,0x0000000787e00000,0x00000007bc280000)
 ParOldGen       total 3542016K, used 2297290K [0x00000005ca400000, 0x00000006a2700000, 0x0000000718c00000)
  object space 3542016K, 64% used [0x00000005ca400000,0x00000006567729b8,0x00000006a2700000)
 Metaspace       used 20167K, capacity 20432K, committed 20736K, reserved 1067008K
  class space    used 2108K, capacity 2180K, committed 2304K, reserved 1048576K
}
Event: 586.808 GC heap before
{Heap before GC invocations=161 (full 25):
 PSYoungGen      total 1809920K, used 961024K [0x0000000718c00000, 0x00000007bc280000, 0x00000007c0000000)
  eden space 913408K, 100% used [0x0000000718c00000,0x0000000750800000,0x0000000750800000)
  from space 896512K, 5% used [0x0000000750800000,0x0000000753680000,0x0000000787380000)
  to   space 856576K, 0% used [0x0000000787e00000,0x0000000787e00000,0x00000007bc280000)
 ParOldGen       total 3542016K, used 2297290K [0x00000005ca400000, 0x00000006a2700000, 0x0000000718c00000)
  object space 3542016K, 64% used [0x00000005ca400000,0x00000006567729b8,0x00000006a2700000)
 Metaspace       used 20167K, capacity 20432K, committed 20736K, reserved 1067008K
  class space    used 2108K, capacity 2180K, committed 2304K, reserved 1048576K
Event: 586.869 GC heap after
Heap after GC invocations=161 (full 25):
 PSYoungGen      total 1785856K, used 47552K [0x0000000718c00000, 0x00000007b8a00000, 0x00000007c0000000)
  eden space 987136K, 0% used [0x0000000718c00000,0x0000000718c00000,0x0000000755000000)
  from space 798720K, 5% used [0x0000000787e00000,0x000000078ac70000,0x00000007b8a00000)
  to   space 816128K, 0% used [0x0000000755000000,0x0000000755000000,0x0000000786d00000)
 ParOldGen       total 3542016K, used 2344946K [0x00000005ca400000, 0x00000006a2700000, 0x0000000718c00000)
  object space 3542016K, 66% used [0x00000005ca400000,0x00000006595fc9b8,0x00000006a2700000)
 Metaspace       used 20167K, capacity 20432K, committed 20736K, reserved 1067008K
  class space    used 2108K, capacity 2180K, committed 2304K, reserved 1048576K
}
Event: 588.171 GC heap before
{Heap before GC invocations=162 (full 25):
 PSYoungGen      total 1785856K, used 1034688K [0x0000000718c00000, 0x00000007b8a00000, 0x00000007c0000000)
  eden space 987136K, 100% used [0x0000000718c00000,0x0000000755000000,0x0000000755000000)
  from space 798720K, 5% used [0x0000000787e00000,0x000000078ac70000,0x00000007b8a00000)
  to   space 816128K, 0% used [0x0000000755000000,0x0000000755000000,0x0000000786d00000)
 ParOldGen       total 3542016K, used 2344946K [0x00000005ca400000, 0x00000006a2700000, 0x0000000718c00000)
  object space 3542016K, 66% used [0x00000005ca400000,0x00000006595fc9b8,0x00000006a2700000)
 Metaspace       used 20167K, capacity 20432K, committed 20736K, reserved 1067008K
  class space    used 2108K, capacity 2180K, committed 2304K, reserved 1048576K
Event: 588.242 GC heap after
Heap after GC invocations=162 (full 25):
 PSYoungGen      total 1803264K, used 51360K [0x0000000718c00000, 0x00000007bc100000, 0x00000007c0000000)
  eden space 987136K, 0% used [0x0000000718c00000,0x0000000718c00000,0x0000000755000000)
  from space 816128K, 6% used [0x0000000755000000,0x0000000758228000,0x0000000786d00000)
  to   space 775168K, 0% used [0x000000078cc00000,0x000000078cc00000,0x00000007bc100000)
 ParOldGen       total 3542016K, used 2392586K [0x00000005ca400000, 0x00000006a2700000, 0x0000000718c00000)
  object space 3542016K, 67% used [0x00000005ca400000,0x000000065c4829b8,0x00000006a2700000)
 Metaspace       used 20167K, capacity 20432K, committed 20736K, reserved 1067008K
  class space    used 2108K, capacity 2180K, committed 2304K, reserved 1048576K
}
Event: 589.499 GC heap before
{Heap before GC invocations=163 (full 25):
 PSYoungGen      total 1803264K, used 1038496K [0x0000000718c00000, 0x00000007bc100000, 0x00000007c0000000)
  eden space 987136K, 100% used [0x0000000718c00000,0x0000000755000000,0x0000000755000000)
  from space 816128K, 6% used [0x0000000755000000,0x0000000758228000,0x0000000786d00000)
  to   space 775168K, 0% used [0x000000078cc00000,0x000000078cc00000,0x00000007bc100000)
 ParOldGen       total 3542016K, used 2392586K [0x00000005ca400000, 0x00000006a2700000, 0x0000000718c00000)
  object space 3542016K, 67% used [0x00000005ca400000,0x000000065c4829b8,0x00000006a2700000)
 Metaspace       used 20167K, capacity 20432K, committed 20736K, reserved 1067008K
  class space    used 2108K, capacity 2180K, committed 2304K, reserved 1048576K
Event: 589.929 GC heap after
Heap after GC invocations=163 (full 25):
 PSYoungGen      total 1866752K, used 50208K [0x0000000718c00000, 0x00000007b8900000, 0x00000007c0000000)
  eden space 1148928K, 0% used [0x0000000718c00000,0x0000000718c00000,0x000000075ee00000)
  from space 717824K, 6% used [0x000000078cc00000,0x000000078fd08000,0x00000007b8900000)
  to   space 734720K, 0% used [0x000000075ee00000,0x000000075ee00000,0x000000078bb80000)
 ParOldGen       total 3542016K, used 2444042K [0x00000005ca400000, 0x00000006a2700000, 0x0000000718c00000)
  object space 3542016K, 69% used [0x00000005ca400000,0x000000065f6c29b8,0x00000006a2700000)
 Metaspace       used 20167K, capacity 20432K, committed 20736K, reserved 1067008K
  class space    used 2108K, capacity 2180K, committed 2304K, reserved 1048576K
}
Event: 591.484 GC heap before
{Heap before GC invocations=164 (full 25):
 PSYoungGen      total 1866752K, used 1199136K [0x0000000718c00000, 0x00000007b8900000, 0x00000007c0000000)
  eden space 1148928K, 100% used [0x0000000718c00000,0x000000075ee00000,0x000000075ee00000)
  from space 717824K, 6% used [0x000000078cc00000,0x000000078fd08000,0x00000007b8900000)
  to   space 734720K, 0% used [0x000000075ee00000,0x000000075ee00000,0x000000078bb80000)
 ParOldGen       total 3542016K, used 2444042K [0x00000005ca400000, 0x00000006a2700000, 0x0000000718c00000)
  object space 3542016K, 69% used [0x00000005ca400000,0x000000065f6c29b8,0x00000006a2700000)
 Metaspace       used 20167K, capacity 20432K, committed 20736K, reserved 1067008K
  class space    used 2108K, capacity 2180K, committed 2304K, reserved 1048576K
Event: 591.993 GC heap after
Heap after GC invocations=164 (full 25):
 PSYoungGen      total 1883648K, used 57408K [0x0000000718c00000, 0x00000007bc180000, 0x00000007c0000000)
  eden space 1148928K, 0% used [0x0000000718c00000,0x0000000718c00000,0x000000075ee00000)
  from space 734720K, 7% used [0x000000075ee00000,0x0000000762610000,0x000000078bb80000)
  to   space 694272K, 0% used [0x0000000791b80000,0x0000000791b80000,0x00000007bc180000)
 ParOldGen       total 3542016K, used 2494370K [0x00000005ca400000, 0x00000006a2700000, 0x0000000718c00000)
  object space 3542016K, 70% used [0x00000005ca400000,0x00000006627e89b8,0x00000006a2700000)
 Metaspace       used 20167K, capacity 20432K, committed 20736K, reserved 1067008K
  class space    used 2108K, capacity 2180K, committed 2304K, reserved 1048576K
}
Event: 593.407 GC heap before
{Heap before GC invocations=165 (full 25):
 PSYoungGen      total 1883648K, used 1206336K [0x0000000718c00000, 0x00000007bc180000, 0x00000007c0000000)
  eden space 1148928K, 100% used [0x0000000718c00000,0x000000075ee00000,0x000000075ee00000)
  from space 734720K, 7% used [0x000000075ee00000,0x0000000762610000,0x000000078bb80000)
  to   space 694272K, 0% used [0x0000000791b80000,0x0000000791b80000,0x00000007bc180000)
 ParOldGen       total 3542016K, used 2494370K [0x00000005ca400000, 0x00000006a2700000, 0x0000000718c00000)
  object space 3542016K, 70% used [0x00000005ca400000,0x00000006627e89b8,0x00000006a2700000)
 Metaspace       used 20167K, capacity 20432K, committed 20736K, reserved 1067008K
  class space    used 2108K, capacity 2180K, committed 2304K, reserved 1048576K
Event: 593.666 GC heap after
Heap after GC invocations=165 (full 25):
 PSYoungGen      total 1950208K, used 57184K [0x0000000718c00000, 0x00000007b8b80000, 0x00000007c0000000)
  eden space 1311232K, 0% used [0x0000000718c00000,0x0000000718c00000,0x0000000768c80000)
  from space 638976K, 8% used [0x0000000791b80000,0x0000000795358000,0x00000007b8b80000)
  to   space 654848K, 0% used [0x0000000768c80000,0x0000000768c80000,0x0000000790c00000)
 ParOldGen       total 3542016K, used 2551914K [0x00000005ca400000, 0x00000006a2700000, 0x0000000718c00000)
  object space 3542016K, 72% used [0x00000005ca400000,0x000000066601a9b8,0x00000006a2700000)
 Metaspace       used 20167K, capacity 20432K, committed 20736K, reserved 1067008K
  class space    used 2108K, capacity 2180K, committed 2304K, reserved 1048576K
}
Event: 595.271 GC heap before
{Heap before GC invocations=166 (full 25):
 PSYoungGen      total 1950208K, used 1368416K [0x0000000718c00000, 0x00000007b8b80000, 0x00000007c0000000)
  eden space 1311232K, 100% used [0x0000000718c00000,0x0000000768c80000,0x0000000768c80000)
  from space 638976K, 8% used [0x0000000791b80000,0x0000000795358000,0x00000007b8b80000)
  to   space 654848K, 0% used [0x0000000768c80000,0x0000000768c80000,0x0000000790c00000)
 ParOldGen       total 3542016K, used 2551914K [0x00000005ca400000, 0x00000006a2700000, 0x0000000718c00000)
  object space 3542016K, 72% used [0x00000005ca400000,0x000000066601a9b8,0x00000006a2700000)
 Metaspace       used 20167K, capacity 20432K, committed 20736K, reserved 1067008K
  class space    used 2108K, capacity 2180K, committed 2304K, reserved 1048576K
Event: 595.578 GC heap after
Heap after GC invocations=166 (full 25):
 PSYoungGen      total 1966080K, used 64768K [0x0000000718c00000, 0x00000007bc380000, 0x00000007c0000000)
  eden space 1311232K, 0% used [0x0000000718c00000,0x0000000718c00000,0x0000000768c80000)
  from space 654848K, 9% used [0x0000000768c80000,0x000000076cbc0000,0x0000000790c00000)
  to   space 615936K, 0% used [0x0000000796a00000,0x0000000796a00000,0x00000007bc380000)
 ParOldGen       total 3542016K, used 2609290K [0x00000005ca400000, 0x00000006a2700000, 0x0000000718c00000)
  object space 3542016K, 73% used [0x00000005ca400000,0x00000006698229b8,0x00000006a2700000)
 Metaspace       used 20167K, capacity 20432K, committed 20736K, reserved 1067008K
  class space    used 2108K, capacity 2180K, committed 2304K, reserved 1048576K
}
Event: 597.193 GC heap before
{Heap before GC invocations=167 (full 25):
 PSYoungGen      total 1966080K, used 1376000K [0x0000000718c00000, 0x00000007bc380000, 0x00000007c0000000)
  eden space 1311232K, 100% used [0x0000000718c00000,0x0000000768c80000,0x0000000768c80000)
  from space 654848K, 9% used [0x0000000768c80000,0x000000076cbc0000,0x0000000790c00000)
  to   space 615936K, 0% used [0x0000000796a00000,0x0000000796a00000,0x00000007bc380000)
 ParOldGen       total 3542016K, used 2609290K [0x00000005ca400000, 0x00000006a2700000, 0x0000000718c00000)
  object space 3542016K, 73% used [0x00000005ca400000,0x00000006698229b8,0x00000006a2700000)
 Metaspace       used 20167K, capacity 20432K, committed 20736K, reserved 1067008K
  class space    used 2108K, capacity 2180K, committed 2304K, reserved 1048576K
Event: 597.369 GC heap after
Heap after GC invocations=167 (full 25):
 PSYoungGen      total 2033664K, used 65024K [0x0000000718c00000, 0x00000007b9100000, 0x00000007c0000000)
  eden space 1469440K, 0% used [0x0000000718c00000,0x0000000718c00000,0x0000000772700000)
  from space 564224K, 11% used [0x0000000796a00000,0x000000079a980000,0x00000007b9100000)
  to   space 578560K, 0% used [0x0000000772700000,0x0000000772700000,0x0000000795c00000)
 ParOldGen       total 3542016K, used 2674274K [0x00000005ca400000, 0x00000006a2700000, 0x0000000718c00000)
  object space 3542016K, 75% used [0x00000005ca400000,0x000000066d7989b8,0x00000006a2700000)
 Metaspace       used 20167K, capacity 20432K, committed 20736K, reserved 1067008K
  class space    used 2108K, capacity 2180K, committed 2304K, reserved 1048576K
}
Event: 599.182 GC heap before
{Heap before GC invocations=168 (full 25):
 PSYoungGen      total 2033664K, used 1534464K [0x0000000718c00000, 0x00000007b9100000, 0x00000007c0000000)
  eden space 1469440K, 100% used [0x0000000718c00000,0x0000000772700000,0x0000000772700000)
  from space 564224K, 11% used [0x0000000796a00000,0x000000079a980000,0x00000007b9100000)
  to   space 578560K, 0% used [0x0000000772700000,0x0000000772700000,0x0000000795c00000)
 ParOldGen       total 3542016K, used 2674274K [0x00000005ca400000, 0x00000006a2700000, 0x0000000718c00000)
  object space 3542016K, 75% used [0x00000005ca400000,0x000000066d7989b8,0x00000006a2700000)
 Metaspace       used 20167K, capacity 20432K, committed 20736K, reserved 1067008K
  class space    used 2108K, capacity 2180K, committed 2304K, reserved 1048576K
Event: 599.307 GC heap after
Heap after GC invocations=168 (full 25):
 PSYoungGen      total 2048000K, used 72928K [0x0000000718c00000, 0x00000007bc600000, 0x00000007c0000000)
  eden space 1469440K, 0% used [0x0000000718c00000,0x0000000718c00000,0x0000000772700000)
  from space 578560K, 12% used [0x0000000772700000,0x0000000776e38000,0x0000000795c00000)
  to   space 541696K, 0% used [0x000000079b500000,0x000000079b500000,0x00000007bc600000)
 ParOldGen       total 3542016K, used 2739482K [0x00000005ca400000, 0x00000006a2700000, 0x0000000718c00000)
  object space 3542016K, 77% used [0x00000005ca400000,0x00000006717469b8,0x00000006a2700000)
 Metaspace       used 20167K, capacity 20432K, committed 20736K, reserved 1067008K
  class space    used 2108K, capacity 2180K, committed 2304K, reserved 1048576K
}
Event: 601.156 GC heap before
{Heap before GC invocations=169 (full 25):
 PSYoungGen      total 2048000K, used 1542368K [0x0000000718c00000, 0x00000007bc600000, 0x00000007c0000000)
  eden space 1469440K, 100% used [0x0000000718c00000,0x0000000772700000,0x0000000772700000)
  from space 578560K, 12% used [0x0000000772700000,0x0000000776e38000,0x0000000795c00000)
  to   space 541696K, 0% used [0x000000079b500000,0x000000079b500000,0x00000007bc600000)
 ParOldGen       total 3542016K, used 2739482K [0x00000005ca400000, 0x00000006a2700000, 0x0000000718c00000)
  object space 3542016K, 77% used [0x00000005ca400000,0x00000006717469b8,0x00000006a2700000)
 Metaspace       used 20167K, capacity 20432K, committed 20736K, reserved 1067008K
  class space    used 2108K, capacity 2180K, committed 2304K, reserved 1048576K
Event: 601.524 GC heap after
Heap after GC invocations=169 (full 25):
 PSYoungGen      total 2115584K, used 73024K [0x0000000718c00000, 0x00000007b9900000, 0x00000007c0000000)
  eden space 1619968K, 0% used [0x0000000718c00000,0x0000000718c00000,0x000000077ba00000)
  from space 495616K, 14% used [0x000000079b500000,0x000000079fc50000,0x00000007b9900000)
  to   space 507392K, 0% used [0x000000077ba00000,0x000000077ba00000,0x000000079a980000)
 ParOldGen       total 3542016K, used 2812666K [0x00000005ca400000, 0x00000006a2700000, 0x0000000718c00000)
  object space 3542016K, 79% used [0x00000005ca400000,0x0000000675ebe9b8,0x00000006a2700000)
 Metaspace       used 20167K, capacity 20432K, committed 20736K, reserved 1067008K
  class space    used 2108K, capacity 2180K, committed 2304K, reserved 1048576K
}
Event: 603.542 GC heap before
{Heap before GC invocations=170 (full 25):
 PSYoungGen      total 2115584K, used 1692992K [0x0000000718c00000, 0x00000007b9900000, 0x00000007c0000000)
  eden space 1619968K, 100% used [0x0000000718c00000,0x000000077ba00000,0x000000077ba00000)
  from space 495616K, 14% used [0x000000079b500000,0x000000079fc50000,0x00000007b9900000)
  to   space 507392K, 0% used [0x000000077ba00000,0x000000077ba00000,0x000000079a980000)
 ParOldGen       total 3542016K, used 2812666K [0x00000005ca400000, 0x00000006a2700000, 0x0000000718c00000)
  object space 3542016K, 79% used [0x00000005ca400000,0x0000000675ebe9b8,0x00000006a2700000)
 Metaspace       used 20167K, capacity 20432K, committed 20736K, reserved 1067008K
  class space    used 2108K, capacity 2180K, committed 2304K, reserved 1048576K
Event: 603.801 GC heap after
Heap after GC invocations=170 (full 25):
 PSYoungGen      total 2127360K, used 80032K [0x0000000718c00000, 0x00000007bca80000, 0x00000007c0000000)
  eden space 1619968K, 0% used [0x0000000718c00000,0x0000000718c00000,0x000000077ba00000)
  from space 507392K, 15% used [0x000000077ba00000,0x0000000780828000,0x000000079a980000)
  to   space 474112K, 0% used [0x000000079fb80000,0x000000079fb80000,0x00000007bca80000)
 ParOldGen       total 3542016K, used 2885962K [0x00000005ca400000, 0x00000006a2700000, 0x0000000718c00000)
  object space 3542016K, 81% used [0x00000005ca400000,0x000000067a6529b8,0x00000006a2700000)
 Metaspace       used 20167K, capacity 20432K, committed 20736K, reserved 1067008K
  class space    used 2108K, capacity 2180K, committed 2304K, reserved 1048576K
}
Event: 605.859 GC heap before
{Heap before GC invocations=171 (full 25):
 PSYoungGen      total 2127360K, used 1700000K [0x0000000718c00000, 0x00000007bca80000, 0x00000007c0000000)
  eden space 1619968K, 100% used [0x0000000718c00000,0x000000077ba00000,0x000000077ba00000)
  from space 507392K, 15% used [0x000000077ba00000,0x0000000780828000,0x000000079a980000)
  to   space 474112K, 0% used [0x000000079fb80000,0x000000079fb80000,0x00000007bca80000)
 ParOldGen       total 3542016K, used 2885962K [0x00000005ca400000, 0x00000006a2700000, 0x0000000718c00000)
  object space 3542016K, 81% used [0x00000005ca400000,0x000000067a6529b8,0x00000006a2700000)
 Metaspace       used 20167K, capacity 20432K, committed 20736K, reserved 1067008K
  class space    used 2108K, capacity 2180K, committed 2304K, reserved 1048576K
Event: 605.953 GC heap after
Heap after GC invocations=171 (full 25):
 PSYoungGen      total 2191872K, used 81120K [0x0000000718c00000, 0x00000007ba280000, 0x00000007c0000000)
  eden space 1758720K, 0% used [0x0000000718c00000,0x0000000718c00000,0x0000000784180000)
  from space 433152K, 18% used [0x000000079fb80000,0x00000007a4ab8000,0x00000007ba280000)
  to   space 442880K, 0% used [0x0000000784180000,0x0000000784180000,0x000000079f200000)
 ParOldGen       total 3542016K, used 2966194K [0x00000005ca400000, 0x00000006a2700000, 0x0000000718c00000)
  object space 3542016K, 83% used [0x00000005ca400000,0x000000067f4ac9b8,0x00000006a2700000)
 Metaspace       used 20167K, capacity 20432K, committed 20736K, reserved 1067008K
  class space    used 2108K, capacity 2180K, committed 2304K, reserved 1048576K
}
Event: 608.247 GC heap before
{Heap before GC invocations=172 (full 25):
 PSYoungGen      total 2191872K, used 1839840K [0x0000000718c00000, 0x00000007ba280000, 0x00000007c0000000)
  eden space 1758720K, 100% used [0x0000000718c00000,0x0000000784180000,0x0000000784180000)
  from space 433152K, 18% used [0x000000079fb80000,0x00000007a4ab8000,0x00000007ba280000)
  to   space 442880K, 0% used [0x0000000784180000,0x0000000784180000,0x000000079f200000)
 ParOldGen       total 3542016K, used 2966194K [0x00000005ca400000, 0x00000006a2700000, 0x0000000718c00000)
  object space 3542016K, 83% used [0x00000005ca400000,0x000000067f4ac9b8,0x00000006a2700000)
 Metaspace       used 20167K, capacity 20432K, committed 20736K, reserved 1067008K
  class space    used 2108K, capacity 2180K, committed 2304K, reserved 1048576K
Event: 608.385 GC heap after
Heap after GC invocations=172 (full 25):
 PSYoungGen      total 2201600K, used 89024K [0x0000000718c00000, 0x00000007bce80000, 0x00000007c0000000)
  eden space 1758720K, 0% used [0x0000000718c00000,0x0000000718c00000,0x0000000784180000)
  from space 442880K, 20% used [0x0000000784180000,0x0000000789870000,0x000000079f200000)
  to   space 412672K, 0% used [0x00000007a3b80000,0x00000007a3b80000,0x00000007bce80000)
 ParOldGen       total 3542016K, used 3047538K [0x00000005ca400000, 0x00000006a2700000, 0x0000000718c00000)
  object space 3542016K, 86% used [0x00000005ca400000,0x000000068441c9b8,0x00000006a2700000)
 Metaspace       used 20167K, capacity 20432K, committed 20736K, reserved 1067008K
  class space    used 2108K, capacity 2180K, committed 2304K, reserved 1048576K
}
Event: 610.699 GC heap before
{Heap before GC invocations=173 (full 25):
 PSYoungGen      total 2201600K, used 1847744K [0x0000000718c00000, 0x00000007bce80000, 0x00000007c0000000)
  eden space 1758720K, 100% used [0x0000000718c00000,0x0000000784180000,0x0000000784180000)
  from space 442880K, 20% used [0x0000000784180000,0x0000000789870000,0x000000079f200000)
  to   space 412672K, 0% used [0x00000007a3b80000,0x00000007a3b80000,0x00000007bce80000)
 ParOldGen       total 3542016K, used 3047538K [0x00000005ca400000, 0x00000006a2700000, 0x0000000718c00000)
  object space 3542016K, 86% used [0x00000005ca400000,0x000000068441c9b8,0x00000006a2700000)
 Metaspace       used 20167K, capacity 20432K, committed 20736K, reserved 1067008K
  class space    used 2108K, capacity 2180K, committed 2304K, reserved 1048576K
Event: 610.813 GC heap after
Heap after GC invocations=173 (full 25):
 PSYoungGen      total 2262528K, used 89577K [0x0000000718c00000, 0x00000007bac80000, 0x00000007c0000000)
  eden space 1884672K, 0% used [0x0000000718c00000,0x0000000718c00000,0x000000078bc80000)
  from space 377856K, 23% used [0x00000007a3b80000,0x00000007a92fa798,0x00000007bac80000)
  to   space 385024K, 0% used [0x000000078bc80000,0x000000078bc80000,0x00000007a3480000)
 ParOldGen       total 3542016K, used 3136826K [0x00000005ca400000, 0x00000006a2700000, 0x0000000718c00000)
  object space 3542016K, 88% used [0x00000005ca400000,0x0000000689b4e9b8,0x00000006a2700000)
 Metaspace       used 20167K, capacity 20432K, committed 20736K, reserved 1067008K
  class space    used 2108K, capacity 2180K, committed 2304K, reserved 1048576K
}
Event: 613.164 GC heap before
{Heap before GC invocations=174 (full 25):
 PSYoungGen      total 2262528K, used 1974249K [0x0000000718c00000, 0x00000007bac80000, 0x00000007c0000000)
  eden space 1884672K, 100% used [0x0000000718c00000,0x000000078bc80000,0x000000078bc80000)
  from space 377856K, 23% used [0x00000007a3b80000,0x00000007a92fa798,0x00000007bac80000)
  to   space 385024K, 0% used [0x000000078bc80000,0x000000078bc80000,0x00000007a3480000)
 ParOldGen       total 3542016K, used 3136826K [0x00000005ca400000, 0x00000006a2700000, 0x0000000718c00000)
  object space 3542016K, 88% used [0x00000005ca400000,0x0000000689b4e9b8,0x00000006a2700000)
 Metaspace       used 20167K, capacity 20432K, committed 20736K, reserved 1067008K
  class space    used 2108K, capacity 2180K, committed 2304K, reserved 1048576K
Event: 613.432 GC heap after
Heap after GC invocations=174 (full 25):
 PSYoungGen      total 2269696K, used 93696K [0x0000000718c00000, 0x00000007bd400000, 0x00000007c0000000)
  eden space 1884672K, 0% used [0x0000000718c00000,0x0000000718c00000,0x000000078bc80000)
  from space 385024K, 24% used [0x000000078bc80000,0x0000000791800000,0x00000007a3480000)
  to   space 358912K, 0% used [0x00000007a7580000,0x00000007a7580000,0x00000007bd400000)
 ParOldGen       total 3542016K, used 3226700K [0x00000005ca400000, 0x00000006a2700000, 0x0000000718c00000)
  object space 3542016K, 91% used [0x00000005ca400000,0x000000068f313150,0x00000006a2700000)
 Metaspace       used 20167K, capacity 20432K, committed 20736K, reserved 1067008K
  class space    used 2108K, capacity 2180K, committed 2304K, reserved 1048576K
}
Event: 615.775 GC heap before
{Heap before GC invocations=175 (full 25):
 PSYoungGen      total 2269696K, used 1978368K [0x0000000718c00000, 0x00000007bd400000, 0x00000007c0000000)
  eden space 1884672K, 100% used [0x0000000718c00000,0x000000078bc80000,0x000000078bc80000)
  from space 385024K, 24% used [0x000000078bc80000,0x0000000791800000,0x00000007a3480000)
  to   space 358912K, 0% used [0x00000007a7580000,0x00000007a7580000,0x00000007bd400000)
 ParOldGen       total 3542016K, used 3226700K [0x00000005ca400000, 0x00000006a2700000, 0x0000000718c00000)
  object space 3542016K, 91% used [0x00000005ca400000,0x000000068f313150,0x00000006a2700000)
 Metaspace       used 20167K, capacity 20432K, committed 20736K, reserved 1067008K
  class space    used 2108K, capacity 2180K, committed 2304K, reserved 1048576K
Event: 615.939 GC heap after
Heap after GC invocations=175 (full 25):
 PSYoungGen      total 2326016K, used 93632K [0x0000000718c00000, 0x00000007bb780000, 0x00000007c0000000)
  eden space 1996288K, 0% used [0x0000000718c00000,0x0000000718c00000,0x0000000792980000)
  from space 329728K, 28% used [0x00000007a7580000,0x00000007ad0f0000,0x00000007bb780000)
  to   space 334848K, 0% used [0x0000000792980000,0x0000000792980000,0x00000007a7080000)
 ParOldGen       total 3542016K, used 3320636K [0x00000005ca400000, 0x00000006a2700000, 0x0000000718c00000)
  object space 3542016K, 93% used [0x00000005ca400000,0x0000000694ecf150,0x00000006a2700000)
 Metaspace       used 20167K, capacity 20432K, committed 20736K, reserved 1067008K
  class space    used 2108K, capacity 2180K, committed 2304K, reserved 1048576K
}
Event: 615.939 GC heap before
{Heap before GC invocations=176 (full 26):
 PSYoungGen      total 2326016K, used 93632K [0x0000000718c00000, 0x00000007bb780000, 0x00000007c0000000)
  eden space 1996288K, 0% used [0x0000000718c00000,0x0000000718c00000,0x0000000792980000)
  from space 329728K, 28% used [0x00000007a7580000,0x00000007ad0f0000,0x00000007bb780000)
  to   space 334848K, 0% used [0x0000000792980000,0x0000000792980000,0x00000007a7080000)
 ParOldGen       total 3542016K, used 3320636K [0x00000005ca400000, 0x00000006a2700000, 0x0000000718c00000)
  object space 3542016K, 93% used [0x00000005ca400000,0x0000000694ecf150,0x00000006a2700000)
 Metaspace       used 20167K, capacity 20432K, committed 20736K, reserved 1067008K
  class space    used 2108K, capacity 2180K, committed 2304K, reserved 1048576K
Event: 617.437 GC heap after
Heap after GC invocations=176 (full 26):
 PSYoungGen      total 2326016K, used 0K [0x0000000718c00000, 0x00000007bb780000, 0x00000007c0000000)
  eden space 1996288K, 0% used [0x0000000718c00000,0x0000000718c00000,0x0000000792980000)
  from space 329728K, 0% used [0x00000007a7580000,0x00000007a7580000,0x00000007bb780000)
  to   space 334848K, 0% used [0x0000000792980000,0x0000000792980000,0x00000007a7080000)
 ParOldGen       total 3942912K, used 2701565K [0x00000005ca400000, 0x00000006bae80000, 0x0000000718c00000)
  object space 3942912K, 68% used [0x00000005ca400000,0x000000066f23f630,0x00000006bae80000)
 Metaspace       used 20167K, capacity 20432K, committed 20736K, reserved 1067008K
  class space    used 2108K, capacity 2180K, committed 2304K, reserved 1048576K
}
Event: 619.817 GC heap before
{Heap before GC invocations=177 (full 26):
 PSYoungGen      total 2326016K, used 1996288K [0x0000000718c00000, 0x00000007bb780000, 0x00000007c0000000)
  eden space 1996288K, 100% used [0x0000000718c00000,0x0000000792980000,0x0000000792980000)
  from space 329728K, 0% used [0x00000007a7580000,0x00000007a7580000,0x00000007bb780000)
  to   space 334848K, 0% used [0x0000000792980000,0x0000000792980000,0x00000007a7080000)
 ParOldGen       total 3942912K, used 2701565K [0x00000005ca400000, 0x00000006bae80000, 0x0000000718c00000)
  object space 3942912K, 68% used [0x00000005ca400000,0x000000066f23f630,0x00000006bae80000)
 Metaspace       used 20167K, capacity 20432K, committed 20736K, reserved 1067008K
  class space    used 2108K, capacity 2180K, committed 2304K, reserved 1048576K
Event: 619.859 GC heap after
Heap after GC invocations=177 (full 26):
 PSYoungGen      total 2331136K, used 98656K [0x0000000718c00000, 0x00000007bd900000, 0x00000007c0000000)
  eden space 1996288K, 0% used [0x0000000718c00000,0x0000000718c00000,0x0000000792980000)
  from space 334848K, 29% used [0x0000000792980000,0x00000007989d8000,0x00000007a7080000)
  to   space 312320K, 0% used [0x00000007aa800000,0x00000007aa800000,0x00000007bd900000)
 ParOldGen       total 3942912K, used 2701565K [0x00000005ca400000, 0x00000006bae80000, 0x0000000718c00000)
  object space 3942912K, 68% used [0x00000005ca400000,0x000000066f23f630,0x00000006bae80000)
 Metaspace       used 20167K, capacity 20432K, committed 20736K, reserved 1067008K
  class space    used 2108K, capacity 2180K, committed 2304K, reserved 1048576K
}
Event: 622.418 GC heap before
{Heap before GC invocations=178 (full 26):
 PSYoungGen      total 2331136K, used 2094944K [0x0000000718c00000, 0x00000007bd900000, 0x00000007c0000000)
  eden space 1996288K, 100% used [0x0000000718c00000,0x0000000792980000,0x0000000792980000)
  from space 334848K, 29% used [0x0000000792980000,0x00000007989d8000,0x00000007a7080000)
  to   space 312320K, 0% used [0x00000007aa800000,0x00000007aa800000,0x00000007bd900000)
 ParOldGen       total 3942912K, used 2701565K [0x00000005ca400000, 0x00000006bae80000, 0x0000000718c00000)
  object space 3942912K, 68% used [0x00000005ca400000,0x000000066f23f630,0x00000006bae80000)
 Metaspace       used 20167K, capacity 20432K, committed 20736K, reserved 1067008K
  class space    used 2108K, capacity 2180K, committed 2304K, reserved 1048576K
Event: 622.518 GC heap after
Heap after GC invocations=178 (full 26):
 PSYoungGen      total 2381824K, used 98976K [0x0000000718c00000, 0x00000007bc200000, 0x00000007c0000000)
  eden space 2093056K, 0% used [0x0000000718c00000,0x0000000718c00000,0x0000000798800000)
  from space 288768K, 34% used [0x00000007aa800000,0x00000007b08a8000,0x00000007bc200000)
  to   space 291840K, 0% used [0x0000000798800000,0x0000000798800000,0x00000007aa500000)
 ParOldGen       total 3942912K, used 2800541K [0x00000005ca400000, 0x00000006bae80000, 0x0000000718c00000)
  object space 3942912K, 71% used [0x00000005ca400000,0x00000006752e7640,0x00000006bae80000)
 Metaspace       used 20167K, capacity 20432K, committed 20736K, reserved 1067008K
  class space    used 2108K, capacity 2180K, committed 2304K, reserved 1048576K
}
Event: 625.112 GC heap before
{Heap before GC invocations=179 (full 26):
 PSYoungGen      total 2381824K, used 2192032K [0x0000000718c00000, 0x00000007bc200000, 0x00000007c0000000)
  eden space 2093056K, 100% used [0x0000000718c00000,0x0000000798800000,0x0000000798800000)
  from space 288768K, 34% used [0x00000007aa800000,0x00000007b08a8000,0x00000007bc200000)
  to   space 291840K, 0% used [0x0000000798800000,0x0000000798800000,0x00000007aa500000)
 ParOldGen       total 3942912K, used 2800541K [0x00000005ca400000, 0x00000006bae80000, 0x0000000718c00000)
  object space 3942912K, 71% used [0x00000005ca400000,0x00000006752e7640,0x00000006bae80000)
 Metaspace       used 20167K, capacity 20432K, committed 20736K, reserved 1067008K
  class space    used 2108K, capacity 2180K, committed 2304K, reserved 1048576K
Event: 625.217 GC heap after
Heap after GC invocations=179 (full 26):
 PSYoungGen      total 2384896K, used 103904K [0x0000000718c00000, 0x00000007be000000, 0x00000007c0000000)
  eden space 2093056K, 0% used [0x0000000718c00000,0x0000000718c00000,0x0000000798800000)
  from space 291840K, 35% used [0x0000000798800000,0x000000079ed78000,0x00000007aa500000)
  to   space 273920K, 0% used [0x00000007ad480000,0x00000007ad480000,0x00000007be000000)
 ParOldGen       total 3942912K, used 2899877K [0x00000005ca400000, 0x00000006bae80000, 0x0000000718c00000)
  object space 3942912K, 73% used [0x00000005ca400000,0x000000067b3e9640,0x00000006bae80000)
 Metaspace       used 20167K, capacity 20432K, committed 20736K, reserved 1067008K
  class space    used 2108K, capacity 2180K, committed 2304K, reserved 1048576K
}
Event: 627.769 GC heap before
{Heap before GC invocations=180 (full 26):
 PSYoungGen      total 2384896K, used 2196960K [0x0000000718c00000, 0x00000007be000000, 0x00000007c0000000)
  eden space 2093056K, 100% used [0x0000000718c00000,0x0000000798800000,0x0000000798800000)
  from space 291840K, 35% used [0x0000000798800000,0x000000079ed78000,0x00000007aa500000)
  to   space 273920K, 0% used [0x00000007ad480000,0x00000007ad480000,0x00000007be000000)
 ParOldGen       total 3942912K, used 2899877K [0x00000005ca400000, 0x00000006bae80000, 0x0000000718c00000)
  object space 3942912K, 73% used [0x00000005ca400000,0x000000067b3e9640,0x00000006bae80000)
 Metaspace       used 20167K, capacity 20432K, committed 20736K, reserved 1067008K
  class space    used 2108K, capacity 2180K, committed 2304K, reserved 1048576K
Event: 627.880 GC heap after
Heap after GC invocations=180 (full 26):
 PSYoungGen      total 2429440K, used 103552K [0x0000000718c00000, 0x00000007bcd80000, 0x00000007c0000000)
  eden space 2174464K, 0% used [0x0000000718c00000,0x0000000718c00000,0x000000079d780000)
  from space 254976K, 40% used [0x00000007ad480000,0x00000007b39a0000,0x00000007bcd80000)
  to   space 257024K, 0% used [0x000000079d780000,0x000000079d780000,0x00000007ad280000)
 ParOldGen       total 3942912K, used 3004141K [0x00000005ca400000, 0x00000006bae80000, 0x0000000718c00000)
  object space 3942912K, 76% used [0x00000005ca400000,0x00000006819bb640,0x00000006bae80000)
 Metaspace       used 20167K, capacity 20432K, committed 20736K, reserved 1067008K
  class space    used 2108K, capacity 2180K, committed 2304K, reserved 1048576K
}
Event: 630.574 GC heap before
{Heap before GC invocations=181 (full 26):
 PSYoungGen      total 2429440K, used 2278016K [0x0000000718c00000, 0x00000007bcd80000, 0x00000007c0000000)
  eden space 2174464K, 100% used [0x0000000718c00000,0x000000079d780000,0x000000079d780000)
  from space 254976K, 40% used [0x00000007ad480000,0x00000007b39a0000,0x00000007bcd80000)
  to   space 257024K, 0% used [0x000000079d780000,0x000000079d780000,0x00000007ad280000)
 ParOldGen       total 3942912K, used 3004141K [0x00000005ca400000, 0x00000006bae80000, 0x0000000718c00000)
  object space 3942912K, 76% used [0x00000005ca400000,0x00000006819bb640,0x00000006bae80000)
 Metaspace       used 20167K, capacity 20432K, committed 20736K, reserved 1067008K
  class space    used 2108K, capacity 2180K, committed 2304K, reserved 1048576K
Event: 630.681 GC heap after
Heap after GC invocations=181 (full 26):
 PSYoungGen      total 2431488K, used 108480K [0x0000000718c00000, 0x00000007be900000, 0x00000007c0000000)
  eden space 2174464K, 0% used [0x0000000718c00000,0x0000000718c00000,0x000000079d780000)
  from space 257024K, 42% used [0x000000079d780000,0x00000007a4170000,0x00000007ad280000)
  to   space 244224K, 0% used [0x00000007afa80000,0x00000007afa80000,0x00000007be900000)
 ParOldGen       total 3942912K, used 3108037K [0x00000005ca400000, 0x00000006bae80000, 0x0000000718c00000)
  object space 3942912K, 78% used [0x00000005ca400000,0x0000000687f31640,0x00000006bae80000)
 Metaspace       used 20167K, capacity 20432K, committed 20736K, reserved 1067008K
  class space    used 2108K, capacity 2180K, committed 2304K, reserved 1048576K
}
Event: 633.435 GC heap before
{Heap before GC invocations=182 (full 26):
 PSYoungGen      total 2431488K, used 2282944K [0x0000000718c00000, 0x00000007be900000, 0x00000007c0000000)
  eden space 2174464K, 100% used [0x0000000718c00000,0x000000079d780000,0x000000079d780000)
  from space 257024K, 42% used [0x000000079d780000,0x00000007a4170000,0x00000007ad280000)
  to   space 244224K, 0% used [0x00000007afa80000,0x00000007afa80000,0x00000007be900000)
 ParOldGen       total 3942912K, used 3108037K [0x00000005ca400000, 0x00000006bae80000, 0x0000000718c00000)
  object space 3942912K, 78% used [0x00000005ca400000,0x0000000687f31640,0x00000006bae80000)
 Metaspace       used 20167K, capacity 20432K, committed 20736K, reserved 1067008K
  class space    used 2108K, capacity 2180K, committed 2304K, reserved 1048576K
Event: 633.556 GC heap after
Heap after GC invocations=182 (full 26):
 PSYoungGen      total 2469376K, used 108160K [0x0000000718c00000, 0x00000007bdb80000, 0x00000007c0000000)
  eden space 2238976K, 0% used [0x0000000718c00000,0x0000000718c00000,0x00000007a1680000)
  from space 230400K, 46% used [0x00000007afa80000,0x00000007b6420000,0x00000007bdb80000)
  to   space 231936K, 0% used [0x00000007a1680000,0x00000007a1680000,0x00000007af900000)
 ParOldGen       total 3942912K, used 3216861K [0x00000005ca400000, 0x00000006bae80000, 0x0000000718c00000)
  object space 3942912K, 81% used [0x00000005ca400000,0x000000068e977640,0x00000006bae80000)
 Metaspace       used 20167K, capacity 20432K, committed 20736K, reserved 1067008K
  class space    used 2108K, capacity 2180K, committed 2304K, reserved 1048576K
}
Event: 636.339 GC heap before
{Heap before GC invocations=183 (full 26):
 PSYoungGen      total 2469376K, used 2347136K [0x0000000718c00000, 0x00000007bdb80000, 0x00000007c0000000)
  eden space 2238976K, 100% used [0x0000000718c00000,0x00000007a1680000,0x00000007a1680000)
  from space 230400K, 46% used [0x00000007afa80000,0x00000007b6420000,0x00000007bdb80000)
  to   space 231936K, 0% used [0x00000007a1680000,0x00000007a1680000,0x00000007af900000)
 ParOldGen       total 3942912K, used 3216861K [0x00000005ca400000, 0x00000006bae80000, 0x0000000718c00000)
  object space 3942912K, 81% used [0x00000005ca400000,0x000000068e977640,0x00000006bae80000)
 Metaspace       used 20167K, capacity 20432K, committed 20736K, reserved 1067008K
  class space    used 2108K, capacity 2180K, committed 2304K, reserved 1048576K
Event: 636.451 GC heap after
Heap after GC invocations=183 (full 26):
 PSYoungGen      total 2470912K, used 111264K [0x0000000718c00000, 0x00000007bee80000, 0x00000007c0000000)
  eden space 2238976K, 0% used [0x0000000718c00000,0x0000000718c00000,0x00000007a1680000)
  from space 231936K, 47% used [0x00000007a1680000,0x00000007a8328000,0x00000007af900000)
  to   space 222208K, 0% used [0x00000007b1580000,0x00000007b1580000,0x00000007bee80000)
 ParOldGen       total 3942912K, used 3325373K [0x00000005ca400000, 0x00000006bae80000, 0x0000000718c00000)
  object space 3942912K, 84% used [0x00000005ca400000,0x000000069536f640,0x00000006bae80000)
 Metaspace       used 20167K, capacity 20432K, committed 20736K, reserved 1067008K
  class space    used 2108K, capacity 2180K, committed 2304K, reserved 1048576K
}
Event: 639.239 GC heap before
{Heap before GC invocations=184 (full 26):
 PSYoungGen      total 2470912K, used 2350240K [0x0000000718c00000, 0x00000007bee80000, 0x00000007c0000000)
  eden space 2238976K, 100% used [0x0000000718c00000,0x00000007a1680000,0x00000007a1680000)
  from space 231936K, 47% used [0x00000007a1680000,0x00000007a8328000,0x00000007af900000)
  to   space 222208K, 0% used [0x00000007b1580000,0x00000007b1580000,0x00000007bee80000)
 ParOldGen       total 3942912K, used 3325373K [0x00000005ca400000, 0x00000006bae80000, 0x0000000718c00000)
  object space 3942912K, 84% used [0x00000005ca400000,0x000000069536f640,0x00000006bae80000)
 Metaspace       used 20167K, capacity 20432K, committed 20736K, reserved 1067008K
  class space    used 2108K, capacity 2180K, committed 2304K, reserved 1048576K
Event: 639.834 GC heap after
Heap after GC invocations=184 (full 26):
 PSYoungGen      total 2498048K, used 110944K [0x0000000718c00000, 0x00000007be480000, 0x00000007c0000000)
  eden space 2286080K, 0% used [0x0000000718c00000,0x0000000718c00000,0x00000007a4480000)
  from space 211968K, 52% used [0x00000007b1580000,0x00000007b81d8000,0x00000007be480000)
  to   space 212992K, 0% used [0x00000007a4480000,0x00000007a4480000,0x00000007b1480000)
 ParOldGen       total 3942912K, used 3436989K [0x00000005ca400000, 0x00000006bae80000, 0x0000000718c00000)
  object space 3942912K, 87% used [0x00000005ca400000,0x000000069c06f640,0x00000006bae80000)
 Metaspace       used 20167K, capacity 20432K, committed 20736K, reserved 1067008K
  class space    used 2108K, capacity 2180K, committed 2304K, reserved 1048576K
}
Event: 642.870 GC heap before
{Heap before GC invocations=185 (full 26):
 PSYoungGen      total 2498048K, used 2397024K [0x0000000718c00000, 0x00000007be480000, 0x00000007c0000000)
  eden space 2286080K, 100% used [0x0000000718c00000,0x00000007a4480000,0x00000007a4480000)
  from space 211968K, 52% used [0x00000007b1580000,0x00000007b81d8000,0x00000007be480000)
  to   space 212992K, 0% used [0x00000007a4480000,0x00000007a4480000,0x00000007b1480000)
 ParOldGen       total 3942912K, used 3436989K [0x00000005ca400000, 0x00000006bae80000, 0x0000000718c00000)
  object space 3942912K, 87% used [0x00000005ca400000,0x000000069c06f640,0x00000006bae80000)
 Metaspace       used 20167K, capacity 20432K, committed 20736K, reserved 1067008K
  class space    used 2108K, capacity 2180K, committed 2304K, reserved 1048576K
Event: 643.385 GC heap after
Heap after GC invocations=185 (full 26):
 PSYoungGen      total 2499072K, used 124448K [0x0000000718c00000, 0x00000007bfa00000, 0x00000007c0000000)
  eden space 2286080K, 0% used [0x0000000718c00000,0x0000000718c00000,0x00000007a4480000)
  from space 212992K, 58% used [0x00000007a4480000,0x00000007abe08010,0x00000007b1480000)
  to   space 209408K, 0% used [0x00000007b2d80000,0x00000007b2d80000,0x00000007bfa00000)
 ParOldGen       total 3942912K, used 3548341K [0x00000005ca400000, 0x00000006bae80000, 0x0000000718c00000)
  object space 3942912K, 89% used [0x00000005ca400000,0x00000006a2d2d640,0x00000006bae80000)
 Metaspace       used 20167K, capacity 20432K, committed 20736K, reserved 1067008K
  class space    used 2108K, capacity 2180K, committed 2304K, reserved 1048576K
}
Event: 646.621 GC heap before
{Heap before GC invocations=186 (full 26):
 PSYoungGen      total 2499072K, used 2410528K [0x0000000718c00000, 0x00000007bfa00000, 0x00000007c0000000)
  eden space 2286080K, 100% used [0x0000000718c00000,0x00000007a4480000,0x00000007a4480000)
  from space 212992K, 58% used [0x00000007a4480000,0x00000007abe08010,0x00000007b1480000)
  to   space 209408K, 0% used [0x00000007b2d80000,0x00000007b2d80000,0x00000007bfa00000)
 ParOldGen       total 3942912K, used 3548341K [0x00000005ca400000, 0x00000006bae80000, 0x0000000718c00000)
  object space 3942912K, 89% used [0x00000005ca400000,0x00000006a2d2d640,0x00000006bae80000)
 Metaspace       used 20167K, capacity 20432K, committed 20736K, reserved 1067008K
  class space    used 2108K, capacity 2180K, committed 2304K, reserved 1048576K
Event: 647.287 GC heap after
Heap after GC invocations=186 (full 26):
 PSYoungGen      total 2521600K, used 124384K [0x0000000718c00000, 0x00000007bf480000, 0x00000007c0000000)
  eden space 2317824K, 0% used [0x0000000718c00000,0x0000000718c00000,0x00000007a6380000)
  from space 203776K, 61% used [0x00000007b2d80000,0x00000007ba6f8000,0x00000007bf480000)
  to   space 205312K, 0% used [0x00000007a6380000,0x00000007a6380000,0x00000007b2c00000)
 ParOldGen       total 3942912K, used 3673051K [0x00000005ca400000, 0x00000006bae80000, 0x0000000718c00000)
  object space 3942912K, 93% used [0x00000005ca400000,0x00000006aa6f6d48,0x00000006bae80000)
 Metaspace       used 20167K, capacity 20432K, committed 20736K, reserved 1067008K
  class space    used 2108K, capacity 2180K, committed 2304K, reserved 1048576K
}
Event: 650.349 GC heap before
{Heap before GC invocations=187 (full 26):
 PSYoungGen      total 2521600K, used 2442208K [0x0000000718c00000, 0x00000007bf480000, 0x00000007c0000000)
  eden space 2317824K, 100% used [0x0000000718c00000,0x00000007a6380000,0x00000007a6380000)
  from space 203776K, 61% used [0x00000007b2d80000,0x00000007ba6f8000,0x00000007bf480000)
  to   space 205312K, 0% used [0x00000007a6380000,0x00000007a6380000,0x00000007b2c00000)
 ParOldGen       total 3942912K, used 3673051K [0x00000005ca400000, 0x00000006bae80000, 0x0000000718c00000)
  object space 3942912K, 93% used [0x00000005ca400000,0x00000006aa6f6d48,0x00000006bae80000)
 Metaspace       used 20167K, capacity 20432K, committed 20736K, reserved 1067008K
  class space    used 2108K, capacity 2180K, committed 2304K, reserved 1048576K
Event: 651.054 GC heap after
Heap after GC invocations=187 (full 26):
 PSYoungGen      total 2523136K, used 126430K [0x0000000718c00000, 0x00000007bfc80000, 0x00000007c0000000)
  eden space 2317824K, 0% used [0x0000000718c00000,0x0000000718c00000,0x00000007a6380000)
  from space 205312K, 61% used [0x00000007a6380000,0x00000007adef7b58,0x00000007b2c00000)
  to   space 202752K, 0% used [0x00000007b3680000,0x00000007b3680000,0x00000007bfc80000)
 ParOldGen       total 3942912K, used 3797829K [0x00000005ca400000, 0x00000006bae80000, 0x0000000718c00000)
  object space 3942912K, 96% used [0x00000005ca400000,0x00000006b20d1658,0x00000006bae80000)
 Metaspace       used 20167K, capacity 20432K, committed 20736K, reserved 1067008K
  class space    used 2108K, capacity 2180K, committed 2304K, reserved 1048576K
}
Event: 651.054 GC heap before
{Heap before GC invocations=188 (full 27):
 PSYoungGen      total 2523136K, used 126430K [0x0000000718c00000, 0x00000007bfc80000, 0x00000007c0000000)
  eden space 2317824K, 0% used [0x0000000718c00000,0x0000000718c00000,0x00000007a6380000)
  from space 205312K, 61% used [0x00000007a6380000,0x00000007adef7b58,0x00000007b2c00000)
  to   space 202752K, 0% used [0x00000007b3680000,0x00000007b3680000,0x00000007bfc80000)
 ParOldGen       total 3942912K, used 3797829K [0x00000005ca400000, 0x00000006bae80000, 0x0000000718c00000)
  object space 3942912K, 96% used [0x00000005ca400000,0x00000006b20d1658,0x00000006bae80000)
 Metaspace       used 20167K, capacity 20432K, committed 20736K, reserved 1067008K
  class space    used 2108K, capacity 2180K, committed 2304K, reserved 1048576K

